[  5%] Built target gtest
[ 12%] Built target controller_lib
[ 23%] Built target controller_codegenTest
[ 25%] [32mBuilding CXX object include/Command_Interpreter/CMakeFiles/PropulsionFunctions.dir/src/Command_Interpreter.cpp.o[0m
[ 30%] Built target gmock
[ 35%] Built target gtest_main
[ 41%] Built target controller_test
[ 46%] Built target gmock_main
[ 51%] [32mBuilding CXX object include/Command_Interpreter/CMakeFiles/propulsion_test.dir/src/Command_Interpreter.cpp.o[0m
[ 51%] [32mBuilding CXX object include/Command_Interpreter/CMakeFiles/propulsion_test.dir/testing/Command_Interpreter_Testing.cpp.o[0m
[ 53%] [32m[1mLinking CXX static library libPropulsionFunctions.a[0m
[ 58%] Built target PropulsionFunctions
[ 64%] [32mBuilding CXX object CMakeFiles/test_thrust_control_node.dir/tests/test_thrust_control_node.cpp.o[0m
[ 66%] [32mBuilding CXX object CMakeFiles/test_thrust_control_node.dir/src/thrust_control_supervisor.cpp.o[0m
[ 64%] [32mBuilding CXX object CMakeFiles/test_thrust_control_supervisor.dir/src/command_interpreter_pointer.cpp.o[0m
[ 69%] [32mBuilding CXX object CMakeFiles/thrust_control.dir/src/main.cpp.o[0m
[ 71%] [32mBuilding CXX object CMakeFiles/test_thrust_control_supervisor.dir/tests/test_thrust_control_supervisor.cpp.o[0m
[ 74%] [32mBuilding CXX object CMakeFiles/thrust_control.dir/src/thrust_control_node.cpp.o[0m
[ 76%] [32mBuilding CXX object CMakeFiles/test_thrust_control_supervisor.dir/src/thrust_control_supervisor.cpp.o[0m
[ 79%] [32mBuilding CXX object CMakeFiles/thrust_control.dir/src/thrust_control_supervisor.cpp.o[0m
[ 82%] [32mBuilding CXX object CMakeFiles/test_thrust_control_node.dir/src/command_interpreter_pointer.cpp.o[0m
[ 84%] [32mBuilding CXX object CMakeFiles/test_thrust_control_node.dir/src/thrust_control_node.cpp.o[0m
[ 87%] [32m[1mLinking CXX executable propulsion_test[0m
[ 92%] Built target propulsion_test
