-- Project setup complete
-- Run 'make' to build the project
-- Run 'ctest' to execute the tests
-- Found ament_cmake: 2.5.3 (/opt/ros/jazzy/share/ament_cmake/cmake)
-- Found rclcpp: 28.1.8 (/opt/ros/jazzy/share/rclcpp/cmake)
-- Found rosidl_generator_c: 4.6.5 (/opt/ros/jazzy/share/rosidl_generator_c/cmake)
-- Found rosidl_generator_cpp: 4.6.5 (/opt/ros/jazzy/share/rosidl_generator_cpp/cmake)
-- Using all available rosidl_typesupport_c: rosidl_typesupport_fastrtps_c;rosidl_typesupport_introspection_c
-- Using all available rosidl_typesupport_cpp: rosidl_typesupport_fastrtps_cpp;rosidl_typesupport_introspection_cpp
-- Found rmw_implementation_cmake: 7.3.2 (/opt/ros/jazzy/share/rmw_implementation_cmake/cmake)
-- Found rmw_fastrtps_cpp: 8.4.2 (/opt/ros/jazzy/share/rmw_fastrtps_cpp/cmake)
-- Using RMW implementation 'rmw_fastrtps_cpp' as default
-- Found std_msgs: 5.3.6 (/opt/ros/jazzy/share/std_msgs/cmake)
-- Found ament_lint_auto: 0.17.2 (/opt/ros/jazzy/share/ament_lint_auto/cmake)
-- Added test 'copyright' to check source files copyright and LICENSE
-- Added test 'cppcheck' to perform static code analysis on C / C++ code
-- Configured cppcheck include dirs: /home/zenyn/Thrust-Control/src
-- Configured cppcheck exclude dirs and/or files: 
-- Added test 'cpplint' to check C / C++ code against the Google style
-- Configured cpplint exclude dirs and/or files: 
-- Added test 'flake8' to check Python code syntax and style conventions
-- Configured 'flake8' exclude dirs and/or files: 
-- Added test 'lint_cmake' to check CMake code style
-- Added test 'pep257' to check Python code against some of the docstring style conventions in PEP 257
-- Added test 'uncrustify' to check C / C++ code style
-- Configured uncrustify additional arguments: 
-- Added test 'xmllint' to check XML markup files
-- Configuring done (0.8s)
-- Generating done (0.0s)
-- Build files have been written to: /home/zenyn/Thrust-Control/build/thrust_control
[  2%] [32mBuilding CXX object include/exported-PID-control/test/CMakeFiles/controller_lib.dir/__/src/controller_codegenTest_data.cpp.o[0m
[  5%] [32mBuilding CXX object include/exported-PID-control/test/CMakeFiles/controller_lib.dir/__/src/controller_codegenTest.cpp.o[0m
[  7%] [32mBuilding CXX object include/exported-PID-control/src/CMakeFiles/controller_codegenTest.dir/controller_codegenTest.cpp.o[0m
[ 10%] [32mBuilding CXX object include/Command_Interpreter/CMakeFiles/PropulsionFunctions.dir/src/Serial.cpp.o[0m
[ 20%] [32mBuilding CXX object include/exported-PID-control/src/CMakeFiles/controller_codegenTest.dir/controller_codegenTest_data.cpp.o[0m
[ 20%] [32mBuilding CXX object _deps/googletest-build/googletest/CMakeFiles/gtest.dir/src/gtest-all.cc.o[0m
[ 20%] [32mBuilding CXX object include/Command_Interpreter/CMakeFiles/PropulsionFunctions.dir/src/Command_Interpreter.cpp.o[0m
[ 23%] [32mBuilding CXX object include/exported-PID-control/src/CMakeFiles/controller_codegenTest.dir/ert_main.cpp.o[0m
[ 23%] [32mBuilding CXX object include/Command_Interpreter/CMakeFiles/PropulsionFunctions.dir/src/Wiring.cpp.o[0m
[ 25%] [32m[1mLinking CXX static library libcontroller_lib.a[0m
[ 25%] Built target controller_lib
[ 28%] [32m[1mLinking CXX executable ../../../controller_codegenTest[0m
[36m### Created executable: /home/zenyn/Thrust-Control/build/thrust_control/controller_codegenTest[0m
[ 28%] Built target controller_codegenTest
[ 30%] [32m[1mLinking CXX static library libPropulsionFunctions.a[0m
[ 30%] Built target PropulsionFunctions
[ 38%] [32mBuilding CXX object CMakeFiles/thrust_control.dir/src/thrust_control_node.cpp.o[0m
[ 38%] [32mBuilding CXX object CMakeFiles/thrust_control.dir/src/thrust_control_supervisor.cpp.o[0m
[ 38%] [32mBuilding CXX object CMakeFiles/thrust_control.dir/src/main.cpp.o[0m
[ 41%] [32m[1mLinking CXX static library ../../../lib/libgtest.a[0m
[ 41%] Built target gtest
