[ 25%] [32mBuilding CXX object CMakeFiles/thrust_control.dir/thrust_control_node.cpp.o[0m
[ 50%] [32mBuilding CXX object CMakeFiles/thrust_control.dir/main.cpp.o[0m
[ 75%] [32mBuilding CXX object CMakeFiles/thrust_control.dir/thrust_control_supervisor.cpp.o[0m
[01m[K/home/zenyn/Thrust-Control/thrust_control_supervisor.cpp:[m[K In member function ‘[01m[Kvoid thrust_control::ThrustControlSupervisor::[01;32m[Kfeed_forward_pwm[m[K(std::array<int, 8>)[m[K’:
[01m[K/home/zenyn/Thrust-Control/thrust_control_supervisor.cpp:38:67:[m[K [01;35m[Kwarning: [m[Kunused parameter ‘[01m[Kpwm[m[K’ [[01;35m[K]8;;https://gcc.gnu.org/onlinedocs/gcc/Warning-Options.html#index-Wunused-parameter-Wunused-parameter]8;;[m[K]
   38 | void ThrustControlSupervisor::feed_forward_pwm([01;35m[Kstd::array<int, 8> pwm[m[K)
      |                                                [01;35m[K~~~~~~~~~~~~~~~~~~~^~~[m[K
[01m[K/home/zenyn/Thrust-Control/thrust_control_supervisor.cpp:[m[K In member function ‘[01m[Kvoid thrust_control::ThrustControlSupervisor::[01;32m[Kpid_pwm[m[K(std::array<int, 8>)[m[K’:
[01m[K/home/zenyn/Thrust-Control/thrust_control_supervisor.cpp:43:58:[m[K [01;35m[Kwarning: [m[Kunused parameter ‘[01m[Kpwm[m[K’ [[01;35m[K]8;;https://gcc.gnu.org/onlinedocs/gcc/Warning-Options.html#index-Wunused-parameter-Wunused-parameter]8;;[m[K]
   43 | void ThrustControlSupervisor::pid_pwm([01;35m[Kstd::array<int, 8> pwm[m[K)
      |                                       [01;35m[K~~~~~~~~~~~~~~~~~~~^~~[m[K
[100%] [32m[1mLinking CXX executable thrust_control[0m
[100%] Built target thrust_control
-- Install configuration: ""
-- Installing: /home/zenyn/Thrust-Control/install/thrust_control/lib/thrust_control/thrust_control
-- Set non-toolchain portion of runtime path of "/home/zenyn/Thrust-Control/install/thrust_control/lib/thrust_control/thrust_control" to ""
-- Up-to-date: /home/zenyn/Thrust-Control/install/thrust_control/share/ament_index/resource_index/package_run_dependencies/thrust_control
-- Up-to-date: /home/zenyn/Thrust-Control/install/thrust_control/share/ament_index/resource_index/parent_prefix_path/thrust_control
-- Up-to-date: /home/zenyn/Thrust-Control/install/thrust_control/share/thrust_control/environment/ament_prefix_path.sh
-- Up-to-date: /home/zenyn/Thrust-Control/install/thrust_control/share/thrust_control/environment/ament_prefix_path.dsv
-- Up-to-date: /home/zenyn/Thrust-Control/install/thrust_control/share/thrust_control/environment/path.sh
-- Up-to-date: /home/zenyn/Thrust-Control/install/thrust_control/share/thrust_control/environment/path.dsv
-- Up-to-date: /home/zenyn/Thrust-Control/install/thrust_control/share/thrust_control/local_setup.bash
-- Up-to-date: /home/zenyn/Thrust-Control/install/thrust_control/share/thrust_control/local_setup.sh
-- Up-to-date: /home/zenyn/Thrust-Control/install/thrust_control/share/thrust_control/local_setup.zsh
-- Up-to-date: /home/zenyn/Thrust-Control/install/thrust_control/share/thrust_control/local_setup.dsv
-- Installing: /home/zenyn/Thrust-Control/install/thrust_control/share/thrust_control/package.dsv
-- Up-to-date: /home/zenyn/Thrust-Control/install/thrust_control/share/ament_index/resource_index/packages/thrust_control
-- Up-to-date: /home/zenyn/Thrust-Control/install/thrust_control/share/thrust_control/cmake/ament_cmake_export_include_directories-extras.cmake
-- Up-to-date: /home/zenyn/Thrust-Control/install/thrust_control/share/thrust_control/cmake/ament_cmake_export_dependencies-extras.cmake
-- Up-to-date: /home/zenyn/Thrust-Control/install/thrust_control/share/thrust_control/cmake/thrust_controlConfig.cmake
-- Up-to-date: /home/zenyn/Thrust-Control/install/thrust_control/share/thrust_control/cmake/thrust_controlConfig-version.cmake
-- Up-to-date: /home/zenyn/Thrust-Control/install/thrust_control/share/thrust_control/package.xml
