[0.010s] Invoking command in '/home/zenyn/Thrust-Control/build/thrust_control': CMAKE_PREFIX_PATH=${CMAKE_PREFIX_PATH}:/opt/ros/jazzy /usr/bin/cmake --build /home/zenyn/Thrust-Control/build/thrust_control -- -j12 -l12
[0.145s] -- Project setup complete
[0.145s] -- Run 'make' to build the project
[0.145s] -- Run 'ctest' to execute the tests
[0.145s] -- Found ament_cmake: 2.5.3 (/opt/ros/jazzy/share/ament_cmake/cmake)
[0.355s] -- Found rclcpp: 28.1.8 (/opt/ros/jazzy/share/rclcpp/cmake)
[0.375s] -- Found rosidl_generator_c: 4.6.5 (/opt/ros/jazzy/share/rosidl_generator_c/cmake)
[0.381s] -- Found rosidl_generator_cpp: 4.6.5 (/opt/ros/jazzy/share/rosidl_generator_cpp/cmake)
[0.389s] -- Using all available rosidl_typesupport_c: rosidl_typesupport_fastrtps_c;rosidl_typesupport_introspection_c
[0.399s] -- Using all available rosidl_typesupport_cpp: rosidl_typesupport_fastrtps_cpp;rosidl_typesupport_introspection_cpp
[0.443s] -- Found rmw_implementation_cmake: 7.3.2 (/opt/ros/jazzy/share/rmw_implementation_cmake/cmake)
[0.444s] -- Found rmw_fastrtps_cpp: 8.4.2 (/opt/ros/jazzy/share/rmw_fastrtps_cpp/cmake)
[0.516s] -- Using RMW implementation 'rmw_fastrtps_cpp' as default
[0.563s] -- Found std_msgs: 5.3.6 (/opt/ros/jazzy/share/std_msgs/cmake)
[0.573s] -- Found ament_lint_auto: 0.17.2 (/opt/ros/jazzy/share/ament_lint_auto/cmake)
[0.663s] -- Added test 'copyright' to check source files copyright and LICENSE
[0.734s] -- Added test 'cppcheck' to perform static code analysis on C / C++ code
[0.735s] -- Configured cppcheck include dirs: /home/zenyn/Thrust-Control/src;/home/zenyn/Thrust-Control/Command-Interpreter/lib;/home/zenyn/Thrust-Control/include
[0.735s] -- Configured cppcheck exclude dirs and/or files: 
[0.802s] -- Added test 'cpplint' to check C / C++ code against the Google style
[0.802s] -- Configured cpplint exclude dirs and/or files: 
[0.811s] -- Added test 'flake8' to check Python code syntax and style conventions
[0.812s] -- Configured 'flake8' exclude dirs and/or files: 
[0.830s] -- Added test 'lint_cmake' to check CMake code style
[0.840s] -- Added test 'pep257' to check Python code against some of the docstring style conventions in PEP 257
[0.911s] -- Added test 'uncrustify' to check C / C++ code style
[0.911s] -- Configured uncrustify additional arguments: 
[0.920s] -- Added test 'xmllint' to check XML markup files
[0.922s] -- Configuring done (0.9s)
[0.944s] -- Generating done (0.0s)
[0.951s] -- Build files have been written to: /home/zenyn/Thrust-Control/build/thrust_control
[0.986s] [  5%] Built target gtest
[0.987s] [ 15%] Built target controller_test_lib
[0.987s] [ 21%] Built target controller_lib
[0.996s] [ 31%] Built target PropulsionFunctions
[1.014s] [ 36%] Built target gtest_main
[1.014s] [ 42%] Built target controller_test
[1.018s] [ 47%] Built target gmock
[1.044s] [ 57%] Built target thrust_control
[1.054s] [ 71%] Built target test_thrust_control_node
[1.056s] [ 84%] Built target propulsion_test
[1.057s] [ 89%] Built target gmock_main
[1.067s] [100%] Built target test_thrust_control_supervisor
[1.076s] Invoked command in '/home/zenyn/Thrust-Control/build/thrust_control' returned '0': CMAKE_PREFIX_PATH=${CMAKE_PREFIX_PATH}:/opt/ros/jazzy /usr/bin/cmake --build /home/zenyn/Thrust-Control/build/thrust_control -- -j12 -l12
[1.083s] Invoking command in '/home/zenyn/Thrust-Control/build/thrust_control': CMAKE_PREFIX_PATH=${CMAKE_PREFIX_PATH}:/opt/ros/jazzy /usr/bin/cmake --install /home/zenyn/Thrust-Control/build/thrust_control
[1.092s] -- Install configuration: ""
[1.092s] -- Up-to-date: /home/zenyn/Thrust-Control/install/thrust_control/lib/thrust_control/thrust_control
[1.092s] -- Up-to-date: /home/zenyn/Thrust-Control/install/thrust_control/share/ament_index/resource_index/package_run_dependencies/thrust_control
[1.093s] -- Up-to-date: /home/zenyn/Thrust-Control/install/thrust_control/share/ament_index/resource_index/parent_prefix_path/thrust_control
[1.093s] -- Up-to-date: /home/zenyn/Thrust-Control/install/thrust_control/share/thrust_control/environment/ament_prefix_path.sh
[1.093s] -- Up-to-date: /home/zenyn/Thrust-Control/install/thrust_control/share/thrust_control/environment/ament_prefix_path.dsv
[1.093s] -- Up-to-date: /home/zenyn/Thrust-Control/install/thrust_control/share/thrust_control/environment/path.sh
[1.093s] -- Up-to-date: /home/zenyn/Thrust-Control/install/thrust_control/share/thrust_control/environment/path.dsv
[1.093s] -- Up-to-date: /home/zenyn/Thrust-Control/install/thrust_control/share/thrust_control/local_setup.bash
[1.093s] -- Up-to-date: /home/zenyn/Thrust-Control/install/thrust_control/share/thrust_control/local_setup.sh
[1.094s] -- Up-to-date: /home/zenyn/Thrust-Control/install/thrust_control/share/thrust_control/local_setup.zsh
[1.094s] -- Up-to-date: /home/zenyn/Thrust-Control/install/thrust_control/share/thrust_control/local_setup.dsv
[1.094s] -- Installing: /home/zenyn/Thrust-Control/install/thrust_control/share/thrust_control/package.dsv
[1.094s] -- Up-to-date: /home/zenyn/Thrust-Control/install/thrust_control/share/ament_index/resource_index/packages/thrust_control
[1.094s] -- Up-to-date: /home/zenyn/Thrust-Control/install/thrust_control/share/thrust_control/cmake/ament_cmake_export_include_directories-extras.cmake
[1.094s] -- Up-to-date: /home/zenyn/Thrust-Control/install/thrust_control/share/thrust_control/cmake/ament_cmake_export_dependencies-extras.cmake
[1.094s] -- Up-to-date: /home/zenyn/Thrust-Control/install/thrust_control/share/thrust_control/cmake/thrust_controlConfig.cmake
[1.094s] -- Up-to-date: /home/zenyn/Thrust-Control/install/thrust_control/share/thrust_control/cmake/thrust_controlConfig-version.cmake
[1.094s] -- Up-to-date: /home/zenyn/Thrust-Control/install/thrust_control/share/thrust_control/package.xml
[1.095s] -- Up-to-date: /home/zenyn/Thrust-Control/install/thrust_control/include
[1.095s] -- Up-to-date: /home/zenyn/Thrust-Control/install/thrust_control/include/gmock
[1.095s] -- Up-to-date: /home/zenyn/Thrust-Control/install/thrust_control/include/gmock/gmock-spec-builders.h
[1.095s] -- Up-to-date: /home/zenyn/Thrust-Control/install/thrust_control/include/gmock/gmock-matchers.h
[1.095s] -- Up-to-date: /home/zenyn/Thrust-Control/install/thrust_control/include/gmock/gmock.h
[1.095s] -- Up-to-date: /home/zenyn/Thrust-Control/install/thrust_control/include/gmock/gmock-nice-strict.h
[1.095s] -- Up-to-date: /home/zenyn/Thrust-Control/install/thrust_control/include/gmock/gmock-more-actions.h
[1.095s] -- Up-to-date: /home/zenyn/Thrust-Control/install/thrust_control/include/gmock/gmock-actions.h
[1.096s] -- Up-to-date: /home/zenyn/Thrust-Control/install/thrust_control/include/gmock/gmock-cardinalities.h
[1.096s] -- Up-to-date: /home/zenyn/Thrust-Control/install/thrust_control/include/gmock/internal
[1.096s] -- Up-to-date: /home/zenyn/Thrust-Control/install/thrust_control/include/gmock/internal/gmock-pp.h
[1.096s] -- Up-to-date: /home/zenyn/Thrust-Control/install/thrust_control/include/gmock/internal/gmock-port.h
[1.097s] -- Up-to-date: /home/zenyn/Thrust-Control/install/thrust_control/include/gmock/internal/gmock-internal-utils.h
[1.097s] -- Up-to-date: /home/zenyn/Thrust-Control/install/thrust_control/include/gmock/internal/custom
[1.097s] -- Up-to-date: /home/zenyn/Thrust-Control/install/thrust_control/include/gmock/internal/custom/gmock-matchers.h
[1.097s] -- Up-to-date: /home/zenyn/Thrust-Control/install/thrust_control/include/gmock/internal/custom/gmock-port.h
[1.097s] -- Up-to-date: /home/zenyn/Thrust-Control/install/thrust_control/include/gmock/internal/custom/README.md
[1.097s] -- Up-to-date: /home/zenyn/Thrust-Control/install/thrust_control/include/gmock/internal/custom/gmock-generated-actions.h
[1.098s] -- Up-to-date: /home/zenyn/Thrust-Control/install/thrust_control/include/gmock/gmock-more-matchers.h
[1.098s] -- Up-to-date: /home/zenyn/Thrust-Control/install/thrust_control/include/gmock/gmock-function-mocker.h
[1.098s] -- Up-to-date: /home/zenyn/Thrust-Control/install/thrust_control/lib/libgmock.a
[1.098s] -- Up-to-date: /home/zenyn/Thrust-Control/install/thrust_control/lib/libgmock_main.a
[1.098s] -- Up-to-date: /home/zenyn/Thrust-Control/install/thrust_control/lib/pkgconfig/gmock.pc
[1.099s] -- Up-to-date: /home/zenyn/Thrust-Control/install/thrust_control/lib/pkgconfig/gmock_main.pc
[1.099s] -- Up-to-date: /home/zenyn/Thrust-Control/install/thrust_control/lib/cmake/GTest/GTestTargets.cmake
[1.099s] -- Up-to-date: /home/zenyn/Thrust-Control/install/thrust_control/lib/cmake/GTest/GTestTargets-noconfig.cmake
[1.100s] -- Up-to-date: /home/zenyn/Thrust-Control/install/thrust_control/lib/cmake/GTest/GTestConfigVersion.cmake
[1.100s] -- Up-to-date: /home/zenyn/Thrust-Control/install/thrust_control/lib/cmake/GTest/GTestConfig.cmake
[1.100s] -- Up-to-date: /home/zenyn/Thrust-Control/install/thrust_control/include
[1.100s] -- Up-to-date: /home/zenyn/Thrust-Control/install/thrust_control/include/gtest
[1.100s] -- Up-to-date: /home/zenyn/Thrust-Control/install/thrust_control/include/gtest/gtest-printers.h
[1.100s] -- Up-to-date: /home/zenyn/Thrust-Control/install/thrust_control/include/gtest/gtest-typed-test.h
[1.100s] -- Up-to-date: /home/zenyn/Thrust-Control/install/thrust_control/include/gtest/gtest.h
[1.101s] -- Up-to-date: /home/zenyn/Thrust-Control/install/thrust_control/include/gtest/gtest-param-test.h
[1.101s] -- Up-to-date: /home/zenyn/Thrust-Control/install/thrust_control/include/gtest/gtest-death-test.h
[1.101s] -- Up-to-date: /home/zenyn/Thrust-Control/install/thrust_control/include/gtest/gtest_prod.h
[1.101s] -- Up-to-date: /home/zenyn/Thrust-Control/install/thrust_control/include/gtest/gtest-test-part.h
[1.102s] -- Up-to-date: /home/zenyn/Thrust-Control/install/thrust_control/include/gtest/gtest_pred_impl.h
[1.102s] -- Up-to-date: /home/zenyn/Thrust-Control/install/thrust_control/include/gtest/gtest-matchers.h
[1.102s] -- Up-to-date: /home/zenyn/Thrust-Control/install/thrust_control/include/gtest/gtest-spi.h
[1.102s] -- Up-to-date: /home/zenyn/Thrust-Control/install/thrust_control/include/gtest/gtest-assertion-result.h
[1.103s] -- Up-to-date: /home/zenyn/Thrust-Control/install/thrust_control/include/gtest/internal
[1.104s] -- Up-to-date: /home/zenyn/Thrust-Control/install/thrust_control/include/gtest/internal/gtest-port-arch.h
[1.104s] -- Up-to-date: /home/zenyn/Thrust-Control/install/thrust_control/include/gtest/internal/gtest-port.h
[1.104s] -- Up-to-date: /home/zenyn/Thrust-Control/install/thrust_control/include/gtest/internal/gtest-filepath.h
[1.105s] -- Up-to-date: /home/zenyn/Thrust-Control/install/thrust_control/include/gtest/internal/gtest-type-util.h
[1.105s] -- Up-to-date: /home/zenyn/Thrust-Control/install/thrust_control/include/gtest/internal/gtest-death-test-internal.h
[1.105s] -- Up-to-date: /home/zenyn/Thrust-Control/install/thrust_control/include/gtest/internal/gtest-string.h
[1.106s] -- Up-to-date: /home/zenyn/Thrust-Control/install/thrust_control/include/gtest/internal/gtest-param-util.h
[1.106s] -- Up-to-date: /home/zenyn/Thrust-Control/install/thrust_control/include/gtest/internal/gtest-internal.h
[1.106s] -- Up-to-date: /home/zenyn/Thrust-Control/install/thrust_control/include/gtest/internal/custom
[1.106s] -- Up-to-date: /home/zenyn/Thrust-Control/install/thrust_control/include/gtest/internal/custom/gtest-printers.h
[1.107s] -- Up-to-date: /home/zenyn/Thrust-Control/install/thrust_control/include/gtest/internal/custom/gtest.h
[1.107s] -- Up-to-date: /home/zenyn/Thrust-Control/install/thrust_control/include/gtest/internal/custom/gtest-port.h
[1.107s] -- Up-to-date: /home/zenyn/Thrust-Control/install/thrust_control/include/gtest/internal/custom/README.md
[1.107s] -- Up-to-date: /home/zenyn/Thrust-Control/install/thrust_control/include/gtest/gtest-message.h
[1.107s] -- Up-to-date: /home/zenyn/Thrust-Control/install/thrust_control/lib/libgtest.a
[1.108s] -- Up-to-date: /home/zenyn/Thrust-Control/install/thrust_control/lib/libgtest_main.a
[1.108s] -- Up-to-date: /home/zenyn/Thrust-Control/install/thrust_control/lib/pkgconfig/gtest.pc
[1.108s] -- Up-to-date: /home/zenyn/Thrust-Control/install/thrust_control/lib/pkgconfig/gtest_main.pc
[1.108s] Invoked command in '/home/zenyn/Thrust-Control/build/thrust_control' returned '0': CMAKE_PREFIX_PATH=${CMAKE_PREFIX_PATH}:/opt/ros/jazzy /usr/bin/cmake --install /home/zenyn/Thrust-Control/build/thrust_control
