-- The C compiler identification is GNU 13.3.0
-- The CXX compiler identification is GNU 13.3.0
-- Detecting C compiler ABI info
-- Detecting C compiler ABI info - done
-- Check for working C compiler: /usr/bin/cc - skipped
-- Detecting C compile features
-- Detecting C compile features - done
-- Detecting CXX compiler ABI info
-- Detecting CXX compiler ABI info - done
-- Check for working CXX compiler: /usr/bin/c++ - skipped
-- Detecting CXX compile features
-- Detecting CXX compile features - done
-- Found ament_cmake: 2.5.3 (/opt/ros/jazzy/share/ament_cmake/cmake)
-- Found Python3: /usr/bin/python3 (found version "3.12.3") found components: Interpreter 
-- Found rclcpp: 28.1.8 (/opt/ros/jazzy/share/rclcpp/cmake)
-- Found rosidl_generator_c: 4.6.5 (/opt/ros/jazzy/share/rosidl_generator_c/cmake)
-- Found rosidl_generator_cpp: 4.6.5 (/opt/ros/jazzy/share/rosidl_generator_cpp/cmake)
-- Using all available rosidl_typesupport_c: rosidl_typesupport_fastrtps_c;rosidl_typesupport_introspection_c
-- Using all available rosidl_typesupport_cpp: rosidl_typesupport_fastrtps_cpp;rosidl_typesupport_introspection_cpp
-- Found rmw_implementation_cmake: 7.3.2 (/opt/ros/jazzy/share/rmw_implementation_cmake/cmake)
-- Found rmw_fastrtps_cpp: 8.4.2 (/opt/ros/jazzy/share/rmw_fastrtps_cpp/cmake)
-- Found OpenSSL: /usr/lib/aarch64-linux-gnu/libcrypto.so (found version "3.0.13")  
-- Found FastRTPS: /opt/ros/jazzy/include (Required is at least version "2.13") 
-- Using RMW implementation 'rmw_fastrtps_cpp' as default
-- Found std_msgs: 5.3.6 (/opt/ros/jazzy/share/std_msgs/cmake)
-- Found ament_lint_auto: 0.17.2 (/opt/ros/jazzy/share/ament_lint_auto/cmake)
-- Added test 'copyright' to check source files copyright and LICENSE
-- Added test 'cppcheck' to perform static code analysis on C / C++ code
-- Configured cppcheck include dirs: /home/propulsion/Thrust_Control_Clone/Thrust-Control/include
-- Configured cppcheck exclude dirs and/or files: 
-- Added test 'cpplint' to check C / C++ code against the Google style
-- Configured cpplint exclude dirs and/or files: 
-- Added test 'flake8' to check Python code syntax and style conventions
-- Configured 'flake8' exclude dirs and/or files: 
-- Added test 'lint_cmake' to check CMake code style
-- Added test 'pep257' to check Python code against some of the docstring style conventions in PEP 257
-- Added test 'uncrustify' to check C / C++ code style
-- Configured uncrustify additional arguments: 
-- Added test 'xmllint' to check XML markup files
-- Configuring done (1.7s)
-- Generating done (0.0s)
-- Build files have been written to: /home/propulsion/Thrust_Control_Clone/Thrust-Control/build/thrust_control
[ 50%] [32mBuilding CXX object CMakeFiles/thrust_control.dir/src/thrust_control_node.cpp.o[0m
[100%] [32m[1mLinking CXX executable thrust_control[0m
[100%] Built target thrust_control
-- Install configuration: ""
-- Installing: /home/propulsion/Thrust_Control_Clone/Thrust-Control/install/thrust_control/lib/thrust_control/thrust_control
-- Set non-toolchain portion of runtime path of "/home/propulsion/Thrust_Control_Clone/Thrust-Control/install/thrust_control/lib/thrust_control/thrust_control" to ""
-- Installing: /home/propulsion/Thrust_Control_Clone/Thrust-Control/install/thrust_control/include
-- Installing: /home/propulsion/Thrust_Control_Clone/Thrust-Control/install/thrust_control/include/log
-- Installing: /home/propulsion/Thrust_Control_Clone/Thrust-Control/install/thrust_control/include/log/build_2025-05-09_17-30-57
-- Installing: /home/propulsion/Thrust_Control_Clone/Thrust-Control/install/thrust_control/include/log/build_2025-05-09_17-30-57/logger_all.log
-- Installing: /home/propulsion/Thrust_Control_Clone/Thrust-Control/install/thrust_control/include/log/build_2025-05-09_17-30-57/events.log
-- Installing: /home/propulsion/Thrust_Control_Clone/Thrust-Control/install/thrust_control/include/log/latest
-- Installing: /home/propulsion/Thrust_Control_Clone/Thrust-Control/install/thrust_control/include/log/COLCON_IGNORE
-- Installing: /home/propulsion/Thrust_Control_Clone/Thrust-Control/install/thrust_control/include/log/latest_build
-- Installing: /home/propulsion/Thrust_Control_Clone/Thrust-Control/install/thrust_control/include/log/build_2025-05-09_18-05-17
-- Installing: /home/propulsion/Thrust_Control_Clone/Thrust-Control/install/thrust_control/include/log/build_2025-05-09_18-05-17/logger_all.log
-- Installing: /home/propulsion/Thrust_Control_Clone/Thrust-Control/install/thrust_control/include/log/build_2025-05-09_18-05-17/events.log
-- Installing: /home/propulsion/Thrust_Control_Clone/Thrust-Control/install/thrust_control/include/install
-- Installing: /home/propulsion/Thrust_Control_Clone/Thrust-Control/install/thrust_control/include/install/setup.ps1
-- Installing: /home/propulsion/Thrust_Control_Clone/Thrust-Control/install/thrust_control/include/install/local_setup.sh
-- Installing: /home/propulsion/Thrust_Control_Clone/Thrust-Control/install/thrust_control/include/install/_local_setup_util_sh.py
-- Installing: /home/propulsion/Thrust_Control_Clone/Thrust-Control/install/thrust_control/include/install/setup.bash
-- Installing: /home/propulsion/Thrust_Control_Clone/Thrust-Control/install/thrust_control/include/install/setup.zsh
-- Installing: /home/propulsion/Thrust_Control_Clone/Thrust-Control/install/thrust_control/include/install/local_setup.zsh
-- Installing: /home/propulsion/Thrust_Control_Clone/Thrust-Control/install/thrust_control/include/install/local_setup.bash
-- Installing: /home/propulsion/Thrust_Control_Clone/Thrust-Control/install/thrust_control/include/install/COLCON_IGNORE
-- Installing: /home/propulsion/Thrust_Control_Clone/Thrust-Control/install/thrust_control/include/install/_local_setup_util_ps1.py
-- Installing: /home/propulsion/Thrust_Control_Clone/Thrust-Control/install/thrust_control/include/install/local_setup.ps1
-- Installing: /home/propulsion/Thrust_Control_Clone/Thrust-Control/install/thrust_control/include/install/.colcon_install_layout
-- Installing: /home/propulsion/Thrust_Control_Clone/Thrust-Control/install/thrust_control/include/install/setup.sh
-- Installing: /home/propulsion/Thrust_Control_Clone/Thrust-Control/install/thrust_control/include/thrust_control
-- Installing: /home/propulsion/Thrust_Control_Clone/Thrust-Control/install/thrust_control/include/thrust_control/thrust_control_supervisor.hpp
-- Installing: /home/propulsion/Thrust_Control_Clone/Thrust-Control/install/thrust_control/include/thrust_control/thrust_control_node.hpp
-- Installing: /home/propulsion/Thrust_Control_Clone/Thrust-Control/install/thrust_control/include/build
-- Installing: /home/propulsion/Thrust_Control_Clone/Thrust-Control/install/thrust_control/include/build/.built_by
-- Installing: /home/propulsion/Thrust_Control_Clone/Thrust-Control/install/thrust_control/include/build/COLCON_IGNORE
-- Installing: /home/propulsion/Thrust_Control_Clone/Thrust-Control/install/thrust_control/share/ament_index/resource_index/package_run_dependencies/thrust_control
-- Installing: /home/propulsion/Thrust_Control_Clone/Thrust-Control/install/thrust_control/share/ament_index/resource_index/parent_prefix_path/thrust_control
-- Installing: /home/propulsion/Thrust_Control_Clone/Thrust-Control/install/thrust_control/share/thrust_control/environment/ament_prefix_path.sh
-- Installing: /home/propulsion/Thrust_Control_Clone/Thrust-Control/install/thrust_control/share/thrust_control/environment/ament_prefix_path.dsv
-- Installing: /home/propulsion/Thrust_Control_Clone/Thrust-Control/install/thrust_control/share/thrust_control/environment/path.sh
-- Installing: /home/propulsion/Thrust_Control_Clone/Thrust-Control/install/thrust_control/share/thrust_control/environment/path.dsv
-- Installing: /home/propulsion/Thrust_Control_Clone/Thrust-Control/install/thrust_control/share/thrust_control/local_setup.bash
-- Installing: /home/propulsion/Thrust_Control_Clone/Thrust-Control/install/thrust_control/share/thrust_control/local_setup.sh
-- Installing: /home/propulsion/Thrust_Control_Clone/Thrust-Control/install/thrust_control/share/thrust_control/local_setup.zsh
-- Installing: /home/propulsion/Thrust_Control_Clone/Thrust-Control/install/thrust_control/share/thrust_control/local_setup.dsv
-- Installing: /home/propulsion/Thrust_Control_Clone/Thrust-Control/install/thrust_control/share/thrust_control/package.dsv
-- Installing: /home/propulsion/Thrust_Control_Clone/Thrust-Control/install/thrust_control/share/ament_index/resource_index/packages/thrust_control
-- Installing: /home/propulsion/Thrust_Control_Clone/Thrust-Control/install/thrust_control/share/thrust_control/cmake/ament_cmake_export_include_directories-extras.cmake
-- Installing: /home/propulsion/Thrust_Control_Clone/Thrust-Control/install/thrust_control/share/thrust_control/cmake/ament_cmake_export_dependencies-extras.cmake
-- Installing: /home/propulsion/Thrust_Control_Clone/Thrust-Control/install/thrust_control/share/thrust_control/cmake/thrust_controlConfig.cmake
-- Installing: /home/propulsion/Thrust_Control_Clone/Thrust-Control/install/thrust_control/share/thrust_control/cmake/thrust_controlConfig-version.cmake
-- Installing: /home/propulsion/Thrust_Control_Clone/Thrust-Control/install/thrust_control/share/thrust_control/package.xml
