[0.012s] Invoking command in '/home/propulsion/Thrust_Control_Clone/Thrust-Control/build/thrust_control': CMAKE_PREFIX_PATH=${CMAKE_PREFIX_PATH}:/opt/ros/jazzy DEBUGINFOD_URLS=https://debuginfod.ubuntu.com /usr/bin/cmake /home/propulsion/Thrust_Control_Clone/Thrust-Control -DCMAKE_INSTALL_PREFIX=/home/propulsion/Thrust_Control_Clone/Thrust-Control/install/thrust_control
[0.111s] -- The C compiler identification is GNU 13.3.0
[0.211s] -- The CXX compiler identification is GNU 13.3.0
[0.237s] -- Detecting C compiler ABI info
[0.395s] -- Detecting C compiler ABI info - done
[0.411s] -- Check for working C compiler: /usr/bin/cc - skipped
[0.411s] -- Detecting C compile features
[0.412s] -- Detecting C compile features - done
[0.426s] -- Detecting CXX compiler ABI info
[0.599s] -- Detecting CXX compiler ABI info - done
[0.615s] -- Check for working CXX compiler: /usr/bin/c++ - skipped
[0.616s] -- Detecting CXX compile features
[0.617s] -- Detecting CXX compile features - done
[0.620s] -- Found ament_cmake: 2.5.3 (/opt/ros/jazzy/share/ament_cmake/cmake)
[0.845s] -- Found Python3: /usr/bin/python3 (found version "3.12.3") found components: Interpreter 
[1.001s] -- Found rclcpp: 28.1.8 (/opt/ros/jazzy/share/rclcpp/cmake)
[1.051s] -- Found rosidl_generator_c: 4.6.5 (/opt/ros/jazzy/share/rosidl_generator_c/cmake)
[1.070s] -- Found rosidl_generator_cpp: 4.6.5 (/opt/ros/jazzy/share/rosidl_generator_cpp/cmake)
[1.091s] -- Using all available rosidl_typesupport_c: rosidl_typesupport_fastrtps_c;rosidl_typesupport_introspection_c
[1.116s] -- Using all available rosidl_typesupport_cpp: rosidl_typesupport_fastrtps_cpp;rosidl_typesupport_introspection_cpp
[1.216s] -- Found rmw_implementation_cmake: 7.3.2 (/opt/ros/jazzy/share/rmw_implementation_cmake/cmake)
[1.219s] -- Found rmw_fastrtps_cpp: 8.4.2 (/opt/ros/jazzy/share/rmw_fastrtps_cpp/cmake)
[1.343s] -- Found OpenSSL: /usr/lib/aarch64-linux-gnu/libcrypto.so (found version "3.0.13")  
[1.371s] -- Found FastRTPS: /opt/ros/jazzy/include (Required is at least version "2.13") 
[1.408s] -- Using RMW implementation 'rmw_fastrtps_cpp' as default
[1.502s] -- Found std_msgs: 5.3.6 (/opt/ros/jazzy/share/std_msgs/cmake)
[1.523s] -- Found ament_lint_auto: 0.17.2 (/opt/ros/jazzy/share/ament_lint_auto/cmake)
[1.701s] -- Added test 'copyright' to check source files copyright and LICENSE
[1.714s] -- Added test 'cppcheck' to perform static code analysis on C / C++ code
[1.714s] -- Configured cppcheck include dirs: /home/propulsion/Thrust_Control_Clone/Thrust-Control/include
[1.714s] -- Configured cppcheck exclude dirs and/or files: 
[1.726s] -- Added test 'cpplint' to check C / C++ code against the Google style
[1.726s] -- Configured cpplint exclude dirs and/or files: 
[1.729s] -- Added test 'flake8' to check Python code syntax and style conventions
[1.729s] -- Configured 'flake8' exclude dirs and/or files: 
[1.732s] -- Added test 'lint_cmake' to check CMake code style
[1.734s] -- Added test 'pep257' to check Python code against some of the docstring style conventions in PEP 257
[1.747s] -- Added test 'uncrustify' to check C / C++ code style
[1.747s] -- Configured uncrustify additional arguments: 
[1.749s] -- Added test 'xmllint' to check XML markup files
[1.752s] -- Configuring done (1.7s)
[1.767s] -- Generating done (0.0s)
[1.773s] -- Build files have been written to: /home/propulsion/Thrust_Control_Clone/Thrust-Control/build/thrust_control
[1.791s] Invoked command in '/home/propulsion/Thrust_Control_Clone/Thrust-Control/build/thrust_control' returned '0': CMAKE_PREFIX_PATH=${CMAKE_PREFIX_PATH}:/opt/ros/jazzy DEBUGINFOD_URLS=https://debuginfod.ubuntu.com /usr/bin/cmake /home/propulsion/Thrust_Control_Clone/Thrust-Control -DCMAKE_INSTALL_PREFIX=/home/propulsion/Thrust_Control_Clone/Thrust-Control/install/thrust_control
[1.793s] Invoking command in '/home/propulsion/Thrust_Control_Clone/Thrust-Control/build/thrust_control': CMAKE_PREFIX_PATH=${CMAKE_PREFIX_PATH}:/opt/ros/jazzy DEBUGINFOD_URLS=https://debuginfod.ubuntu.com /usr/bin/cmake --build /home/propulsion/Thrust_Control_Clone/Thrust-Control/build/thrust_control -- -j4 -l4
[1.882s] [ 50%] [32mBuilding CXX object CMakeFiles/thrust_control.dir/src/thrust_control_node.cpp.o[0m
[12.717s] [100%] [32m[1mLinking CXX executable thrust_control[0m
[13.390s] [100%] Built target thrust_control
[13.410s] Invoked command in '/home/propulsion/Thrust_Control_Clone/Thrust-Control/build/thrust_control' returned '0': CMAKE_PREFIX_PATH=${CMAKE_PREFIX_PATH}:/opt/ros/jazzy DEBUGINFOD_URLS=https://debuginfod.ubuntu.com /usr/bin/cmake --build /home/propulsion/Thrust_Control_Clone/Thrust-Control/build/thrust_control -- -j4 -l4
[13.427s] Invoking command in '/home/propulsion/Thrust_Control_Clone/Thrust-Control/build/thrust_control': CMAKE_PREFIX_PATH=${CMAKE_PREFIX_PATH}:/opt/ros/jazzy DEBUGINFOD_URLS=https://debuginfod.ubuntu.com /usr/bin/cmake --install /home/propulsion/Thrust_Control_Clone/Thrust-Control/build/thrust_control
[13.442s] -- Install configuration: ""
[13.442s] -- Installing: /home/propulsion/Thrust_Control_Clone/Thrust-Control/install/thrust_control/lib/thrust_control/thrust_control
[13.450s] -- Set non-toolchain portion of runtime path of "/home/propulsion/Thrust_Control_Clone/Thrust-Control/install/thrust_control/lib/thrust_control/thrust_control" to ""
[13.450s] -- Installing: /home/propulsion/Thrust_Control_Clone/Thrust-Control/install/thrust_control/include
[13.450s] -- Installing: /home/propulsion/Thrust_Control_Clone/Thrust-Control/install/thrust_control/include/log
[13.450s] -- Installing: /home/propulsion/Thrust_Control_Clone/Thrust-Control/install/thrust_control/include/log/build_2025-05-09_17-30-57
[13.450s] -- Installing: /home/propulsion/Thrust_Control_Clone/Thrust-Control/install/thrust_control/include/log/build_2025-05-09_17-30-57/logger_all.log
[13.451s] -- Installing: /home/propulsion/Thrust_Control_Clone/Thrust-Control/install/thrust_control/include/log/build_2025-05-09_17-30-57/events.log
[13.451s] -- Installing: /home/propulsion/Thrust_Control_Clone/Thrust-Control/install/thrust_control/include/log/latest
[13.451s] -- Installing: /home/propulsion/Thrust_Control_Clone/Thrust-Control/install/thrust_control/include/log/COLCON_IGNORE
[13.451s] -- Installing: /home/propulsion/Thrust_Control_Clone/Thrust-Control/install/thrust_control/include/log/latest_build
[13.451s] -- Installing: /home/propulsion/Thrust_Control_Clone/Thrust-Control/install/thrust_control/include/log/build_2025-05-09_18-05-17
[13.451s] -- Installing: /home/propulsion/Thrust_Control_Clone/Thrust-Control/install/thrust_control/include/log/build_2025-05-09_18-05-17/logger_all.log
[13.451s] -- Installing: /home/propulsion/Thrust_Control_Clone/Thrust-Control/install/thrust_control/include/log/build_2025-05-09_18-05-17/events.log
[13.451s] -- Installing: /home/propulsion/Thrust_Control_Clone/Thrust-Control/install/thrust_control/include/install
[13.451s] -- Installing: /home/propulsion/Thrust_Control_Clone/Thrust-Control/install/thrust_control/include/install/setup.ps1
[13.452s] -- Installing: /home/propulsion/Thrust_Control_Clone/Thrust-Control/install/thrust_control/include/install/local_setup.sh
[13.452s] -- Installing: /home/propulsion/Thrust_Control_Clone/Thrust-Control/install/thrust_control/include/install/_local_setup_util_sh.py
[13.452s] -- Installing: /home/propulsion/Thrust_Control_Clone/Thrust-Control/install/thrust_control/include/install/setup.bash
[13.452s] -- Installing: /home/propulsion/Thrust_Control_Clone/Thrust-Control/install/thrust_control/include/install/setup.zsh
[13.452s] -- Installing: /home/propulsion/Thrust_Control_Clone/Thrust-Control/install/thrust_control/include/install/local_setup.zsh
[13.452s] -- Installing: /home/propulsion/Thrust_Control_Clone/Thrust-Control/install/thrust_control/include/install/local_setup.bash
[13.452s] -- Installing: /home/propulsion/Thrust_Control_Clone/Thrust-Control/install/thrust_control/include/install/COLCON_IGNORE
[13.452s] -- Installing: /home/propulsion/Thrust_Control_Clone/Thrust-Control/install/thrust_control/include/install/_local_setup_util_ps1.py
[13.452s] -- Installing: /home/propulsion/Thrust_Control_Clone/Thrust-Control/install/thrust_control/include/install/local_setup.ps1
[13.453s] -- Installing: /home/propulsion/Thrust_Control_Clone/Thrust-Control/install/thrust_control/include/install/.colcon_install_layout
[13.453s] -- Installing: /home/propulsion/Thrust_Control_Clone/Thrust-Control/install/thrust_control/include/install/setup.sh
[13.453s] -- Installing: /home/propulsion/Thrust_Control_Clone/Thrust-Control/install/thrust_control/include/thrust_control
[13.453s] -- Installing: /home/propulsion/Thrust_Control_Clone/Thrust-Control/install/thrust_control/include/thrust_control/thrust_control_supervisor.hpp
[13.453s] -- Installing: /home/propulsion/Thrust_Control_Clone/Thrust-Control/install/thrust_control/include/thrust_control/thrust_control_node.hpp
[13.453s] -- Installing: /home/propulsion/Thrust_Control_Clone/Thrust-Control/install/thrust_control/include/build
[13.453s] -- Installing: /home/propulsion/Thrust_Control_Clone/Thrust-Control/install/thrust_control/include/build/.built_by
[13.453s] -- Installing: /home/propulsion/Thrust_Control_Clone/Thrust-Control/install/thrust_control/include/build/COLCON_IGNORE
[13.454s] -- Installing: /home/propulsion/Thrust_Control_Clone/Thrust-Control/install/thrust_control/share/ament_index/resource_index/package_run_dependencies/thrust_control
[13.454s] -- Installing: /home/propulsion/Thrust_Control_Clone/Thrust-Control/install/thrust_control/share/ament_index/resource_index/parent_prefix_path/thrust_control
[13.454s] -- Installing: /home/propulsion/Thrust_Control_Clone/Thrust-Control/install/thrust_control/share/thrust_control/environment/ament_prefix_path.sh
[13.454s] -- Installing: /home/propulsion/Thrust_Control_Clone/Thrust-Control/install/thrust_control/share/thrust_control/environment/ament_prefix_path.dsv
[13.454s] -- Installing: /home/propulsion/Thrust_Control_Clone/Thrust-Control/install/thrust_control/share/thrust_control/environment/path.sh
[13.455s] -- Installing: /home/propulsion/Thrust_Control_Clone/Thrust-Control/install/thrust_control/share/thrust_control/environment/path.dsv
[13.455s] -- Installing: /home/propulsion/Thrust_Control_Clone/Thrust-Control/install/thrust_control/share/thrust_control/local_setup.bash
[13.455s] -- Installing: /home/propulsion/Thrust_Control_Clone/Thrust-Control/install/thrust_control/share/thrust_control/local_setup.sh
[13.455s] -- Installing: /home/propulsion/Thrust_Control_Clone/Thrust-Control/install/thrust_control/share/thrust_control/local_setup.zsh
[13.455s] -- Installing: /home/propulsion/Thrust_Control_Clone/Thrust-Control/install/thrust_control/share/thrust_control/local_setup.dsv
[13.455s] -- Installing: /home/propulsion/Thrust_Control_Clone/Thrust-Control/install/thrust_control/share/thrust_control/package.dsv
[13.456s] -- Installing: /home/propulsion/Thrust_Control_Clone/Thrust-Control/install/thrust_control/share/ament_index/resource_index/packages/thrust_control
[13.456s] -- Installing: /home/propulsion/Thrust_Control_Clone/Thrust-Control/install/thrust_control/share/thrust_control/cmake/ament_cmake_export_include_directories-extras.cmake
[13.456s] -- Installing: /home/propulsion/Thrust_Control_Clone/Thrust-Control/install/thrust_control/share/thrust_control/cmake/ament_cmake_export_dependencies-extras.cmake
[13.456s] -- Installing: /home/propulsion/Thrust_Control_Clone/Thrust-Control/install/thrust_control/share/thrust_control/cmake/thrust_controlConfig.cmake
[13.456s] -- Installing: /home/propulsion/Thrust_Control_Clone/Thrust-Control/install/thrust_control/share/thrust_control/cmake/thrust_controlConfig-version.cmake
[13.456s] -- Installing: /home/propulsion/Thrust_Control_Clone/Thrust-Control/install/thrust_control/share/thrust_control/package.xml
[13.460s] Invoked command in '/home/propulsion/Thrust_Control_Clone/Thrust-Control/build/thrust_control' returned '0': CMAKE_PREFIX_PATH=${CMAKE_PREFIX_PATH}:/opt/ros/jazzy DEBUGINFOD_URLS=https://debuginfod.ubuntu.com /usr/bin/cmake --install /home/propulsion/Thrust_Control_Clone/Thrust-Control/build/thrust_control
