[0.007s] Invoking command in '/home/zenyn/Thrust-Control/build/thrust_control': CMAKE_PREFIX_PATH=${CMAKE_PREFIX_PATH}:/opt/ros/jazzy /usr/bin/cmake --build /home/zenyn/Thrust-Control/build/thrust_control -- -j12 -l12
[0.076s] [100%] Built target thrust_control
[0.090s] Invoked command in '/home/zenyn/Thrust-Control/build/thrust_control' returned '0': CMAKE_PREFIX_PATH=${CMAKE_PREFIX_PATH}:/opt/ros/jazzy /usr/bin/cmake --build /home/zenyn/Thrust-Control/build/thrust_control -- -j12 -l12
[0.102s] Invoking command in '/home/zenyn/Thrust-Control/build/thrust_control': CMAKE_PREFIX_PATH=${CMAKE_PREFIX_PATH}:/opt/ros/jazzy /usr/bin/cmake --install /home/zenyn/Thrust-Control/build/thrust_control
[0.114s] -- Install configuration: ""
[0.114s] -- Up-to-date: /home/zenyn/Thrust-Control/install/thrust_control/lib/thrust_control/thrust_control
[0.114s] -- Up-to-date: /home/zenyn/Thrust-Control/install/thrust_control/include
[0.114s] -- Up-to-date: /home/zenyn/Thrust-Control/install/thrust_control/include/build
[0.114s] -- Up-to-date: /home/zenyn/Thrust-Control/install/thrust_control/include/build/COLCON_IGNORE
[0.114s] -- Up-to-date: /home/zenyn/Thrust-Control/install/thrust_control/include/build/.built_by
[0.115s] -- Up-to-date: /home/zenyn/Thrust-Control/install/thrust_control/include/log
[0.115s] -- Up-to-date: /home/zenyn/Thrust-Control/install/thrust_control/include/log/build_2025-05-09_17-30-57
[0.115s] -- Up-to-date: /home/zenyn/Thrust-Control/install/thrust_control/include/log/build_2025-05-09_17-30-57/events.log
[0.115s] -- Up-to-date: /home/zenyn/Thrust-Control/install/thrust_control/include/log/build_2025-05-09_17-30-57/logger_all.log
[0.115s] -- Up-to-date: /home/zenyn/Thrust-Control/install/thrust_control/include/log/build_2025-05-09_18-05-17
[0.115s] -- Up-to-date: /home/zenyn/Thrust-Control/install/thrust_control/include/log/build_2025-05-09_18-05-17/events.log
[0.115s] -- Up-to-date: /home/zenyn/Thrust-Control/install/thrust_control/include/log/build_2025-05-09_18-05-17/logger_all.log
[0.115s] -- Up-to-date: /home/zenyn/Thrust-Control/install/thrust_control/include/log/latest_build
[0.116s] -- Up-to-date: /home/zenyn/Thrust-Control/install/thrust_control/include/log/COLCON_IGNORE
[0.116s] -- Up-to-date: /home/zenyn/Thrust-Control/install/thrust_control/include/log/latest
[0.116s] -- Up-to-date: /home/zenyn/Thrust-Control/install/thrust_control/include/thrust_control
[0.116s] -- Up-to-date: /home/zenyn/Thrust-Control/install/thrust_control/include/thrust_control/thrust_control_supervisor.hpp
[0.116s] -- Up-to-date: /home/zenyn/Thrust-Control/install/thrust_control/include/thrust_control/thrust_control_node.hpp
[0.116s] -- Up-to-date: /home/zenyn/Thrust-Control/install/thrust_control/include/install
[0.116s] -- Up-to-date: /home/zenyn/Thrust-Control/install/thrust_control/include/install/local_setup.ps1
[0.117s] -- Up-to-date: /home/zenyn/Thrust-Control/install/thrust_control/include/install/setup.ps1
[0.118s] -- Up-to-date: /home/zenyn/Thrust-Control/install/thrust_control/include/install/setup.sh
[0.118s] -- Up-to-date: /home/zenyn/Thrust-Control/install/thrust_control/include/install/setup.zsh
[0.119s] -- Up-to-date: /home/zenyn/Thrust-Control/install/thrust_control/include/install/local_setup.bash
[0.119s] -- Up-to-date: /home/zenyn/Thrust-Control/install/thrust_control/include/install/COLCON_IGNORE
[0.119s] -- Up-to-date: /home/zenyn/Thrust-Control/install/thrust_control/include/install/setup.bash
[0.119s] -- Up-to-date: /home/zenyn/Thrust-Control/install/thrust_control/include/install/.colcon_install_layout
[0.119s] -- Up-to-date: /home/zenyn/Thrust-Control/install/thrust_control/include/install/local_setup.sh
[0.119s] -- Up-to-date: /home/zenyn/Thrust-Control/install/thrust_control/include/install/_local_setup_util_ps1.py
[0.119s] -- Up-to-date: /home/zenyn/Thrust-Control/install/thrust_control/include/install/local_setup.zsh
[0.119s] -- Up-to-date: /home/zenyn/Thrust-Control/install/thrust_control/include/install/_local_setup_util_sh.py
[0.119s] -- Up-to-date: /home/zenyn/Thrust-Control/install/thrust_control/share/ament_index/resource_index/package_run_dependencies/thrust_control
[0.119s] -- Up-to-date: /home/zenyn/Thrust-Control/install/thrust_control/share/ament_index/resource_index/parent_prefix_path/thrust_control
[0.120s] -- Up-to-date: /home/zenyn/Thrust-Control/install/thrust_control/share/thrust_control/environment/ament_prefix_path.sh
[0.120s] -- Up-to-date: /home/zenyn/Thrust-Control/install/thrust_control/share/thrust_control/environment/ament_prefix_path.dsv
[0.120s] -- Up-to-date: /home/zenyn/Thrust-Control/install/thrust_control/share/thrust_control/environment/path.sh
[0.120s] -- Up-to-date: /home/zenyn/Thrust-Control/install/thrust_control/share/thrust_control/environment/path.dsv
[0.120s] -- Up-to-date: /home/zenyn/Thrust-Control/install/thrust_control/share/thrust_control/local_setup.bash
[0.120s] -- Up-to-date: /home/zenyn/Thrust-Control/install/thrust_control/share/thrust_control/local_setup.sh
[0.120s] -- Up-to-date: /home/zenyn/Thrust-Control/install/thrust_control/share/thrust_control/local_setup.zsh
[0.120s] -- Up-to-date: /home/zenyn/Thrust-Control/install/thrust_control/share/thrust_control/local_setup.dsv
[0.120s] -- Installing: /home/zenyn/Thrust-Control/install/thrust_control/share/thrust_control/package.dsv
[0.120s] -- Up-to-date: /home/zenyn/Thrust-Control/install/thrust_control/share/ament_index/resource_index/packages/thrust_control
[0.120s] -- Up-to-date: /home/zenyn/Thrust-Control/install/thrust_control/share/thrust_control/cmake/ament_cmake_export_include_directories-extras.cmake
[0.120s] -- Up-to-date: /home/zenyn/Thrust-Control/install/thrust_control/share/thrust_control/cmake/ament_cmake_export_dependencies-extras.cmake
[0.120s] -- Up-to-date: /home/zenyn/Thrust-Control/install/thrust_control/share/thrust_control/cmake/thrust_controlConfig.cmake
[0.120s] -- Up-to-date: /home/zenyn/Thrust-Control/install/thrust_control/share/thrust_control/cmake/thrust_controlConfig-version.cmake
[0.120s] -- Up-to-date: /home/zenyn/Thrust-Control/install/thrust_control/share/thrust_control/package.xml
[0.120s] Invoked command in '/home/zenyn/Thrust-Control/build/thrust_control' returned '0': CMAKE_PREFIX_PATH=${CMAKE_PREFIX_PATH}:/opt/ros/jazzy /usr/bin/cmake --install /home/zenyn/Thrust-Control/build/thrust_control
