[0.008s] Invoking command in '/home/zenyn/Thrust-Control/build/thrust_control': CMAKE_PREFIX_PATH=${CMAKE_PREFIX_PATH}:/opt/ros/jazzy /usr/bin/cmake --build /home/zenyn/Thrust-Control/build/thrust_control -- -j12 -l12
[0.030s] -- Found ament_cmake: 2.5.3 (/opt/ros/jazzy/share/ament_cmake/cmake)
[0.224s] -- Found rclcpp: 28.1.8 (/opt/ros/jazzy/share/rclcpp/cmake)
[0.243s] -- Found rosidl_generator_c: 4.6.5 (/opt/ros/jazzy/share/rosidl_generator_c/cmake)
[0.249s] -- Found rosidl_generator_cpp: 4.6.5 (/opt/ros/jazzy/share/rosidl_generator_cpp/cmake)
[0.256s] -- Using all available rosidl_typesupport_c: rosidl_typesupport_fastrtps_c;rosidl_typesupport_introspection_c
[0.265s] -- Using all available rosidl_typesupport_cpp: rosidl_typesupport_fastrtps_cpp;rosidl_typesupport_introspection_cpp
[0.309s] -- Found rmw_implementation_cmake: 7.3.2 (/opt/ros/jazzy/share/rmw_implementation_cmake/cmake)
[0.310s] -- Found rmw_fastrtps_cpp: 8.4.2 (/opt/ros/jazzy/share/rmw_fastrtps_cpp/cmake)
[0.366s] -- Using RMW implementation 'rmw_fastrtps_cpp' as default
[0.412s] -- Found std_msgs: 5.3.6 (/opt/ros/jazzy/share/std_msgs/cmake)
[0.422s] -- Found ament_lint_auto: 0.17.2 (/opt/ros/jazzy/share/ament_lint_auto/cmake)
[0.489s] -- Added test 'copyright' to check source files copyright and LICENSE
[0.510s] -- Added test 'cppcheck' to perform static code analysis on C / C++ code
[0.511s] -- Configured cppcheck include dirs: 
[0.511s] -- Configured cppcheck exclude dirs and/or files: 
[0.531s] -- Added test 'cpplint' to check C / C++ code against the Google style
[0.531s] -- Configured cpplint exclude dirs and/or files: 
[0.534s] -- Added test 'flake8' to check Python code syntax and style conventions
[0.534s] -- Configured 'flake8' exclude dirs and/or files: 
[0.539s] -- Added test 'lint_cmake' to check CMake code style
[0.541s] -- Added test 'pep257' to check Python code against some of the docstring style conventions in PEP 257
[0.562s] -- Added test 'uncrustify' to check C / C++ code style
[0.562s] -- Configured uncrustify additional arguments: 
[0.565s] -- Added test 'xmllint' to check XML markup files
[0.566s] -- Configuring done (0.5s)
[0.572s] -- Generating done (0.0s)
[0.575s] -- Build files have been written to: /home/zenyn/Thrust-Control/build/thrust_control
[0.610s] [ 25%] [32mBuilding CXX object CMakeFiles/thrust_control.dir/thrust_control_node.cpp.o[0m
[0.614s] [ 50%] [32mBuilding CXX object CMakeFiles/thrust_control.dir/thrust_control_supervisor.cpp.o[0m
[2.078s] [01m[K/home/zenyn/Thrust-Control/thrust_control_supervisor.cpp:[m[K In member function ‘[01m[Kvoid thrust_control::ThrustControlSupervisor::[01;32m[Kfeed_forward_pwm[m[K(std::array<int, 8>)[m[K’:
[2.078s] [01m[K/home/zenyn/Thrust-Control/thrust_control_supervisor.cpp:38:67:[m[K [01;35m[Kwarning: [m[Kunused parameter ‘[01m[Kpwm[m[K’ [[01;35m[K]8;;https://gcc.gnu.org/onlinedocs/gcc/Warning-Options.html#index-Wunused-parameter-Wunused-parameter]8;;[m[K]
[2.078s]    38 | void ThrustControlSupervisor::feed_forward_pwm([01;35m[Kstd::array<int, 8> pwm[m[K)
[2.078s]       |                                                [01;35m[K~~~~~~~~~~~~~~~~~~~^~~[m[K
[2.079s] [01m[K/home/zenyn/Thrust-Control/thrust_control_supervisor.cpp:[m[K In member function ‘[01m[Kvoid thrust_control::ThrustControlSupervisor::[01;32m[Kpid_pwm[m[K(std::array<int, 8>)[m[K’:
[2.079s] [01m[K/home/zenyn/Thrust-Control/thrust_control_supervisor.cpp:43:58:[m[K [01;35m[Kwarning: [m[Kunused parameter ‘[01m[Kpwm[m[K’ [[01;35m[K]8;;https://gcc.gnu.org/onlinedocs/gcc/Warning-Options.html#index-Wunused-parameter-Wunused-parameter]8;;[m[K]
[2.079s]    43 | void ThrustControlSupervisor::pid_pwm([01;35m[Kstd::array<int, 8> pwm[m[K)
[2.079s]       |                                       [01;35m[K~~~~~~~~~~~~~~~~~~~^~~[m[K
[5.760s] [ 75%] [32m[1mLinking CXX executable thrust_control[0m
[5.946s] [100%] Built target thrust_control
[5.959s] Invoked command in '/home/zenyn/Thrust-Control/build/thrust_control' returned '0': CMAKE_PREFIX_PATH=${CMAKE_PREFIX_PATH}:/opt/ros/jazzy /usr/bin/cmake --build /home/zenyn/Thrust-Control/build/thrust_control -- -j12 -l12
[5.970s] Invoking command in '/home/zenyn/Thrust-Control/build/thrust_control': CMAKE_PREFIX_PATH=${CMAKE_PREFIX_PATH}:/opt/ros/jazzy /usr/bin/cmake --install /home/zenyn/Thrust-Control/build/thrust_control
[5.978s] -- Install configuration: ""
[5.979s] -- Installing: /home/zenyn/Thrust-Control/install/thrust_control/lib/thrust_control/thrust_control
[5.981s] -- Set non-toolchain portion of runtime path of "/home/zenyn/Thrust-Control/install/thrust_control/lib/thrust_control/thrust_control" to ""
[5.981s] -- Installing: /home/zenyn/Thrust-Control/install/thrust_control/share/ament_index/resource_index/package_run_dependencies/thrust_control
[5.981s] -- Installing: /home/zenyn/Thrust-Control/install/thrust_control/share/ament_index/resource_index/parent_prefix_path/thrust_control
[5.982s] -- Installing: /home/zenyn/Thrust-Control/install/thrust_control/share/thrust_control/environment/ament_prefix_path.sh
[5.982s] -- Installing: /home/zenyn/Thrust-Control/install/thrust_control/share/thrust_control/environment/ament_prefix_path.dsv
[5.982s] -- Installing: /home/zenyn/Thrust-Control/install/thrust_control/share/thrust_control/environment/path.sh
[5.982s] -- Installing: /home/zenyn/Thrust-Control/install/thrust_control/share/thrust_control/environment/path.dsv
[5.982s] -- Installing: /home/zenyn/Thrust-Control/install/thrust_control/share/thrust_control/local_setup.bash
[5.982s] -- Installing: /home/zenyn/Thrust-Control/install/thrust_control/share/thrust_control/local_setup.sh
[5.982s] -- Installing: /home/zenyn/Thrust-Control/install/thrust_control/share/thrust_control/local_setup.zsh
[5.982s] -- Installing: /home/zenyn/Thrust-Control/install/thrust_control/share/thrust_control/local_setup.dsv
[5.983s] -- Installing: /home/zenyn/Thrust-Control/install/thrust_control/share/thrust_control/package.dsv
[5.983s] -- Installing: /home/zenyn/Thrust-Control/install/thrust_control/share/ament_index/resource_index/packages/thrust_control
[5.983s] -- Installing: /home/zenyn/Thrust-Control/install/thrust_control/share/thrust_control/cmake/ament_cmake_export_include_directories-extras.cmake
[5.983s] -- Installing: /home/zenyn/Thrust-Control/install/thrust_control/share/thrust_control/cmake/ament_cmake_export_dependencies-extras.cmake
[5.983s] -- Installing: /home/zenyn/Thrust-Control/install/thrust_control/share/thrust_control/cmake/thrust_controlConfig.cmake
[5.983s] -- Installing: /home/zenyn/Thrust-Control/install/thrust_control/share/thrust_control/cmake/thrust_controlConfig-version.cmake
[5.983s] -- Installing: /home/zenyn/Thrust-Control/install/thrust_control/share/thrust_control/package.xml
[5.983s] Invoked command in '/home/zenyn/Thrust-Control/build/thrust_control' returned '0': CMAKE_PREFIX_PATH=${CMAKE_PREFIX_PATH}:/opt/ros/jazzy /usr/bin/cmake --install /home/zenyn/Thrust-Control/build/thrust_control
