[0.010s] Invoking command in '/home/zenyn/Thrust-Control/build/thrust_control': CMAKE_PREFIX_PATH=${CMAKE_PREFIX_PATH}:/opt/ros/jazzy /usr/bin/cmake --build /home/zenyn/Thrust-Control/build/thrust_control -- -j12 -l12
[0.106s] [ 18%] Built target PropulsionFunctions
[0.111s] [ 27%] Built target gtest
[0.166s] [ 36%] Built target gmock
[0.166s] [ 45%] Built target gtest_main
[0.189s] [ 54%] [32mBuilding CXX object CMakeFiles/thrust_control.dir/thrust_control_node.cpp.o[0m
[0.189s] [ 54%] [32mBuilding CXX object CMakeFiles/thrust_control.dir/main.cpp.o[0m
[0.197s] [ 77%] Built target gmock_main
[0.197s] [ 86%] Built target propulsion_test
[5.921s] [ 90%] [32m[1mLinking CXX executable thrust_control[0m
[6.175s] [100%] Built target thrust_control
[6.191s] Invoked command in '/home/zenyn/Thrust-Control/build/thrust_control' returned '0': CMAKE_PREFIX_PATH=${CMAKE_PREFIX_PATH}:/opt/ros/jazzy /usr/bin/cmake --build /home/zenyn/Thrust-Control/build/thrust_control -- -j12 -l12
[6.208s] Invoking command in '/home/zenyn/Thrust-Control/build/thrust_control': CMAKE_PREFIX_PATH=${CMAKE_PREFIX_PATH}:/opt/ros/jazzy /usr/bin/cmake --install /home/zenyn/Thrust-Control/build/thrust_control
[6.218s] -- Install configuration: ""
[6.219s] -- Installing: /home/zenyn/Thrust-Control/install/thrust_control/lib/thrust_control/thrust_control
[6.223s] -- Set non-toolchain portion of runtime path of "/home/zenyn/Thrust-Control/install/thrust_control/lib/thrust_control/thrust_control" to ""
[6.223s] -- Up-to-date: /home/zenyn/Thrust-Control/install/thrust_control/share/ament_index/resource_index/package_run_dependencies/thrust_control
[6.223s] -- Up-to-date: /home/zenyn/Thrust-Control/install/thrust_control/share/ament_index/resource_index/parent_prefix_path/thrust_control
[6.224s] -- Up-to-date: /home/zenyn/Thrust-Control/install/thrust_control/share/thrust_control/environment/ament_prefix_path.sh
[6.224s] -- Up-to-date: /home/zenyn/Thrust-Control/install/thrust_control/share/thrust_control/environment/ament_prefix_path.dsv
[6.224s] -- Up-to-date: /home/zenyn/Thrust-Control/install/thrust_control/share/thrust_control/environment/path.sh
[6.224s] -- Up-to-date: /home/zenyn/Thrust-Control/install/thrust_control/share/thrust_control/environment/path.dsv
[6.224s] -- Up-to-date: /home/zenyn/Thrust-Control/install/thrust_control/share/thrust_control/local_setup.bash
[6.225s] -- Up-to-date: /home/zenyn/Thrust-Control/install/thrust_control/share/thrust_control/local_setup.sh
[6.225s] -- Up-to-date: /home/zenyn/Thrust-Control/install/thrust_control/share/thrust_control/local_setup.zsh
[6.225s] -- Up-to-date: /home/zenyn/Thrust-Control/install/thrust_control/share/thrust_control/local_setup.dsv
[6.225s] -- Installing: /home/zenyn/Thrust-Control/install/thrust_control/share/thrust_control/package.dsv
[6.226s] -- Up-to-date: /home/zenyn/Thrust-Control/install/thrust_control/share/ament_index/resource_index/packages/thrust_control
[6.226s] -- Up-to-date: /home/zenyn/Thrust-Control/install/thrust_control/share/thrust_control/cmake/ament_cmake_export_include_directories-extras.cmake
[6.226s] -- Up-to-date: /home/zenyn/Thrust-Control/install/thrust_control/share/thrust_control/cmake/ament_cmake_export_dependencies-extras.cmake
[6.226s] -- Up-to-date: /home/zenyn/Thrust-Control/install/thrust_control/share/thrust_control/cmake/thrust_controlConfig.cmake
[6.226s] -- Up-to-date: /home/zenyn/Thrust-Control/install/thrust_control/share/thrust_control/cmake/thrust_controlConfig-version.cmake
[6.226s] -- Up-to-date: /home/zenyn/Thrust-Control/install/thrust_control/share/thrust_control/package.xml
[6.226s] -- Up-to-date: /home/zenyn/Thrust-Control/install/thrust_control/include
[6.226s] -- Up-to-date: /home/zenyn/Thrust-Control/install/thrust_control/include/gmock
[6.227s] -- Up-to-date: /home/zenyn/Thrust-Control/install/thrust_control/include/gmock/gmock-spec-builders.h
[6.227s] -- Up-to-date: /home/zenyn/Thrust-Control/install/thrust_control/include/gmock/gmock-matchers.h
[6.227s] -- Up-to-date: /home/zenyn/Thrust-Control/install/thrust_control/include/gmock/gmock.h
[6.227s] -- Up-to-date: /home/zenyn/Thrust-Control/install/thrust_control/include/gmock/gmock-nice-strict.h
[6.227s] -- Up-to-date: /home/zenyn/Thrust-Control/install/thrust_control/include/gmock/gmock-more-actions.h
[6.227s] -- Up-to-date: /home/zenyn/Thrust-Control/install/thrust_control/include/gmock/gmock-actions.h
[6.227s] -- Up-to-date: /home/zenyn/Thrust-Control/install/thrust_control/include/gmock/gmock-cardinalities.h
[6.227s] -- Up-to-date: /home/zenyn/Thrust-Control/install/thrust_control/include/gmock/internal
[6.227s] -- Up-to-date: /home/zenyn/Thrust-Control/install/thrust_control/include/gmock/internal/gmock-pp.h
[6.227s] -- Up-to-date: /home/zenyn/Thrust-Control/install/thrust_control/include/gmock/internal/gmock-port.h
[6.228s] -- Up-to-date: /home/zenyn/Thrust-Control/install/thrust_control/include/gmock/internal/gmock-internal-utils.h
[6.228s] -- Up-to-date: /home/zenyn/Thrust-Control/install/thrust_control/include/gmock/internal/custom
[6.228s] -- Up-to-date: /home/zenyn/Thrust-Control/install/thrust_control/include/gmock/internal/custom/gmock-matchers.h
[6.228s] -- Up-to-date: /home/zenyn/Thrust-Control/install/thrust_control/include/gmock/internal/custom/gmock-port.h
[6.228s] -- Up-to-date: /home/zenyn/Thrust-Control/install/thrust_control/include/gmock/internal/custom/README.md
[6.228s] -- Up-to-date: /home/zenyn/Thrust-Control/install/thrust_control/include/gmock/internal/custom/gmock-generated-actions.h
[6.228s] -- Up-to-date: /home/zenyn/Thrust-Control/install/thrust_control/include/gmock/gmock-more-matchers.h
[6.229s] -- Up-to-date: /home/zenyn/Thrust-Control/install/thrust_control/include/gmock/gmock-function-mocker.h
[6.229s] -- Up-to-date: /home/zenyn/Thrust-Control/install/thrust_control/lib/libgmock.a
[6.229s] -- Up-to-date: /home/zenyn/Thrust-Control/install/thrust_control/lib/libgmock_main.a
[6.229s] -- Up-to-date: /home/zenyn/Thrust-Control/install/thrust_control/lib/pkgconfig/gmock.pc
[6.229s] -- Up-to-date: /home/zenyn/Thrust-Control/install/thrust_control/lib/pkgconfig/gmock_main.pc
[6.229s] -- Up-to-date: /home/zenyn/Thrust-Control/install/thrust_control/lib/cmake/GTest/GTestTargets.cmake
[6.229s] -- Up-to-date: /home/zenyn/Thrust-Control/install/thrust_control/lib/cmake/GTest/GTestTargets-noconfig.cmake
[6.230s] -- Up-to-date: /home/zenyn/Thrust-Control/install/thrust_control/lib/cmake/GTest/GTestConfigVersion.cmake
[6.230s] -- Up-to-date: /home/zenyn/Thrust-Control/install/thrust_control/lib/cmake/GTest/GTestConfig.cmake
[6.230s] -- Up-to-date: /home/zenyn/Thrust-Control/install/thrust_control/include
[6.230s] -- Up-to-date: /home/zenyn/Thrust-Control/install/thrust_control/include/gtest
[6.230s] -- Up-to-date: /home/zenyn/Thrust-Control/install/thrust_control/include/gtest/gtest-printers.h
[6.230s] -- Up-to-date: /home/zenyn/Thrust-Control/install/thrust_control/include/gtest/gtest-typed-test.h
[6.231s] -- Up-to-date: /home/zenyn/Thrust-Control/install/thrust_control/include/gtest/gtest.h
[6.231s] -- Up-to-date: /home/zenyn/Thrust-Control/install/thrust_control/include/gtest/gtest-param-test.h
[6.231s] -- Up-to-date: /home/zenyn/Thrust-Control/install/thrust_control/include/gtest/gtest-death-test.h
[6.231s] -- Up-to-date: /home/zenyn/Thrust-Control/install/thrust_control/include/gtest/gtest_prod.h
[6.231s] -- Up-to-date: /home/zenyn/Thrust-Control/install/thrust_control/include/gtest/gtest-test-part.h
[6.231s] -- Up-to-date: /home/zenyn/Thrust-Control/install/thrust_control/include/gtest/gtest_pred_impl.h
[6.231s] -- Up-to-date: /home/zenyn/Thrust-Control/install/thrust_control/include/gtest/gtest-matchers.h
[6.233s] -- Up-to-date: /home/zenyn/Thrust-Control/install/thrust_control/include/gtest/gtest-spi.h
[6.234s] -- Up-to-date: /home/zenyn/Thrust-Control/install/thrust_control/include/gtest/gtest-assertion-result.h
[6.234s] -- Up-to-date: /home/zenyn/Thrust-Control/install/thrust_control/include/gtest/internal
[6.234s] -- Up-to-date: /home/zenyn/Thrust-Control/install/thrust_control/include/gtest/internal/gtest-port-arch.h
[6.234s] -- Up-to-date: /home/zenyn/Thrust-Control/install/thrust_control/include/gtest/internal/gtest-port.h
[6.235s] -- Up-to-date: /home/zenyn/Thrust-Control/install/thrust_control/include/gtest/internal/gtest-filepath.h
[6.235s] -- Up-to-date: /home/zenyn/Thrust-Control/install/thrust_control/include/gtest/internal/gtest-type-util.h
[6.235s] -- Up-to-date: /home/zenyn/Thrust-Control/install/thrust_control/include/gtest/internal/gtest-death-test-internal.h
[6.235s] -- Up-to-date: /home/zenyn/Thrust-Control/install/thrust_control/include/gtest/internal/gtest-string.h
[6.235s] -- Up-to-date: /home/zenyn/Thrust-Control/install/thrust_control/include/gtest/internal/gtest-param-util.h
[6.235s] -- Up-to-date: /home/zenyn/Thrust-Control/install/thrust_control/include/gtest/internal/gtest-internal.h
[6.235s] -- Up-to-date: /home/zenyn/Thrust-Control/install/thrust_control/include/gtest/internal/custom
[6.235s] -- Up-to-date: /home/zenyn/Thrust-Control/install/thrust_control/include/gtest/internal/custom/gtest-printers.h
[6.236s] -- Up-to-date: /home/zenyn/Thrust-Control/install/thrust_control/include/gtest/internal/custom/gtest.h
[6.236s] -- Up-to-date: /home/zenyn/Thrust-Control/install/thrust_control/include/gtest/internal/custom/gtest-port.h
[6.236s] -- Up-to-date: /home/zenyn/Thrust-Control/install/thrust_control/include/gtest/internal/custom/README.md
[6.236s] -- Up-to-date: /home/zenyn/Thrust-Control/install/thrust_control/include/gtest/gtest-message.h
[6.236s] -- Up-to-date: /home/zenyn/Thrust-Control/install/thrust_control/lib/libgtest.a
[6.236s] -- Up-to-date: /home/zenyn/Thrust-Control/install/thrust_control/lib/libgtest_main.a
[6.237s] -- Up-to-date: /home/zenyn/Thrust-Control/install/thrust_control/lib/pkgconfig/gtest.pc
[6.237s] -- Up-to-date: /home/zenyn/Thrust-Control/install/thrust_control/lib/pkgconfig/gtest_main.pc
[6.237s] Invoked command in '/home/zenyn/Thrust-Control/build/thrust_control' returned '0': CMAKE_PREFIX_PATH=${CMAKE_PREFIX_PATH}:/opt/ros/jazzy /usr/bin/cmake --install /home/zenyn/Thrust-Control/build/thrust_control
