[0.007s] Invoking command in '/home/zenyn/Thrust-Control/build/thrust_control': PS1=(ros2_venv) \[\e]0;\u@\h: \w\a\]${debian_chroot:+($debian_chroot)}\[\033[01;32m\]\u@\h\[\033[00m\]:\[\033[01;34m\]\w\[\033[00m\]\$ VIRTUAL_ENV_PROMPT=(ros2_venv) /usr/bin/cmake /home/zenyn/Thrust-Control -DCMAKE_INSTALL_PREFIX=/home/zenyn/Thrust-Control/install/thrust_control
[0.112s] -- The C compiler identification is GNU 13.3.0
[0.169s] -- The CXX compiler identification is GNU 13.3.0
[0.194s] -- Detecting C compiler ABI info
[0.312s] -- Detecting C compiler ABI info - done
[0.328s] -- Check for working C compiler: /usr/bin/cc - skipped
[0.330s] -- Detecting C compile features
[0.331s] -- Detecting C compile features - done
[0.352s] -- Detecting CXX compiler ABI info
[0.524s] -- Detecting CXX compiler ABI info - done
[0.533s] -- Check for working CXX compiler: /usr/bin/c++ - skipped
[0.533s] -- Detecting CXX compile features
[0.534s] -- Detecting CXX compile features - done
[0.549s] [31mCMake Error at CMakeLists.txt:14 (find_package):
[0.549s]   By not providing "Findament_cmake.cmake" in CMAKE_MODULE_PATH this project
[0.549s]   has asked CMake to find a package configuration file provided by
[0.549s]   "ament_cmake", but CMake did not find one.
[0.549s] 
[0.549s]   Could not find a package configuration file provided by "ament_cmake" with
[0.549s]   any of the following names:
[0.550s] 
[0.550s]     ament_cmakeConfig.cmake
[0.550s]     ament_cmake-config.cmake
[0.550s] 
[0.550s]   Add the installation prefix of "ament_cmake" to CMAKE_PREFIX_PATH or set
[0.550s]   "ament_cmake_DIR" to a directory containing one of the above files.  If
[0.550s]   "ament_cmake" provides a separate development package or SDK, be sure it
[0.550s]   has been installed.
[0.550s] 
[0.550s] [0m
[0.551s] -- Configuring incomplete, errors occurred!
[0.553s] Invoked command in '/home/zenyn/Thrust-Control/build/thrust_control' returned '1': PS1=(ros2_venv) \[\e]0;\u@\h: \w\a\]${debian_chroot:+($debian_chroot)}\[\033[01;32m\]\u@\h\[\033[00m\]:\[\033[01;34m\]\w\[\033[00m\]\$ VIRTUAL_ENV_PROMPT=(ros2_venv) /usr/bin/cmake /home/zenyn/Thrust-Control -DCMAKE_INSTALL_PREFIX=/home/zenyn/Thrust-Control/install/thrust_control
