[0.007s] Invoking command in '/home/zenyn/Thrust-Control/build/thrust_control': CMAKE_PREFIX_PATH=${CMAKE_PREFIX_PATH}:/opt/ros/jazzy /usr/bin/cmake --build /home/zenyn/Thrust-Control/build/thrust_control -- -j12 -l12
[0.029s] [33mCMake Warning (dev) in CMakeLists.txt:
[0.029s]   No project() command is present.  The top-level CMakeLists.txt file must
[0.029s]   contain a literal, direct call to the project() command.  Add a line of
[0.029s]   code such as
[0.029s] 
[0.030s]     project(ProjectName)
[0.030s] 
[0.030s]   near the top of the file, but after cmake_minimum_required().
[0.030s] 
[0.030s]   CMake is pretending there is a "project(Project)" command on the first
[0.030s]   line.
[0.030s] This warning is for project developers.  Use -Wno-dev to suppress it.
[0.030s] [0m
[0.030s] [33mCMake Warning (dev) in CMakeLists.txt:
[0.031s]   cmake_minimum_required() should be called prior to this top-level project()
[0.031s]   call.  Please see the cmake-commands(7) manual for usage documentation of
[0.031s]   both commands.
[0.031s] This warning is for project developers.  Use -Wno-dev to suppress it.
[0.031s] [0m
[0.033s] -- Configuring done (0.0s)
[0.034s] -- Generating done (0.0s)
[0.034s] -- Build files have been written to: /home/zenyn/Thrust-Control/build/thrust_control
[0.054s] Invoked command in '/home/zenyn/Thrust-Control/build/thrust_control' returned '0': CMAKE_PREFIX_PATH=${CMAKE_PREFIX_PATH}:/opt/ros/jazzy /usr/bin/cmake --build /home/zenyn/Thrust-Control/build/thrust_control -- -j12 -l12
