[0.073s] DEBUG:colcon:Command line arguments: ['/usr/bin/colcon', 'build']
[0.073s] DEBUG:colcon:Parsed command line arguments: Namespace(log_base=None, log_level=None, verb_name='build', build_base='build', install_base='install', merge_install=False, symlink_install=False, test_result_base=None, continue_on_error=False, executor='parallel', parallel_workers=12, event_handlers=None, ignore_user_meta=False, metas=['./colcon.meta'], base_paths=['.'], packages_ignore=None, packages_ignore_regex=None, paths=None, packages_up_to=None, packages_up_to_regex=None, packages_above=None, packages_above_and_dependencies=None, packages_above_depth=None, packages_select_by_dep=None, packages_skip_by_dep=None, packages_skip_up_to=None, packages_select_build_failed=False, packages_skip_build_finished=False, packages_select_test_failures=False, packages_skip_test_passed=False, packages_select=None, packages_skip=None, packages_select_regex=None, packages_skip_regex=None, packages_start=None, packages_end=None, allow_overriding=[], cmake_args=None, cmake_target=None, cmake_target_skip_unavailable=False, cmake_clean_cache=False, cmake_clean_first=False, cmake_force_configure=False, ament_cmake_args=None, catkin_cmake_args=None, catkin_skip_building_tests=False, mixin_files=None, mixin=None, verb_parser=<colcon_mixin.mixin.mixin_argument.MixinArgumentDecorator object at 0x7bf139c7e600>, verb_extension=<colcon_core.verb.build.BuildVerb object at 0x7bf139c7e300>, main=<bound method BuildVerb.main of <colcon_core.verb.build.BuildVerb object at 0x7bf139c7e300>>, mixin_verb=('build',))
[0.099s] Level 1:colcon.colcon_core.package_discovery:discover_packages(colcon_meta) check parameters
[0.099s] Level 1:colcon.colcon_core.package_discovery:discover_packages(recursive) check parameters
[0.099s] Level 1:colcon.colcon_core.package_discovery:discover_packages(ignore) check parameters
[0.099s] Level 1:colcon.colcon_core.package_discovery:discover_packages(path) check parameters
[0.099s] Level 1:colcon.colcon_core.package_discovery:discover_packages(colcon_meta) discover
[0.099s] Level 1:colcon.colcon_core.package_discovery:discover_packages(recursive) discover
[0.099s] INFO:colcon.colcon_core.package_discovery:Crawling recursively for packages in '/home/zenyn/Thrust-Control'
[0.099s] Level 1:colcon.colcon_core.package_identification:_identify(.) by extensions ['ignore', 'ignore_ament_install']
[0.100s] Level 1:colcon.colcon_core.package_identification:_identify(.) by extension 'ignore'
[0.100s] Level 1:colcon.colcon_core.package_identification:_identify(.) by extension 'ignore_ament_install'
[0.100s] Level 1:colcon.colcon_core.package_identification:_identify(.) by extensions ['colcon_pkg']
[0.100s] Level 1:colcon.colcon_core.package_identification:_identify(.) by extension 'colcon_pkg'
[0.100s] Level 1:colcon.colcon_core.package_identification:_identify(.) by extensions ['colcon_meta']
[0.100s] Level 1:colcon.colcon_core.package_identification:_identify(.) by extension 'colcon_meta'
[0.100s] Level 1:colcon.colcon_core.package_identification:_identify(.) by extensions ['ros']
[0.100s] Level 1:colcon.colcon_core.package_identification:_identify(.) by extension 'ros'
[0.119s] DEBUG:colcon.colcon_core.package_identification:Package '.' with type 'ros.ament_cmake' and name 'thrust_control'
[0.119s] Level 1:colcon.colcon_core.package_discovery:discover_packages(recursive) using defaults
[0.119s] Level 1:colcon.colcon_core.package_discovery:discover_packages(ignore) discover
[0.119s] Level 1:colcon.colcon_core.package_discovery:discover_packages(ignore) using defaults
[0.119s] Level 1:colcon.colcon_core.package_discovery:discover_packages(path) discover
[0.119s] Level 1:colcon.colcon_core.package_discovery:discover_packages(path) using defaults
[0.131s] Level 1:colcon.colcon_core.package_discovery:discover_packages(prefix_path) check parameters
[0.131s] Level 1:colcon.colcon_core.package_discovery:discover_packages(prefix_path) discover
[0.133s] DEBUG:colcon.colcon_installed_package_information.package_discovery:Found 285 installed packages in /opt/ros/jazzy
[0.134s] Level 1:colcon.colcon_core.package_discovery:discover_packages(prefix_path) using defaults
[0.158s] Level 5:colcon.colcon_core.verb:set package 'thrust_control' build argument 'cmake_args' from command line to 'None'
[0.158s] Level 5:colcon.colcon_core.verb:set package 'thrust_control' build argument 'cmake_target' from command line to 'None'
[0.158s] Level 5:colcon.colcon_core.verb:set package 'thrust_control' build argument 'cmake_target_skip_unavailable' from command line to 'False'
[0.158s] Level 5:colcon.colcon_core.verb:set package 'thrust_control' build argument 'cmake_clean_cache' from command line to 'False'
[0.158s] Level 5:colcon.colcon_core.verb:set package 'thrust_control' build argument 'cmake_clean_first' from command line to 'False'
[0.158s] Level 5:colcon.colcon_core.verb:set package 'thrust_control' build argument 'cmake_force_configure' from command line to 'False'
[0.158s] Level 5:colcon.colcon_core.verb:set package 'thrust_control' build argument 'ament_cmake_args' from command line to 'None'
[0.158s] Level 5:colcon.colcon_core.verb:set package 'thrust_control' build argument 'catkin_cmake_args' from command line to 'None'
[0.158s] Level 5:colcon.colcon_core.verb:set package 'thrust_control' build argument 'catkin_skip_building_tests' from command line to 'False'
[0.158s] DEBUG:colcon.colcon_core.verb:Building package 'thrust_control' with the following arguments: {'ament_cmake_args': None, 'build_base': '/home/zenyn/Thrust-Control/build/thrust_control', 'catkin_cmake_args': None, 'catkin_skip_building_tests': False, 'cmake_args': None, 'cmake_clean_cache': False, 'cmake_clean_first': False, 'cmake_force_configure': False, 'cmake_target': None, 'cmake_target_skip_unavailable': False, 'install_base': '/home/zenyn/Thrust-Control/install/thrust_control', 'merge_install': False, 'path': '/home/zenyn/Thrust-Control', 'symlink_install': False, 'test_result_base': None}
[0.159s] INFO:colcon.colcon_core.executor:Executing jobs using 'parallel' executor
[0.159s] DEBUG:colcon.colcon_parallel_executor.executor.parallel:run_until_complete
[0.160s] INFO:colcon.colcon_ros.task.ament_cmake.build:Building ROS package in '/home/zenyn/Thrust-Control' with build type 'ament_cmake'
[0.160s] INFO:colcon.colcon_cmake.task.cmake.build:Building CMake package in '/home/zenyn/Thrust-Control'
[0.161s] INFO:colcon.colcon_core.plugin_system:Skipping extension 'colcon_core.shell.bat': Not used on non-Windows systems
[0.162s] INFO:colcon.colcon_core.shell:Skip shell extension 'powershell' for command environment: Not usable outside of PowerShell
[0.162s] DEBUG:colcon.colcon_core.shell:Skip shell extension 'dsv' for command environment
[0.168s] DEBUG:colcon.colcon_core.event_handler.log_command:Invoking command in '/home/zenyn/Thrust-Control/build/thrust_control': CMAKE_PREFIX_PATH=${CMAKE_PREFIX_PATH}:/opt/ros/jazzy /usr/bin/cmake /home/zenyn/Thrust-Control -DCMAKE_INSTALL_PREFIX=/home/zenyn/Thrust-Control/install/thrust_control
[1.255s] DEBUG:colcon.colcon_core.event_handler.log_command:Invoked command in '/home/zenyn/Thrust-Control/build/thrust_control' returned '0': CMAKE_PREFIX_PATH=${CMAKE_PREFIX_PATH}:/opt/ros/jazzy /usr/bin/cmake /home/zenyn/Thrust-Control -DCMAKE_INSTALL_PREFIX=/home/zenyn/Thrust-Control/install/thrust_control
[1.256s] DEBUG:colcon.colcon_core.event_handler.log_command:Invoking command in '/home/zenyn/Thrust-Control/build/thrust_control': CMAKE_PREFIX_PATH=${CMAKE_PREFIX_PATH}:/opt/ros/jazzy /usr/bin/cmake --build /home/zenyn/Thrust-Control/build/thrust_control -- -j12 -l12
[6.940s] DEBUG:colcon.colcon_core.event_handler.log_command:Invoked command in '/home/zenyn/Thrust-Control/build/thrust_control' returned '2': CMAKE_PREFIX_PATH=${CMAKE_PREFIX_PATH}:/opt/ros/jazzy /usr/bin/cmake --build /home/zenyn/Thrust-Control/build/thrust_control -- -j12 -l12
[6.941s] Level 1:colcon.colcon_core.environment:create_environment_scripts_only(thrust_control)
[6.944s] Level 1:colcon.colcon_core.environment:checking '/home/zenyn/Thrust-Control/install/thrust_control' for CMake module files
[6.945s] Level 1:colcon.colcon_core.environment:checking '/home/zenyn/Thrust-Control/install/thrust_control' for CMake config files
[6.945s] Level 1:colcon.colcon_core.environment:checking '/home/zenyn/Thrust-Control/install/thrust_control/bin'
[6.946s] Level 1:colcon.colcon_core.environment:checking '/home/zenyn/Thrust-Control/install/thrust_control/lib/pkgconfig/thrust_control.pc'
[6.946s] Level 1:colcon.colcon_core.environment:checking '/home/zenyn/Thrust-Control/install/thrust_control/lib/python3.12/site-packages'
[6.946s] Level 1:colcon.colcon_core.environment:checking '/home/zenyn/Thrust-Control/install/thrust_control/bin'
[6.947s] INFO:colcon.colcon_core.shell:Creating package script '/home/zenyn/Thrust-Control/install/thrust_control/share/thrust_control/package.ps1'
[6.948s] INFO:colcon.colcon_core.shell:Creating package descriptor '/home/zenyn/Thrust-Control/install/thrust_control/share/thrust_control/package.dsv'
[6.949s] INFO:colcon.colcon_core.shell:Creating package script '/home/zenyn/Thrust-Control/install/thrust_control/share/thrust_control/package.sh'
[6.949s] INFO:colcon.colcon_core.shell:Creating package script '/home/zenyn/Thrust-Control/install/thrust_control/share/thrust_control/package.bash'
[6.950s] INFO:colcon.colcon_core.shell:Creating package script '/home/zenyn/Thrust-Control/install/thrust_control/share/thrust_control/package.zsh'
[6.950s] Level 1:colcon.colcon_core.environment:create_file_with_runtime_dependencies(/home/zenyn/Thrust-Control/install/thrust_control/share/colcon-core/packages/thrust_control)
[6.961s] DEBUG:colcon.colcon_parallel_executor.executor.parallel:closing loop
[6.961s] DEBUG:colcon.colcon_parallel_executor.executor.parallel:loop closed
[6.961s] DEBUG:colcon.colcon_parallel_executor.executor.parallel:run_until_complete finished with '2'
[6.962s] DEBUG:colcon.colcon_core.event_reactor:joining thread
[6.973s] INFO:colcon.colcon_core.plugin_system:Skipping extension 'colcon_notification.desktop_notification.terminal_notifier': Not used on non-Darwin systems
[6.973s] INFO:colcon.colcon_core.plugin_system:Skipping extension 'colcon_notification.desktop_notification.win32': Not used on non-Windows systems
[6.973s] INFO:colcon.colcon_notification.desktop_notification:Sending desktop notification using 'notify2'
[6.980s] DEBUG:colcon.colcon_core.event_reactor:joined thread
[6.980s] INFO:colcon.colcon_core.shell:Creating prefix script '/home/zenyn/Thrust-Control/install/local_setup.ps1'
[6.982s] INFO:colcon.colcon_core.shell:Creating prefix util module '/home/zenyn/Thrust-Control/install/_local_setup_util_ps1.py'
[6.983s] INFO:colcon.colcon_core.shell:Creating prefix chain script '/home/zenyn/Thrust-Control/install/setup.ps1'
[6.984s] INFO:colcon.colcon_core.shell:Creating prefix script '/home/zenyn/Thrust-Control/install/local_setup.sh'
[6.985s] INFO:colcon.colcon_core.shell:Creating prefix util module '/home/zenyn/Thrust-Control/install/_local_setup_util_sh.py'
[6.986s] INFO:colcon.colcon_core.shell:Creating prefix chain script '/home/zenyn/Thrust-Control/install/setup.sh'
[6.988s] INFO:colcon.colcon_core.shell:Creating prefix script '/home/zenyn/Thrust-Control/install/local_setup.bash'
[6.988s] INFO:colcon.colcon_core.shell:Creating prefix chain script '/home/zenyn/Thrust-Control/install/setup.bash'
[6.989s] INFO:colcon.colcon_core.shell:Creating prefix script '/home/zenyn/Thrust-Control/install/local_setup.zsh'
[6.990s] INFO:colcon.colcon_core.shell:Creating prefix chain script '/home/zenyn/Thrust-Control/install/setup.zsh'
