-- Found ament_cmake: 2.5.3 (/opt/ros/jazzy/share/ament_cmake/cmake)
-- Found rclcpp: 28.1.8 (/opt/ros/jazzy/share/rclcpp/cmake)
-- Found rosidl_generator_c: 4.6.5 (/opt/ros/jazzy/share/rosidl_generator_c/cmake)
-- Found rosidl_generator_cpp: 4.6.5 (/opt/ros/jazzy/share/rosidl_generator_cpp/cmake)
-- Using all available rosidl_typesupport_c: rosidl_typesupport_fastrtps_c;rosidl_typesupport_introspection_c
-- Using all available rosidl_typesupport_cpp: rosidl_typesupport_fastrtps_cpp;rosidl_typesupport_introspection_cpp
-- Found rmw_implementation_cmake: 7.3.2 (/opt/ros/jazzy/share/rmw_implementation_cmake/cmake)
-- Found rmw_fastrtps_cpp: 8.4.2 (/opt/ros/jazzy/share/rmw_fastrtps_cpp/cmake)
-- Using RMW implementation 'rmw_fastrtps_cpp' as default
-- Found std_msgs: 5.3.6 (/opt/ros/jazzy/share/std_msgs/cmake)
-- Found ament_lint_auto: 0.17.2 (/opt/ros/jazzy/share/ament_lint_auto/cmake)
-- Added test 'copyright' to check source files copyright and LICENSE
-- Added test 'cppcheck' to perform static code analysis on C / C++ code
-- Configured cppcheck include dirs: 
-- Configured cppcheck exclude dirs and/or files: 
-- Added test 'cpplint' to check C / C++ code against the Google style
-- Configured cpplint exclude dirs and/or files: 
-- Added test 'flake8' to check Python code syntax and style conventions
-- Configured 'flake8' exclude dirs and/or files: 
-- Added test 'lint_cmake' to check CMake code style
-- Added test 'pep257' to check Python code against some of the docstring style conventions in PEP 257
-- Added test 'uncrustify' to check C / C++ code style
-- Configured uncrustify additional arguments: 
-- Added test 'xmllint' to check XML markup files
-- Configuring done (0.8s)
-- Generating done (0.0s)
-- Build files have been written to: /home/zenyn/Thrust-Control/build/thrust_control
[ 13%] [32mBuilding CXX object _deps/googletest-build/googletest/CMakeFiles/gtest.dir/src/gtest-all.cc.o[0m
[ 22%] Built target PropulsionFunctions
[ 27%] [32mBuilding CXX object CMakeFiles/thrust_control.dir/thrust_control_node.cpp.o[0m
[ 31%] [32mBuilding CXX object CMakeFiles/thrust_control.dir/main.cpp.o[0m
[ 36%] [32mBuilding CXX object CMakeFiles/thrust_control.dir/thrust_control_supervisor.cpp.o[0m
[ 40%] [32mBuilding CXX object CMakeFiles/thrust_control.dir/command_manager.cpp.o[0m
[ 45%] [32m[1mLinking CXX static library ../../../lib/libgtest.a[0m
[ 45%] Built target gtest
[ 50%] [32mBuilding CXX object _deps/googletest-build/googlemock/CMakeFiles/gmock.dir/src/gmock-all.cc.o[0m
[ 54%] [32mBuilding CXX object _deps/googletest-build/googletest/CMakeFiles/gtest_main.dir/src/gtest_main.cc.o[0m
[ 59%] [32m[1mLinking CXX static library ../../../lib/libgtest_main.a[0m
[ 59%] Built target gtest_main
[ 63%] [32mBuilding CXX object Command-Interpreter/CMakeFiles/propulsion_test.dir/testing/Command_Interpreter_Testing.cpp.o[0m
[ 68%] [32m[1mLinking CXX executable propulsion_test[0m
[ 81%] Built target propulsion_test
[ 86%] [32m[1mLinking CXX static library ../../../lib/libgmock.a[0m
[ 86%] Built target gmock
[ 90%] [32mBuilding CXX object _deps/googletest-build/googlemock/CMakeFiles/gmock_main.dir/src/gmock_main.cc.o[0m
[ 95%] [32m[1mLinking CXX static library ../../../lib/libgmock_main.a[0m
[ 95%] Built target gmock_main
[100%] [32m[1mLinking CXX executable thrust_control[0m
[100%] Built target thrust_control
-- Install configuration: ""
-- Installing: /home/zenyn/Thrust-Control/install/thrust_control/lib/thrust_control/thrust_control
-- Set non-toolchain portion of runtime path of "/home/zenyn/Thrust-Control/install/thrust_control/lib/thrust_control/thrust_control" to ""
-- Up-to-date: /home/zenyn/Thrust-Control/install/thrust_control/share/ament_index/resource_index/package_run_dependencies/thrust_control
-- Up-to-date: /home/zenyn/Thrust-Control/install/thrust_control/share/ament_index/resource_index/parent_prefix_path/thrust_control
-- Installing: /home/zenyn/Thrust-Control/install/thrust_control/share/thrust_control/environment/ament_prefix_path.sh
-- Up-to-date: /home/zenyn/Thrust-Control/install/thrust_control/share/thrust_control/environment/ament_prefix_path.dsv
-- Installing: /home/zenyn/Thrust-Control/install/thrust_control/share/thrust_control/environment/path.sh
-- Up-to-date: /home/zenyn/Thrust-Control/install/thrust_control/share/thrust_control/environment/path.dsv
-- Up-to-date: /home/zenyn/Thrust-Control/install/thrust_control/share/thrust_control/local_setup.bash
-- Up-to-date: /home/zenyn/Thrust-Control/install/thrust_control/share/thrust_control/local_setup.sh
-- Up-to-date: /home/zenyn/Thrust-Control/install/thrust_control/share/thrust_control/local_setup.zsh
-- Up-to-date: /home/zenyn/Thrust-Control/install/thrust_control/share/thrust_control/local_setup.dsv
-- Up-to-date: /home/zenyn/Thrust-Control/install/thrust_control/share/thrust_control/package.dsv
-- Up-to-date: /home/zenyn/Thrust-Control/install/thrust_control/share/ament_index/resource_index/packages/thrust_control
-- Up-to-date: /home/zenyn/Thrust-Control/install/thrust_control/share/thrust_control/cmake/ament_cmake_export_include_directories-extras.cmake
-- Up-to-date: /home/zenyn/Thrust-Control/install/thrust_control/share/thrust_control/cmake/ament_cmake_export_dependencies-extras.cmake
-- Up-to-date: /home/zenyn/Thrust-Control/install/thrust_control/share/thrust_control/cmake/thrust_controlConfig.cmake
-- Up-to-date: /home/zenyn/Thrust-Control/install/thrust_control/share/thrust_control/cmake/thrust_controlConfig-version.cmake
-- Installing: /home/zenyn/Thrust-Control/install/thrust_control/share/thrust_control/package.xml
-- Up-to-date: /home/zenyn/Thrust-Control/install/thrust_control/include
-- Up-to-date: /home/zenyn/Thrust-Control/install/thrust_control/include/gmock
-- Up-to-date: /home/zenyn/Thrust-Control/install/thrust_control/include/gmock/gmock-spec-builders.h
-- Up-to-date: /home/zenyn/Thrust-Control/install/thrust_control/include/gmock/gmock-matchers.h
-- Up-to-date: /home/zenyn/Thrust-Control/install/thrust_control/include/gmock/gmock.h
-- Up-to-date: /home/zenyn/Thrust-Control/install/thrust_control/include/gmock/gmock-nice-strict.h
-- Up-to-date: /home/zenyn/Thrust-Control/install/thrust_control/include/gmock/gmock-more-actions.h
-- Up-to-date: /home/zenyn/Thrust-Control/install/thrust_control/include/gmock/gmock-actions.h
-- Up-to-date: /home/zenyn/Thrust-Control/install/thrust_control/include/gmock/gmock-cardinalities.h
-- Up-to-date: /home/zenyn/Thrust-Control/install/thrust_control/include/gmock/internal
-- Up-to-date: /home/zenyn/Thrust-Control/install/thrust_control/include/gmock/internal/gmock-pp.h
-- Up-to-date: /home/zenyn/Thrust-Control/install/thrust_control/include/gmock/internal/gmock-port.h
-- Up-to-date: /home/zenyn/Thrust-Control/install/thrust_control/include/gmock/internal/gmock-internal-utils.h
-- Up-to-date: /home/zenyn/Thrust-Control/install/thrust_control/include/gmock/internal/custom
-- Up-to-date: /home/zenyn/Thrust-Control/install/thrust_control/include/gmock/internal/custom/gmock-matchers.h
-- Up-to-date: /home/zenyn/Thrust-Control/install/thrust_control/include/gmock/internal/custom/gmock-port.h
-- Up-to-date: /home/zenyn/Thrust-Control/install/thrust_control/include/gmock/internal/custom/README.md
-- Up-to-date: /home/zenyn/Thrust-Control/install/thrust_control/include/gmock/internal/custom/gmock-generated-actions.h
-- Up-to-date: /home/zenyn/Thrust-Control/install/thrust_control/include/gmock/gmock-more-matchers.h
-- Up-to-date: /home/zenyn/Thrust-Control/install/thrust_control/include/gmock/gmock-function-mocker.h
-- Installing: /home/zenyn/Thrust-Control/install/thrust_control/lib/libgmock.a
-- Installing: /home/zenyn/Thrust-Control/install/thrust_control/lib/libgmock_main.a
-- Up-to-date: /home/zenyn/Thrust-Control/install/thrust_control/lib/pkgconfig/gmock.pc
-- Up-to-date: /home/zenyn/Thrust-Control/install/thrust_control/lib/pkgconfig/gmock_main.pc
-- Up-to-date: /home/zenyn/Thrust-Control/install/thrust_control/lib/cmake/GTest/GTestTargets.cmake
-- Up-to-date: /home/zenyn/Thrust-Control/install/thrust_control/lib/cmake/GTest/GTestTargets-noconfig.cmake
-- Up-to-date: /home/zenyn/Thrust-Control/install/thrust_control/lib/cmake/GTest/GTestConfigVersion.cmake
-- Up-to-date: /home/zenyn/Thrust-Control/install/thrust_control/lib/cmake/GTest/GTestConfig.cmake
-- Up-to-date: /home/zenyn/Thrust-Control/install/thrust_control/include
-- Up-to-date: /home/zenyn/Thrust-Control/install/thrust_control/include/gtest
-- Up-to-date: /home/zenyn/Thrust-Control/install/thrust_control/include/gtest/gtest-printers.h
-- Up-to-date: /home/zenyn/Thrust-Control/install/thrust_control/include/gtest/gtest-typed-test.h
-- Up-to-date: /home/zenyn/Thrust-Control/install/thrust_control/include/gtest/gtest.h
-- Up-to-date: /home/zenyn/Thrust-Control/install/thrust_control/include/gtest/gtest-param-test.h
-- Up-to-date: /home/zenyn/Thrust-Control/install/thrust_control/include/gtest/gtest-death-test.h
-- Up-to-date: /home/zenyn/Thrust-Control/install/thrust_control/include/gtest/gtest_prod.h
-- Up-to-date: /home/zenyn/Thrust-Control/install/thrust_control/include/gtest/gtest-test-part.h
-- Up-to-date: /home/zenyn/Thrust-Control/install/thrust_control/include/gtest/gtest_pred_impl.h
-- Up-to-date: /home/zenyn/Thrust-Control/install/thrust_control/include/gtest/gtest-matchers.h
-- Up-to-date: /home/zenyn/Thrust-Control/install/thrust_control/include/gtest/gtest-spi.h
-- Up-to-date: /home/zenyn/Thrust-Control/install/thrust_control/include/gtest/gtest-assertion-result.h
-- Up-to-date: /home/zenyn/Thrust-Control/install/thrust_control/include/gtest/internal
-- Up-to-date: /home/zenyn/Thrust-Control/install/thrust_control/include/gtest/internal/gtest-port-arch.h
-- Up-to-date: /home/zenyn/Thrust-Control/install/thrust_control/include/gtest/internal/gtest-port.h
-- Up-to-date: /home/zenyn/Thrust-Control/install/thrust_control/include/gtest/internal/gtest-filepath.h
-- Up-to-date: /home/zenyn/Thrust-Control/install/thrust_control/include/gtest/internal/gtest-type-util.h
-- Up-to-date: /home/zenyn/Thrust-Control/install/thrust_control/include/gtest/internal/gtest-death-test-internal.h
-- Up-to-date: /home/zenyn/Thrust-Control/install/thrust_control/include/gtest/internal/gtest-string.h
-- Up-to-date: /home/zenyn/Thrust-Control/install/thrust_control/include/gtest/internal/gtest-param-util.h
-- Up-to-date: /home/zenyn/Thrust-Control/install/thrust_control/include/gtest/internal/gtest-internal.h
-- Up-to-date: /home/zenyn/Thrust-Control/install/thrust_control/include/gtest/internal/custom
-- Up-to-date: /home/zenyn/Thrust-Control/install/thrust_control/include/gtest/internal/custom/gtest-printers.h
-- Up-to-date: /home/zenyn/Thrust-Control/install/thrust_control/include/gtest/internal/custom/gtest.h
-- Up-to-date: /home/zenyn/Thrust-Control/install/thrust_control/include/gtest/internal/custom/gtest-port.h
-- Up-to-date: /home/zenyn/Thrust-Control/install/thrust_control/include/gtest/internal/custom/README.md
-- Up-to-date: /home/zenyn/Thrust-Control/install/thrust_control/include/gtest/gtest-message.h
-- Installing: /home/zenyn/Thrust-Control/install/thrust_control/lib/libgtest.a
-- Installing: /home/zenyn/Thrust-Control/install/thrust_control/lib/libgtest_main.a
-- Up-to-date: /home/zenyn/Thrust-Control/install/thrust_control/lib/pkgconfig/gtest.pc
-- Up-to-date: /home/zenyn/Thrust-Control/install/thrust_control/lib/pkgconfig/gtest_main.pc
