[100%] Built target thrust_control
-- Install configuration: ""
-- Up-to-date: /home/propulsion/Thrust_Control_Clone/Thrust-Control/install/thrust_control/lib/thrust_control/thrust_control
-- Up-to-date: /home/propulsion/Thrust_Control_Clone/Thrust-Control/install/thrust_control/include
-- Up-to-date: /home/propulsion/Thrust_Control_Clone/Thrust-Control/install/thrust_control/include/log
-- Up-to-date: /home/propulsion/Thrust_Control_Clone/Thrust-Control/install/thrust_control/include/log/build_2025-05-09_17-30-57
-- Up-to-date: /home/propulsion/Thrust_Control_Clone/Thrust-Control/install/thrust_control/include/log/build_2025-05-09_17-30-57/logger_all.log
-- Up-to-date: /home/propulsion/Thrust_Control_Clone/Thrust-Control/install/thrust_control/include/log/build_2025-05-09_17-30-57/events.log
-- Up-to-date: /home/propulsion/Thrust_Control_Clone/Thrust-Control/install/thrust_control/include/log/latest
-- Up-to-date: /home/propulsion/Thrust_Control_Clone/Thrust-Control/install/thrust_control/include/log/COLCON_IGNORE
-- Up-to-date: /home/propulsion/Thrust_Control_Clone/Thrust-Control/install/thrust_control/include/log/latest_build
-- Up-to-date: /home/propulsion/Thrust_Control_Clone/Thrust-Control/install/thrust_control/include/log/build_2025-05-09_18-05-17
-- Up-to-date: /home/propulsion/Thrust_Control_Clone/Thrust-Control/install/thrust_control/include/log/build_2025-05-09_18-05-17/logger_all.log
-- Up-to-date: /home/propulsion/Thrust_Control_Clone/Thrust-Control/install/thrust_control/include/log/build_2025-05-09_18-05-17/events.log
-- Up-to-date: /home/propulsion/Thrust_Control_Clone/Thrust-Control/install/thrust_control/include/install
-- Up-to-date: /home/propulsion/Thrust_Control_Clone/Thrust-Control/install/thrust_control/include/install/setup.ps1
-- Up-to-date: /home/propulsion/Thrust_Control_Clone/Thrust-Control/install/thrust_control/include/install/local_setup.sh
-- Up-to-date: /home/propulsion/Thrust_Control_Clone/Thrust-Control/install/thrust_control/include/install/_local_setup_util_sh.py
-- Up-to-date: /home/propulsion/Thrust_Control_Clone/Thrust-Control/install/thrust_control/include/install/setup.bash
-- Up-to-date: /home/propulsion/Thrust_Control_Clone/Thrust-Control/install/thrust_control/include/install/setup.zsh
-- Up-to-date: /home/propulsion/Thrust_Control_Clone/Thrust-Control/install/thrust_control/include/install/local_setup.zsh
-- Up-to-date: /home/propulsion/Thrust_Control_Clone/Thrust-Control/install/thrust_control/include/install/local_setup.bash
-- Up-to-date: /home/propulsion/Thrust_Control_Clone/Thrust-Control/install/thrust_control/include/install/COLCON_IGNORE
-- Up-to-date: /home/propulsion/Thrust_Control_Clone/Thrust-Control/install/thrust_control/include/install/_local_setup_util_ps1.py
-- Up-to-date: /home/propulsion/Thrust_Control_Clone/Thrust-Control/install/thrust_control/include/install/local_setup.ps1
-- Up-to-date: /home/propulsion/Thrust_Control_Clone/Thrust-Control/install/thrust_control/include/install/.colcon_install_layout
-- Up-to-date: /home/propulsion/Thrust_Control_Clone/Thrust-Control/install/thrust_control/include/install/setup.sh
-- Up-to-date: /home/propulsion/Thrust_Control_Clone/Thrust-Control/install/thrust_control/include/thrust_control
-- Up-to-date: /home/propulsion/Thrust_Control_Clone/Thrust-Control/install/thrust_control/include/thrust_control/thrust_control_supervisor.hpp
-- Up-to-date: /home/propulsion/Thrust_Control_Clone/Thrust-Control/install/thrust_control/include/thrust_control/thrust_control_node.hpp
-- Up-to-date: /home/propulsion/Thrust_Control_Clone/Thrust-Control/install/thrust_control/include/build
-- Up-to-date: /home/propulsion/Thrust_Control_Clone/Thrust-Control/install/thrust_control/include/build/.built_by
-- Up-to-date: /home/propulsion/Thrust_Control_Clone/Thrust-Control/install/thrust_control/include/build/COLCON_IGNORE
-- Up-to-date: /home/propulsion/Thrust_Control_Clone/Thrust-Control/install/thrust_control/share/ament_index/resource_index/package_run_dependencies/thrust_control
-- Up-to-date: /home/propulsion/Thrust_Control_Clone/Thrust-Control/install/thrust_control/share/ament_index/resource_index/parent_prefix_path/thrust_control
-- Up-to-date: /home/propulsion/Thrust_Control_Clone/Thrust-Control/install/thrust_control/share/thrust_control/environment/ament_prefix_path.sh
-- Up-to-date: /home/propulsion/Thrust_Control_Clone/Thrust-Control/install/thrust_control/share/thrust_control/environment/ament_prefix_path.dsv
-- Up-to-date: /home/propulsion/Thrust_Control_Clone/Thrust-Control/install/thrust_control/share/thrust_control/environment/path.sh
-- Up-to-date: /home/propulsion/Thrust_Control_Clone/Thrust-Control/install/thrust_control/share/thrust_control/environment/path.dsv
-- Up-to-date: /home/propulsion/Thrust_Control_Clone/Thrust-Control/install/thrust_control/share/thrust_control/local_setup.bash
-- Up-to-date: /home/propulsion/Thrust_Control_Clone/Thrust-Control/install/thrust_control/share/thrust_control/local_setup.sh
-- Up-to-date: /home/propulsion/Thrust_Control_Clone/Thrust-Control/install/thrust_control/share/thrust_control/local_setup.zsh
-- Up-to-date: /home/propulsion/Thrust_Control_Clone/Thrust-Control/install/thrust_control/share/thrust_control/local_setup.dsv
-- Installing: /home/propulsion/Thrust_Control_Clone/Thrust-Control/install/thrust_control/share/thrust_control/package.dsv
-- Up-to-date: /home/propulsion/Thrust_Control_Clone/Thrust-Control/install/thrust_control/share/ament_index/resource_index/packages/thrust_control
-- Up-to-date: /home/propulsion/Thrust_Control_Clone/Thrust-Control/install/thrust_control/share/thrust_control/cmake/ament_cmake_export_include_directories-extras.cmake
-- Up-to-date: /home/propulsion/Thrust_Control_Clone/Thrust-Control/install/thrust_control/share/thrust_control/cmake/ament_cmake_export_dependencies-extras.cmake
-- Up-to-date: /home/propulsion/Thrust_Control_Clone/Thrust-Control/install/thrust_control/share/thrust_control/cmake/thrust_controlConfig.cmake
-- Up-to-date: /home/propulsion/Thrust_Control_Clone/Thrust-Control/install/thrust_control/share/thrust_control/cmake/thrust_controlConfig-version.cmake
-- Up-to-date: /home/propulsion/Thrust_Control_Clone/Thrust-Control/install/thrust_control/share/thrust_control/package.xml
