[0.007s] Invoking command in '/home/zenyn/Thrust-Control/build/thrust_control': CMAKE_PREFIX_PATH=${CMAKE_PREFIX_PATH}:/opt/ros/jazzy /usr/bin/cmake /home/zenyn/Thrust-Control -DBUILD_TESTING=ON -DCMAKE_INSTALL_PREFIX=/home/zenyn/Thrust-Control/install/thrust_control
[0.118s] -- Project setup complete
[0.119s] -- Run 'make' to build the project
[0.119s] -- Run 'ctest' to execute the tests
[0.119s] -- Found ament_cmake: 2.5.3 (/opt/ros/jazzy/share/ament_cmake/cmake)
[0.323s] -- Found rclcpp: 28.1.8 (/opt/ros/jazzy/share/rclcpp/cmake)
[0.342s] -- Found rosidl_generator_c: 4.6.5 (/opt/ros/jazzy/share/rosidl_generator_c/cmake)
[0.348s] -- Found rosidl_generator_cpp: 4.6.5 (/opt/ros/jazzy/share/rosidl_generator_cpp/cmake)
[0.356s] -- Using all available rosidl_typesupport_c: rosidl_typesupport_fastrtps_c;rosidl_typesupport_introspection_c
[0.365s] -- Using all available rosidl_typesupport_cpp: rosidl_typesupport_fastrtps_cpp;rosidl_typesupport_introspection_cpp
[0.409s] -- Found rmw_implementation_cmake: 7.3.2 (/opt/ros/jazzy/share/rmw_implementation_cmake/cmake)
[0.410s] -- Found rmw_fastrtps_cpp: 8.4.2 (/opt/ros/jazzy/share/rmw_fastrtps_cpp/cmake)
[0.480s] -- Using RMW implementation 'rmw_fastrtps_cpp' as default
[0.528s] -- Found std_msgs: 5.3.6 (/opt/ros/jazzy/share/std_msgs/cmake)
[0.538s] -- Found ament_lint_auto: 0.17.2 (/opt/ros/jazzy/share/ament_lint_auto/cmake)
[0.624s] -- Added test 'copyright' to check source files copyright and LICENSE
[0.682s] -- Added test 'cppcheck' to perform static code analysis on C / C++ code
[0.682s] -- Configured cppcheck include dirs: /home/zenyn/Thrust-Control/src
[0.682s] -- Configured cppcheck exclude dirs and/or files: 
[0.738s] -- Added test 'cpplint' to check C / C++ code against the Google style
[0.738s] -- Configured cpplint exclude dirs and/or files: 
[0.745s] -- Added test 'flake8' to check Python code syntax and style conventions
[0.745s] -- Configured 'flake8' exclude dirs and/or files: 
[0.759s] -- Added test 'lint_cmake' to check CMake code style
[0.766s] -- Added test 'pep257' to check Python code against some of the docstring style conventions in PEP 257
[0.821s] -- Added test 'uncrustify' to check C / C++ code style
[0.822s] -- Configured uncrustify additional arguments: 
[0.829s] -- Added test 'xmllint' to check XML markup files
[0.830s] -- Configuring done (0.8s)
[0.833s] [31mCMake Error at include/exported-PID-control/test/CMakeLists.txt:8 (add_library):
[0.833s]   Cannot find source file:
[0.833s] 
[0.833s]     /home/zenyn/Thrust-Control/include/exported-PID-control/test/src/controller_codegenTest.cpp
[0.833s] 
[0.833s]   Tried extensions .c .C .c++ .cc .cpp .cxx .cu .mpp .m .M .mm .ixx .cppm
[0.833s]   .ccm .cxxm .c++m .h .hh .h++ .hm .hpp .hxx .in .txx .f .F .for .f77 .f90
[0.833s]   .f95 .f03 .hip .ispc
[0.833s] 
[0.833s] [0m
[0.835s] [31mCMake Error at include/exported-PID-control/test/CMakeLists.txt:8 (add_library):
[0.835s]   No SOURCES given to target: controller_lib
[0.835s] 
[0.835s] [0m
[0.835s] [0mCMake Generate step failed.  Build files cannot be regenerated correctly.[0m
[0.841s] Invoked command in '/home/zenyn/Thrust-Control/build/thrust_control' returned '1': CMAKE_PREFIX_PATH=${CMAKE_PREFIX_PATH}:/opt/ros/jazzy /usr/bin/cmake /home/zenyn/Thrust-Control -DBUILD_TESTING=ON -DCMAKE_INSTALL_PREFIX=/home/zenyn/Thrust-Control/install/thrust_control
