-- Project setup complete
-- Run 'make' to build the project
-- Run 'ctest' to execute the tests
-- Found ament_cmake: 2.5.3 (/opt/ros/jazzy/share/ament_cmake/cmake)
-- Found rclcpp: 28.1.8 (/opt/ros/jazzy/share/rclcpp/cmake)
-- Found rosidl_generator_c: 4.6.5 (/opt/ros/jazzy/share/rosidl_generator_c/cmake)
-- Found rosidl_generator_cpp: 4.6.5 (/opt/ros/jazzy/share/rosidl_generator_cpp/cmake)
-- Using all available rosidl_typesupport_c: rosidl_typesupport_fastrtps_c;rosidl_typesupport_introspection_c
-- Using all available rosidl_typesupport_cpp: rosidl_typesupport_fastrtps_cpp;rosidl_typesupport_introspection_cpp
-- Found rmw_implementation_cmake: 7.3.2 (/opt/ros/jazzy/share/rmw_implementation_cmake/cmake)
-- Found rmw_fastrtps_cpp: 8.4.2 (/opt/ros/jazzy/share/rmw_fastrtps_cpp/cmake)
-- Using RMW implementation 'rmw_fastrtps_cpp' as default
-- Found std_msgs: 5.3.6 (/opt/ros/jazzy/share/std_msgs/cmake)
-- Found ament_lint_auto: 0.17.2 (/opt/ros/jazzy/share/ament_lint_auto/cmake)
-- Added test 'copyright' to check source files copyright and LICENSE
-- Added test 'cppcheck' to perform static code analysis on C / C++ code
-- Configured cppcheck include dirs: /home/zenyn/Thrust-Control/src;/home/zenyn/Thrust-Control/Command-Interpreter/lib;/home/zenyn/Thrust-Control/include
-- Configured cppcheck exclude dirs and/or files: 
-- Added test 'cpplint' to check C / C++ code against the Google style
-- Configured cpplint exclude dirs and/or files: 
-- Added test 'flake8' to check Python code syntax and style conventions
-- Configured 'flake8' exclude dirs and/or files: 
-- Added test 'lint_cmake' to check CMake code style
-- Added test 'pep257' to check Python code against some of the docstring style conventions in PEP 257
-- Added test 'uncrustify' to check C / C++ code style
-- Configured uncrustify additional arguments: 
-- Added test 'xmllint' to check XML markup files
-- Configuring done (0.9s)
-- Generating done (0.0s)
-- Build files have been written to: /home/zenyn/Thrust-Control/build/thrust_control
[  2%] [32mBuilding CXX object include/exported-PID-control/test/CMakeFiles/controller_test_lib.dir/__/src/controller_codegenTest_data.cpp.o[0m
[  7%] Built target gtest
[ 10%] [32mBuilding CXX object include/exported-PID-control/test/CMakeFiles/controller_test_lib.dir/__/src/controller_codegenTest.cpp.o[0m
[ 13%] [32mBuilding CXX object include/exported-PID-control/src/CMakeFiles/controller_lib.dir/controller_codegenTest.cpp.o[0m
[ 15%] [32mBuilding CXX object include/exported-PID-control/src/CMakeFiles/controller_lib.dir/controller_codegenTest_data.cpp.o[0m
[ 26%] Built target PropulsionFunctions
[ 31%] Built target gtest_main
[ 36%] Built target gmock
[ 50%] Built target propulsion_test
[ 55%] Built target gmock_main
[ 57%] [32m[1mLinking CXX shared library ../../../controller_lib.so[0m
[ 60%] [32m[1mLinking CXX static library libcontroller_test_lib.a[0m
[36m### Created library: /home/zenyn/Thrust-Control/build/thrust_control/controller_lib.so[0m
[ 60%] Built target controller_lib
[ 60%] Built target controller_test_lib
[ 63%] [32mBuilding CXX object CMakeFiles/thrust_control.dir/src/thrust_control_node.cpp.o[0m
[ 65%] [32mBuilding CXX object include/exported-PID-control/test/CMakeFiles/controller_test.dir/controller_test.cpp.o[0m
[ 68%] [32mBuilding CXX object CMakeFiles/thrust_control.dir/src/main.cpp.o[0m
[ 71%] [32mBuilding CXX object CMakeFiles/test_thrust_control_node.dir/src/thrust_control_supervisor.cpp.o[0m
[ 73%] [32mBuilding CXX object CMakeFiles/test_thrust_control_node.dir/src/thrust_control_node.cpp.o[0m
[ 76%] [32mBuilding CXX object CMakeFiles/thrust_control.dir/src/thrust_control_supervisor.cpp.o[0m
[ 78%] [32mBuilding CXX object CMakeFiles/test_thrust_control_node.dir/src/command_interpreter_pointer.cpp.o[0m
[ 81%] [32mBuilding CXX object CMakeFiles/test_thrust_control_node.dir/tests/test_thrust_control_node.cpp.o[0m
[ 86%] [32mBuilding CXX object CMakeFiles/test_thrust_control_supervisor.dir/tests/test_thrust_control_supervisor.cpp.o[0m
[ 86%] [32mBuilding CXX object CMakeFiles/test_thrust_control_supervisor.dir/src/command_interpreter_pointer.cpp.o[0m
[ 89%] [32mBuilding CXX object CMakeFiles/test_thrust_control_supervisor.dir/src/thrust_control_supervisor.cpp.o[0m
[ 92%] [32m[1mLinking CXX executable controller_test[0m
[ 92%] Built target controller_test
[ 94%] [32m[1mLinking CXX executable test_thrust_control_supervisor[0m
[ 94%] Built target test_thrust_control_supervisor
[ 97%] [32m[1mLinking CXX executable thrust_control[0m
[ 97%] Built target thrust_control
[100%] [32m[1mLinking CXX executable test_thrust_control_node[0m
[100%] Built target test_thrust_control_node
-- Install configuration: ""
-- Installing: /home/zenyn/Thrust-Control/install/thrust_control/lib/thrust_control/thrust_control
-- Set non-toolchain portion of runtime path of "/home/zenyn/Thrust-Control/install/thrust_control/lib/thrust_control/thrust_control" to ""
-- Installing: /home/zenyn/Thrust-Control/install/thrust_control/share/ament_index/resource_index/package_run_dependencies/thrust_control
-- Installing: /home/zenyn/Thrust-Control/install/thrust_control/share/ament_index/resource_index/parent_prefix_path/thrust_control
-- Installing: /home/zenyn/Thrust-Control/install/thrust_control/share/thrust_control/environment/ament_prefix_path.sh
-- Installing: /home/zenyn/Thrust-Control/install/thrust_control/share/thrust_control/environment/ament_prefix_path.dsv
-- Installing: /home/zenyn/Thrust-Control/install/thrust_control/share/thrust_control/environment/path.sh
-- Installing: /home/zenyn/Thrust-Control/install/thrust_control/share/thrust_control/environment/path.dsv
-- Installing: /home/zenyn/Thrust-Control/install/thrust_control/share/thrust_control/local_setup.bash
-- Installing: /home/zenyn/Thrust-Control/install/thrust_control/share/thrust_control/local_setup.sh
-- Installing: /home/zenyn/Thrust-Control/install/thrust_control/share/thrust_control/local_setup.zsh
-- Installing: /home/zenyn/Thrust-Control/install/thrust_control/share/thrust_control/local_setup.dsv
-- Installing: /home/zenyn/Thrust-Control/install/thrust_control/share/thrust_control/package.dsv
-- Installing: /home/zenyn/Thrust-Control/install/thrust_control/share/ament_index/resource_index/packages/thrust_control
-- Installing: /home/zenyn/Thrust-Control/install/thrust_control/share/thrust_control/cmake/ament_cmake_export_include_directories-extras.cmake
-- Installing: /home/zenyn/Thrust-Control/install/thrust_control/share/thrust_control/cmake/ament_cmake_export_dependencies-extras.cmake
-- Installing: /home/zenyn/Thrust-Control/install/thrust_control/share/thrust_control/cmake/thrust_controlConfig.cmake
-- Installing: /home/zenyn/Thrust-Control/install/thrust_control/share/thrust_control/cmake/thrust_controlConfig-version.cmake
-- Installing: /home/zenyn/Thrust-Control/install/thrust_control/share/thrust_control/package.xml
-- Installing: /home/zenyn/Thrust-Control/install/thrust_control/include
-- Installing: /home/zenyn/Thrust-Control/install/thrust_control/include/gmock
-- Installing: /home/zenyn/Thrust-Control/install/thrust_control/include/gmock/gmock-spec-builders.h
-- Installing: /home/zenyn/Thrust-Control/install/thrust_control/include/gmock/gmock-matchers.h
-- Installing: /home/zenyn/Thrust-Control/install/thrust_control/include/gmock/gmock.h
-- Installing: /home/zenyn/Thrust-Control/install/thrust_control/include/gmock/gmock-nice-strict.h
-- Installing: /home/zenyn/Thrust-Control/install/thrust_control/include/gmock/gmock-more-actions.h
-- Installing: /home/zenyn/Thrust-Control/install/thrust_control/include/gmock/gmock-actions.h
-- Installing: /home/zenyn/Thrust-Control/install/thrust_control/include/gmock/gmock-cardinalities.h
-- Installing: /home/zenyn/Thrust-Control/install/thrust_control/include/gmock/internal
-- Installing: /home/zenyn/Thrust-Control/install/thrust_control/include/gmock/internal/gmock-pp.h
-- Installing: /home/zenyn/Thrust-Control/install/thrust_control/include/gmock/internal/gmock-port.h
-- Installing: /home/zenyn/Thrust-Control/install/thrust_control/include/gmock/internal/gmock-internal-utils.h
-- Installing: /home/zenyn/Thrust-Control/install/thrust_control/include/gmock/internal/custom
-- Installing: /home/zenyn/Thrust-Control/install/thrust_control/include/gmock/internal/custom/gmock-matchers.h
-- Installing: /home/zenyn/Thrust-Control/install/thrust_control/include/gmock/internal/custom/gmock-port.h
-- Installing: /home/zenyn/Thrust-Control/install/thrust_control/include/gmock/internal/custom/README.md
-- Installing: /home/zenyn/Thrust-Control/install/thrust_control/include/gmock/internal/custom/gmock-generated-actions.h
-- Installing: /home/zenyn/Thrust-Control/install/thrust_control/include/gmock/gmock-more-matchers.h
-- Installing: /home/zenyn/Thrust-Control/install/thrust_control/include/gmock/gmock-function-mocker.h
-- Installing: /home/zenyn/Thrust-Control/install/thrust_control/lib/libgmock.a
-- Installing: /home/zenyn/Thrust-Control/install/thrust_control/lib/libgmock_main.a
-- Installing: /home/zenyn/Thrust-Control/install/thrust_control/lib/pkgconfig/gmock.pc
-- Installing: /home/zenyn/Thrust-Control/install/thrust_control/lib/pkgconfig/gmock_main.pc
-- Installing: /home/zenyn/Thrust-Control/install/thrust_control/lib/cmake/GTest/GTestTargets.cmake
-- Installing: /home/zenyn/Thrust-Control/install/thrust_control/lib/cmake/GTest/GTestTargets-noconfig.cmake
-- Installing: /home/zenyn/Thrust-Control/install/thrust_control/lib/cmake/GTest/GTestConfigVersion.cmake
-- Installing: /home/zenyn/Thrust-Control/install/thrust_control/lib/cmake/GTest/GTestConfig.cmake
-- Up-to-date: /home/zenyn/Thrust-Control/install/thrust_control/include
-- Installing: /home/zenyn/Thrust-Control/install/thrust_control/include/gtest
-- Installing: /home/zenyn/Thrust-Control/install/thrust_control/include/gtest/gtest-printers.h
-- Installing: /home/zenyn/Thrust-Control/install/thrust_control/include/gtest/gtest-typed-test.h
-- Installing: /home/zenyn/Thrust-Control/install/thrust_control/include/gtest/gtest.h
-- Installing: /home/zenyn/Thrust-Control/install/thrust_control/include/gtest/gtest-param-test.h
-- Installing: /home/zenyn/Thrust-Control/install/thrust_control/include/gtest/gtest-death-test.h
-- Installing: /home/zenyn/Thrust-Control/install/thrust_control/include/gtest/gtest_prod.h
-- Installing: /home/zenyn/Thrust-Control/install/thrust_control/include/gtest/gtest-test-part.h
-- Installing: /home/zenyn/Thrust-Control/install/thrust_control/include/gtest/gtest_pred_impl.h
-- Installing: /home/zenyn/Thrust-Control/install/thrust_control/include/gtest/gtest-matchers.h
-- Installing: /home/zenyn/Thrust-Control/install/thrust_control/include/gtest/gtest-spi.h
-- Installing: /home/zenyn/Thrust-Control/install/thrust_control/include/gtest/gtest-assertion-result.h
-- Installing: /home/zenyn/Thrust-Control/install/thrust_control/include/gtest/internal
-- Installing: /home/zenyn/Thrust-Control/install/thrust_control/include/gtest/internal/gtest-port-arch.h
-- Installing: /home/zenyn/Thrust-Control/install/thrust_control/include/gtest/internal/gtest-port.h
-- Installing: /home/zenyn/Thrust-Control/install/thrust_control/include/gtest/internal/gtest-filepath.h
-- Installing: /home/zenyn/Thrust-Control/install/thrust_control/include/gtest/internal/gtest-type-util.h
-- Installing: /home/zenyn/Thrust-Control/install/thrust_control/include/gtest/internal/gtest-death-test-internal.h
-- Installing: /home/zenyn/Thrust-Control/install/thrust_control/include/gtest/internal/gtest-string.h
-- Installing: /home/zenyn/Thrust-Control/install/thrust_control/include/gtest/internal/gtest-param-util.h
-- Installing: /home/zenyn/Thrust-Control/install/thrust_control/include/gtest/internal/gtest-internal.h
-- Installing: /home/zenyn/Thrust-Control/install/thrust_control/include/gtest/internal/custom
-- Installing: /home/zenyn/Thrust-Control/install/thrust_control/include/gtest/internal/custom/gtest-printers.h
-- Installing: /home/zenyn/Thrust-Control/install/thrust_control/include/gtest/internal/custom/gtest.h
-- Installing: /home/zenyn/Thrust-Control/install/thrust_control/include/gtest/internal/custom/gtest-port.h
-- Installing: /home/zenyn/Thrust-Control/install/thrust_control/include/gtest/internal/custom/README.md
-- Installing: /home/zenyn/Thrust-Control/install/thrust_control/include/gtest/gtest-message.h
-- Installing: /home/zenyn/Thrust-Control/install/thrust_control/lib/libgtest.a
-- Installing: /home/zenyn/Thrust-Control/install/thrust_control/lib/libgtest_main.a
-- Installing: /home/zenyn/Thrust-Control/install/thrust_control/lib/pkgconfig/gtest.pc
-- Installing: /home/zenyn/Thrust-Control/install/thrust_control/lib/pkgconfig/gtest_main.pc
