[0.007s] Invoking command in '/home/zenyn/Thrust-Control/build/thrust_control': CMAKE_PREFIX_PATH=${CMAKE_PREFIX_PATH}:/opt/ros/jazzy /usr/bin/cmake --build /home/zenyn/Thrust-Control/build/thrust_control -- -j12 -l12
[0.154s] -- Project setup complete
[0.155s] -- Run 'make' to build the project
[0.155s] -- Run 'ctest' to execute the tests
[0.155s] -- Found ament_cmake: 2.5.3 (/opt/ros/jazzy/share/ament_cmake/cmake)
[0.373s] -- Found rclcpp: 28.1.8 (/opt/ros/jazzy/share/rclcpp/cmake)
[0.392s] -- Found rosidl_generator_c: 4.6.5 (/opt/ros/jazzy/share/rosidl_generator_c/cmake)
[0.398s] -- Found rosidl_generator_cpp: 4.6.5 (/opt/ros/jazzy/share/rosidl_generator_cpp/cmake)
[0.406s] -- Using all available rosidl_typesupport_c: rosidl_typesupport_fastrtps_c;rosidl_typesupport_introspection_c
[0.415s] -- Using all available rosidl_typesupport_cpp: rosidl_typesupport_fastrtps_cpp;rosidl_typesupport_introspection_cpp
[0.459s] -- Found rmw_implementation_cmake: 7.3.2 (/opt/ros/jazzy/share/rmw_implementation_cmake/cmake)
[0.460s] -- Found rmw_fastrtps_cpp: 8.4.2 (/opt/ros/jazzy/share/rmw_fastrtps_cpp/cmake)
[0.536s] -- Using RMW implementation 'rmw_fastrtps_cpp' as default
[0.587s] -- Found std_msgs: 5.3.6 (/opt/ros/jazzy/share/std_msgs/cmake)
[0.598s] -- Found ament_lint_auto: 0.17.2 (/opt/ros/jazzy/share/ament_lint_auto/cmake)
[0.686s] -- Added test 'copyright' to check source files copyright and LICENSE
[0.755s] -- Added test 'cppcheck' to perform static code analysis on C / C++ code
[0.755s] -- Configured cppcheck include dirs: /home/zenyn/Thrust-Control/src;/home/zenyn/Thrust-Control/Command-Interpreter/lib;/home/zenyn/Thrust-Control/include
[0.755s] -- Configured cppcheck exclude dirs and/or files: 
[0.823s] -- Added test 'cpplint' to check C / C++ code against the Google style
[0.823s] -- Configured cpplint exclude dirs and/or files: 
[0.832s] -- Added test 'flake8' to check Python code syntax and style conventions
[0.832s] -- Configured 'flake8' exclude dirs and/or files: 
[0.850s] -- Added test 'lint_cmake' to check CMake code style
[0.859s] -- Added test 'pep257' to check Python code against some of the docstring style conventions in PEP 257
[0.930s] -- Added test 'uncrustify' to check C / C++ code style
[0.930s] -- Configured uncrustify additional arguments: 
[0.939s] -- Added test 'xmllint' to check XML markup files
[0.940s] -- Configuring done (0.9s)
[0.975s] -- Generating done (0.0s)
[0.982s] -- Build files have been written to: /home/zenyn/Thrust-Control/build/thrust_control
[1.023s] [  2%] [32mBuilding CXX object include/exported-PID-control/test/CMakeFiles/controller_test_lib.dir/__/src/controller_codegenTest_data.cpp.o[0m
[1.024s] [  7%] Built target gtest
[1.026s] [ 10%] [32mBuilding CXX object include/exported-PID-control/test/CMakeFiles/controller_test_lib.dir/__/src/controller_codegenTest.cpp.o[0m
[1.029s] [ 13%] [32mBuilding CXX object include/exported-PID-control/src/CMakeFiles/controller_lib.dir/controller_codegenTest.cpp.o[0m
[1.032s] [ 15%] [32mBuilding CXX object include/exported-PID-control/src/CMakeFiles/controller_lib.dir/controller_codegenTest_data.cpp.o[0m
[1.043s] [ 26%] Built target PropulsionFunctions
[1.060s] [ 31%] Built target gtest_main
[1.065s] [ 36%] Built target gmock
[1.089s] [ 50%] Built target propulsion_test
[1.093s] [ 55%] Built target gmock_main
[1.120s] [ 57%] [32m[1mLinking CXX shared library ../../../controller_lib.so[0m
[1.146s] [ 60%] [32m[1mLinking CXX static library libcontroller_test_lib.a[0m
[1.162s] [36m### Created library: /home/zenyn/Thrust-Control/build/thrust_control/controller_lib.so[0m
[1.173s] [ 60%] Built target controller_lib
[1.184s] [ 60%] Built target controller_test_lib
[1.212s] [ 63%] [32mBuilding CXX object CMakeFiles/thrust_control.dir/src/thrust_control_node.cpp.o[0m
[1.212s] [ 65%] [32mBuilding CXX object include/exported-PID-control/test/CMakeFiles/controller_test.dir/controller_test.cpp.o[0m
[1.214s] [ 68%] [32mBuilding CXX object CMakeFiles/thrust_control.dir/src/main.cpp.o[0m
[1.215s] [ 71%] [32mBuilding CXX object CMakeFiles/test_thrust_control_node.dir/src/thrust_control_supervisor.cpp.o[0m
[1.215s] [ 73%] [32mBuilding CXX object CMakeFiles/test_thrust_control_node.dir/src/thrust_control_node.cpp.o[0m
[1.217s] [ 76%] [32mBuilding CXX object CMakeFiles/thrust_control.dir/src/thrust_control_supervisor.cpp.o[0m
[1.218s] [ 78%] [32mBuilding CXX object CMakeFiles/test_thrust_control_node.dir/src/command_interpreter_pointer.cpp.o[0m
[1.218s] [ 81%] [32mBuilding CXX object CMakeFiles/test_thrust_control_node.dir/tests/test_thrust_control_node.cpp.o[0m
[1.227s] [ 86%] [32mBuilding CXX object CMakeFiles/test_thrust_control_supervisor.dir/tests/test_thrust_control_supervisor.cpp.o[0m
[1.227s] [ 86%] [32mBuilding CXX object CMakeFiles/test_thrust_control_supervisor.dir/src/command_interpreter_pointer.cpp.o[0m
[1.228s] [ 89%] [32mBuilding CXX object CMakeFiles/test_thrust_control_supervisor.dir/src/thrust_control_supervisor.cpp.o[0m
[2.463s] [ 92%] [32m[1mLinking CXX executable controller_test[0m
[2.653s] [ 92%] Built target controller_test
[5.749s] [ 94%] [32m[1mLinking CXX executable test_thrust_control_supervisor[0m
[6.007s] [ 94%] Built target test_thrust_control_supervisor
[8.461s] [ 97%] [32m[1mLinking CXX executable thrust_control[0m
[8.683s] [ 97%] Built target thrust_control
[9.283s] [100%] [32m[1mLinking CXX executable test_thrust_control_node[0m
[9.549s] [100%] Built target test_thrust_control_node
[9.565s] Invoked command in '/home/zenyn/Thrust-Control/build/thrust_control' returned '0': CMAKE_PREFIX_PATH=${CMAKE_PREFIX_PATH}:/opt/ros/jazzy /usr/bin/cmake --build /home/zenyn/Thrust-Control/build/thrust_control -- -j12 -l12
[9.580s] Invoking command in '/home/zenyn/Thrust-Control/build/thrust_control': CMAKE_PREFIX_PATH=${CMAKE_PREFIX_PATH}:/opt/ros/jazzy /usr/bin/cmake --install /home/zenyn/Thrust-Control/build/thrust_control
[9.591s] -- Install configuration: ""
[9.591s] -- Installing: /home/zenyn/Thrust-Control/install/thrust_control/lib/thrust_control/thrust_control
[9.595s] -- Set non-toolchain portion of runtime path of "/home/zenyn/Thrust-Control/install/thrust_control/lib/thrust_control/thrust_control" to ""
[9.595s] -- Installing: /home/zenyn/Thrust-Control/install/thrust_control/share/ament_index/resource_index/package_run_dependencies/thrust_control
[9.595s] -- Installing: /home/zenyn/Thrust-Control/install/thrust_control/share/ament_index/resource_index/parent_prefix_path/thrust_control
[9.596s] -- Installing: /home/zenyn/Thrust-Control/install/thrust_control/share/thrust_control/environment/ament_prefix_path.sh
[9.596s] -- Installing: /home/zenyn/Thrust-Control/install/thrust_control/share/thrust_control/environment/ament_prefix_path.dsv
[9.596s] -- Installing: /home/zenyn/Thrust-Control/install/thrust_control/share/thrust_control/environment/path.sh
[9.596s] -- Installing: /home/zenyn/Thrust-Control/install/thrust_control/share/thrust_control/environment/path.dsv
[9.596s] -- Installing: /home/zenyn/Thrust-Control/install/thrust_control/share/thrust_control/local_setup.bash
[9.596s] -- Installing: /home/zenyn/Thrust-Control/install/thrust_control/share/thrust_control/local_setup.sh
[9.596s] -- Installing: /home/zenyn/Thrust-Control/install/thrust_control/share/thrust_control/local_setup.zsh
[9.596s] -- Installing: /home/zenyn/Thrust-Control/install/thrust_control/share/thrust_control/local_setup.dsv
[9.597s] -- Installing: /home/zenyn/Thrust-Control/install/thrust_control/share/thrust_control/package.dsv
[9.597s] -- Installing: /home/zenyn/Thrust-Control/install/thrust_control/share/ament_index/resource_index/packages/thrust_control
[9.597s] -- Installing: /home/zenyn/Thrust-Control/install/thrust_control/share/thrust_control/cmake/ament_cmake_export_include_directories-extras.cmake
[9.597s] -- Installing: /home/zenyn/Thrust-Control/install/thrust_control/share/thrust_control/cmake/ament_cmake_export_dependencies-extras.cmake
[9.597s] -- Installing: /home/zenyn/Thrust-Control/install/thrust_control/share/thrust_control/cmake/thrust_controlConfig.cmake
[9.597s] -- Installing: /home/zenyn/Thrust-Control/install/thrust_control/share/thrust_control/cmake/thrust_controlConfig-version.cmake
[9.597s] -- Installing: /home/zenyn/Thrust-Control/install/thrust_control/share/thrust_control/package.xml
[9.597s] -- Installing: /home/zenyn/Thrust-Control/install/thrust_control/include
[9.598s] -- Installing: /home/zenyn/Thrust-Control/install/thrust_control/include/gmock
[9.598s] -- Installing: /home/zenyn/Thrust-Control/install/thrust_control/include/gmock/gmock-spec-builders.h
[9.598s] -- Installing: /home/zenyn/Thrust-Control/install/thrust_control/include/gmock/gmock-matchers.h
[9.598s] -- Installing: /home/zenyn/Thrust-Control/install/thrust_control/include/gmock/gmock.h
[9.598s] -- Installing: /home/zenyn/Thrust-Control/install/thrust_control/include/gmock/gmock-nice-strict.h
[9.598s] -- Installing: /home/zenyn/Thrust-Control/install/thrust_control/include/gmock/gmock-more-actions.h
[9.598s] -- Installing: /home/zenyn/Thrust-Control/install/thrust_control/include/gmock/gmock-actions.h
[9.598s] -- Installing: /home/zenyn/Thrust-Control/install/thrust_control/include/gmock/gmock-cardinalities.h
[9.598s] -- Installing: /home/zenyn/Thrust-Control/install/thrust_control/include/gmock/internal
[9.598s] -- Installing: /home/zenyn/Thrust-Control/install/thrust_control/include/gmock/internal/gmock-pp.h
[9.599s] -- Installing: /home/zenyn/Thrust-Control/install/thrust_control/include/gmock/internal/gmock-port.h
[9.599s] -- Installing: /home/zenyn/Thrust-Control/install/thrust_control/include/gmock/internal/gmock-internal-utils.h
[9.599s] -- Installing: /home/zenyn/Thrust-Control/install/thrust_control/include/gmock/internal/custom
[9.599s] -- Installing: /home/zenyn/Thrust-Control/install/thrust_control/include/gmock/internal/custom/gmock-matchers.h
[9.599s] -- Installing: /home/zenyn/Thrust-Control/install/thrust_control/include/gmock/internal/custom/gmock-port.h
[9.599s] -- Installing: /home/zenyn/Thrust-Control/install/thrust_control/include/gmock/internal/custom/README.md
[9.599s] -- Installing: /home/zenyn/Thrust-Control/install/thrust_control/include/gmock/internal/custom/gmock-generated-actions.h
[9.599s] -- Installing: /home/zenyn/Thrust-Control/install/thrust_control/include/gmock/gmock-more-matchers.h
[9.599s] -- Installing: /home/zenyn/Thrust-Control/install/thrust_control/include/gmock/gmock-function-mocker.h
[9.600s] -- Installing: /home/zenyn/Thrust-Control/install/thrust_control/lib/libgmock.a
[9.600s] -- Installing: /home/zenyn/Thrust-Control/install/thrust_control/lib/libgmock_main.a
[9.600s] -- Installing: /home/zenyn/Thrust-Control/install/thrust_control/lib/pkgconfig/gmock.pc
[9.600s] -- Installing: /home/zenyn/Thrust-Control/install/thrust_control/lib/pkgconfig/gmock_main.pc
[9.600s] -- Installing: /home/zenyn/Thrust-Control/install/thrust_control/lib/cmake/GTest/GTestTargets.cmake
[9.600s] -- Installing: /home/zenyn/Thrust-Control/install/thrust_control/lib/cmake/GTest/GTestTargets-noconfig.cmake
[9.600s] -- Installing: /home/zenyn/Thrust-Control/install/thrust_control/lib/cmake/GTest/GTestConfigVersion.cmake
[9.600s] -- Installing: /home/zenyn/Thrust-Control/install/thrust_control/lib/cmake/GTest/GTestConfig.cmake
[9.601s] -- Up-to-date: /home/zenyn/Thrust-Control/install/thrust_control/include
[9.601s] -- Installing: /home/zenyn/Thrust-Control/install/thrust_control/include/gtest
[9.601s] -- Installing: /home/zenyn/Thrust-Control/install/thrust_control/include/gtest/gtest-printers.h
[9.601s] -- Installing: /home/zenyn/Thrust-Control/install/thrust_control/include/gtest/gtest-typed-test.h
[9.601s] -- Installing: /home/zenyn/Thrust-Control/install/thrust_control/include/gtest/gtest.h
[9.601s] -- Installing: /home/zenyn/Thrust-Control/install/thrust_control/include/gtest/gtest-param-test.h
[9.601s] -- Installing: /home/zenyn/Thrust-Control/install/thrust_control/include/gtest/gtest-death-test.h
[9.601s] -- Installing: /home/zenyn/Thrust-Control/install/thrust_control/include/gtest/gtest_prod.h
[9.601s] -- Installing: /home/zenyn/Thrust-Control/install/thrust_control/include/gtest/gtest-test-part.h
[9.601s] -- Installing: /home/zenyn/Thrust-Control/install/thrust_control/include/gtest/gtest_pred_impl.h
[9.602s] -- Installing: /home/zenyn/Thrust-Control/install/thrust_control/include/gtest/gtest-matchers.h
[9.602s] -- Installing: /home/zenyn/Thrust-Control/install/thrust_control/include/gtest/gtest-spi.h
[9.602s] -- Installing: /home/zenyn/Thrust-Control/install/thrust_control/include/gtest/gtest-assertion-result.h
[9.602s] -- Installing: /home/zenyn/Thrust-Control/install/thrust_control/include/gtest/internal
[9.602s] -- Installing: /home/zenyn/Thrust-Control/install/thrust_control/include/gtest/internal/gtest-port-arch.h
[9.602s] -- Installing: /home/zenyn/Thrust-Control/install/thrust_control/include/gtest/internal/gtest-port.h
[9.602s] -- Installing: /home/zenyn/Thrust-Control/install/thrust_control/include/gtest/internal/gtest-filepath.h
[9.602s] -- Installing: /home/zenyn/Thrust-Control/install/thrust_control/include/gtest/internal/gtest-type-util.h
[9.602s] -- Installing: /home/zenyn/Thrust-Control/install/thrust_control/include/gtest/internal/gtest-death-test-internal.h
[9.602s] -- Installing: /home/zenyn/Thrust-Control/install/thrust_control/include/gtest/internal/gtest-string.h
[9.603s] -- Installing: /home/zenyn/Thrust-Control/install/thrust_control/include/gtest/internal/gtest-param-util.h
[9.603s] -- Installing: /home/zenyn/Thrust-Control/install/thrust_control/include/gtest/internal/gtest-internal.h
[9.603s] -- Installing: /home/zenyn/Thrust-Control/install/thrust_control/include/gtest/internal/custom
[9.603s] -- Installing: /home/zenyn/Thrust-Control/install/thrust_control/include/gtest/internal/custom/gtest-printers.h
[9.603s] -- Installing: /home/zenyn/Thrust-Control/install/thrust_control/include/gtest/internal/custom/gtest.h
[9.603s] -- Installing: /home/zenyn/Thrust-Control/install/thrust_control/include/gtest/internal/custom/gtest-port.h
[9.603s] -- Installing: /home/zenyn/Thrust-Control/install/thrust_control/include/gtest/internal/custom/README.md
[9.603s] -- Installing: /home/zenyn/Thrust-Control/install/thrust_control/include/gtest/gtest-message.h
[9.603s] -- Installing: /home/zenyn/Thrust-Control/install/thrust_control/lib/libgtest.a
[9.604s] -- Installing: /home/zenyn/Thrust-Control/install/thrust_control/lib/libgtest_main.a
[9.604s] -- Installing: /home/zenyn/Thrust-Control/install/thrust_control/lib/pkgconfig/gtest.pc
[9.604s] -- Installing: /home/zenyn/Thrust-Control/install/thrust_control/lib/pkgconfig/gtest_main.pc
[9.605s] Invoked command in '/home/zenyn/Thrust-Control/build/thrust_control' returned '0': CMAKE_PREFIX_PATH=${CMAKE_PREFIX_PATH}:/opt/ros/jazzy /usr/bin/cmake --install /home/zenyn/Thrust-Control/build/thrust_control
