/usr/bin/ld: CMakeFiles/thrust_control.dir/src/thrust_control_supervisor.cpp.o: in function `thrust_control::ThrustControlSupervisor::ThrustControlSupervisor(rclcpp::Logger, std::unique_ptr<Command_Interpreter_RPi5, std::default_delete<Command_Interpreter_RPi5> >)':
thrust_control_supervisor.cpp:(.text+0x81): undefined reference to `thrust_control::CommandQueue::CommandQueue()'
/usr/bin/ld: CMakeFiles/thrust_control.dir/src/thrust_control_supervisor.cpp.o: in function `thrust_control::ThrustControlSupervisor::update_pwm_queue(std::unique_ptr<thrust_control::SupervisorCommand, std::default_delete<thrust_control::SupervisorCommand> >)':
thrust_control_supervisor.cpp:(.text+0x1bc): undefined reference to `thrust_control::CommandQueue::CommandQueue()'
/usr/bin/ld: thrust_control_supervisor.cpp:(.text+0x22e): undefined reference to `thrust_control::CommandQueue::push_command(std::unique_ptr<thrust_control::SupervisorCommand, std::default_delete<thrust_control::SupervisorCommand> >)'
/usr/bin/ld: CMakeFiles/thrust_control.dir/src/thrust_control_supervisor.cpp.o: in function `thrust_control::ThrustControlSupervisor::feed_forward_pwm()':
thrust_control_supervisor.cpp:(.text+0x5c1): undefined reference to `thrust_control::CommandQueue::get_command_from_queue(std::unique_ptr<thrust_control::SupervisorCommand, std::default_delete<thrust_control::SupervisorCommand> >)'
collect2: error: ld returned 1 exit status
gmake[2]: *** [CMakeFiles/thrust_control.dir/build.make:205: thrust_control] Error 1
gmake[1]: *** [CMakeFiles/Makefile2:267: CMakeFiles/thrust_control.dir/all] Error 2
gmake[1]: *** Waiting for unfinished jobs....
/usr/bin/ld: CMakeFiles/test_thrust_control_supervisor.dir/src/thrust_control_supervisor.cpp.o: in function `thrust_control::ThrustControlSupervisor::feed_forward_pwm()':
thrust_control_supervisor.cpp:(.text+0x5c1): undefined reference to `thrust_control::CommandQueue::get_command_from_queue(std::unique_ptr<thrust_control::SupervisorCommand, std::default_delete<thrust_control::SupervisorCommand> >)'
/usr/bin/ld: CMakeFiles/test_thrust_control_supervisor.dir/src/command_queue.cpp.o: in function `std::__detail::_MakeUniq<thrust_control::Timed_Command>::__single_object std::make_unique<thrust_control::Timed_Command, pwm_array const&, std::chrono::duration<long, std::ratio<1l, 1000l> >&, bool&>(pwm_array const&, std::chrono::duration<long, std::ratio<1l, 1000l> >&, bool&)':
command_queue.cpp:(.text._ZSt11make_uniqueIN14thrust_control13Timed_CommandEJRK9pwm_arrayRNSt6chrono8durationIlSt5ratioILl1ELl1000EEEERbEENSt8__detail9_MakeUniqIT_E15__single_objectEDpOT0_[_ZSt11make_uniqueIN14thrust_control13Timed_CommandEJRK9pwm_arrayRNSt6chrono8durationIlSt5ratioILl1ELl1000EEEERbEENSt8__detail9_MakeUniqIT_E15__single_objectEDpOT0_]+0x73): undefined reference to `thrust_control::Timed_Command::Timed_Command(pwm_array const&, std::chrono::duration<long, std::ratio<1l, 1000l> >, bool)'
/usr/bin/ld: CMakeFiles/test_thrust_control_supervisor.dir/src/command_queue.cpp.o: in function `std::__detail::_MakeUniq<thrust_control::Untimed_Command>::__single_object std::make_unique<thrust_control::Untimed_Command, pwm_array const&, bool&>(pwm_array const&, bool&)':
command_queue.cpp:(.text._ZSt11make_uniqueIN14thrust_control15Untimed_CommandEJRK9pwm_arrayRbEENSt8__detail9_MakeUniqIT_E15__single_objectEDpOT0_[_ZSt11make_uniqueIN14thrust_control15Untimed_CommandEJRK9pwm_arrayRbEENSt8__detail9_MakeUniqIT_E15__single_objectEDpOT0_]+0x57): undefined reference to `thrust_control::Untimed_Command::Untimed_Command(pwm_array const&, bool)'
collect2: error: ld returned 1 exit status
gmake[2]: *** [CMakeFiles/test_thrust_control_supervisor.dir/build.make:224: test_thrust_control_supervisor] Error 1
gmake[1]: *** [CMakeFiles/Makefile2:325: CMakeFiles/test_thrust_control_supervisor.dir/all] Error 2
/usr/bin/ld: CMakeFiles/test_thrust_control_node.dir/src/thrust_control_supervisor.cpp.o: in function `thrust_control::ThrustControlSupervisor::feed_forward_pwm()':
thrust_control_supervisor.cpp:(.text+0x5c1): undefined reference to `thrust_control::CommandQueue::get_command_from_queue(std::unique_ptr<thrust_control::SupervisorCommand, std::default_delete<thrust_control::SupervisorCommand> >)'
/usr/bin/ld: CMakeFiles/test_thrust_control_node.dir/src/command_queue.cpp.o: in function `std::__detail::_MakeUniq<thrust_control::Timed_Command>::__single_object std::make_unique<thrust_control::Timed_Command, pwm_array const&, std::chrono::duration<long, std::ratio<1l, 1000l> >&, bool&>(pwm_array const&, std::chrono::duration<long, std::ratio<1l, 1000l> >&, bool&)':
command_queue.cpp:(.text._ZSt11make_uniqueIN14thrust_control13Timed_CommandEJRK9pwm_arrayRNSt6chrono8durationIlSt5ratioILl1ELl1000EEEERbEENSt8__detail9_MakeUniqIT_E15__single_objectEDpOT0_[_ZSt11make_uniqueIN14thrust_control13Timed_CommandEJRK9pwm_arrayRNSt6chrono8durationIlSt5ratioILl1ELl1000EEEERbEENSt8__detail9_MakeUniqIT_E15__single_objectEDpOT0_]+0x73): undefined reference to `thrust_control::Timed_Command::Timed_Command(pwm_array const&, std::chrono::duration<long, std::ratio<1l, 1000l> >, bool)'
/usr/bin/ld: CMakeFiles/test_thrust_control_node.dir/src/command_queue.cpp.o: in function `std::__detail::_MakeUniq<thrust_control::Untimed_Command>::__single_object std::make_unique<thrust_control::Untimed_Command, pwm_array const&, bool&>(pwm_array const&, bool&)':
command_queue.cpp:(.text._ZSt11make_uniqueIN14thrust_control15Untimed_CommandEJRK9pwm_arrayRbEENSt8__detail9_MakeUniqIT_E15__single_objectEDpOT0_[_ZSt11make_uniqueIN14thrust_control15Untimed_CommandEJRK9pwm_arrayRbEENSt8__detail9_MakeUniqIT_E15__single_objectEDpOT0_]+0x57): undefined reference to `thrust_control::Untimed_Command::Untimed_Command(pwm_array const&, bool)'
collect2: error: ld returned 1 exit status
gmake[2]: *** [CMakeFiles/test_thrust_control_node.dir/build.make:240: test_thrust_control_node] Error 1
gmake[1]: *** [CMakeFiles/Makefile2:296: CMakeFiles/test_thrust_control_node.dir/all] Error 2
gmake: *** [Makefile:146: all] Error 2
