[  9%] Built target gtest
[ 14%] [32mBuilding CXX object Command-Interpreter/CMakeFiles/PropulsionFunctions.dir/lib/Command_Interpreter.cpp.o[0m
[ 23%] Built target gtest_main
[ 33%] Built target gmock
[ 38%] [32mBuilding CXX object Command-Interpreter/CMakeFiles/propulsion_test.dir/lib/Serial.cpp.o[0m
[ 42%] [32mBuilding CXX object Command-Interpreter/CMakeFiles/propulsion_test.dir/testing/Command_Interpreter_Testing.cpp.o[0m
[ 47%] [32mBuilding CXX object Command-Interpreter/CMakeFiles/propulsion_test.dir/lib/Command_Interpreter.cpp.o[0m
[ 52%] [32mBuilding CXX object Command-Interpreter/CMakeFiles/propulsion_test.dir/lib/Wiring.cpp.o[0m
[ 57%] [32mBuilding CXX object _deps/googletest-build/googlemock/CMakeFiles/gmock_main.dir/src/gmock_main.cc.o[0m
[ 61%] [32m[1mLinking CXX static library libPropulsionFunctions.a[0m
[ 71%] Built target PropulsionFunctions
[ 76%] [32m[1mLinking CXX executable thrust_control[0m
[ 90%] Built target thrust_control
[ 95%] [32m[1mLinking CXX static library ../../../lib/libgmock_main.a[0m
[100%] [32m[1mLinking CXX executable propulsion_test[0m
[100%] Built target gmock_main
[100%] Built target propulsion_test
-- Install configuration: ""
-- Installing: /home/zenyn/Thrust-Control/install/thrust_control/lib/thrust_control/thrust_control
-- Set non-toolchain portion of runtime path of "/home/zenyn/Thrust-Control/install/thrust_control/lib/thrust_control/thrust_control" to ""
-- Up-to-date: /home/zenyn/Thrust-Control/install/thrust_control/share/ament_index/resource_index/package_run_dependencies/thrust_control
-- Up-to-date: /home/zenyn/Thrust-Control/install/thrust_control/share/ament_index/resource_index/parent_prefix_path/thrust_control
-- Up-to-date: /home/zenyn/Thrust-Control/install/thrust_control/share/thrust_control/environment/ament_prefix_path.sh
-- Up-to-date: /home/zenyn/Thrust-Control/install/thrust_control/share/thrust_control/environment/ament_prefix_path.dsv
-- Up-to-date: /home/zenyn/Thrust-Control/install/thrust_control/share/thrust_control/environment/path.sh
-- Up-to-date: /home/zenyn/Thrust-Control/install/thrust_control/share/thrust_control/environment/path.dsv
-- Up-to-date: /home/zenyn/Thrust-Control/install/thrust_control/share/thrust_control/local_setup.bash
-- Up-to-date: /home/zenyn/Thrust-Control/install/thrust_control/share/thrust_control/local_setup.sh
-- Up-to-date: /home/zenyn/Thrust-Control/install/thrust_control/share/thrust_control/local_setup.zsh
-- Up-to-date: /home/zenyn/Thrust-Control/install/thrust_control/share/thrust_control/local_setup.dsv
-- Installing: /home/zenyn/Thrust-Control/install/thrust_control/share/thrust_control/package.dsv
-- Up-to-date: /home/zenyn/Thrust-Control/install/thrust_control/share/ament_index/resource_index/packages/thrust_control
-- Up-to-date: /home/zenyn/Thrust-Control/install/thrust_control/share/thrust_control/cmake/ament_cmake_export_include_directories-extras.cmake
-- Up-to-date: /home/zenyn/Thrust-Control/install/thrust_control/share/thrust_control/cmake/ament_cmake_export_dependencies-extras.cmake
-- Up-to-date: /home/zenyn/Thrust-Control/install/thrust_control/share/thrust_control/cmake/thrust_controlConfig.cmake
-- Up-to-date: /home/zenyn/Thrust-Control/install/thrust_control/share/thrust_control/cmake/thrust_controlConfig-version.cmake
-- Up-to-date: /home/zenyn/Thrust-Control/install/thrust_control/share/thrust_control/package.xml
-- Installing: /home/zenyn/Thrust-Control/install/thrust_control/include
-- Installing: /home/zenyn/Thrust-Control/install/thrust_control/include/gmock
-- Installing: /home/zenyn/Thrust-Control/install/thrust_control/include/gmock/gmock-spec-builders.h
-- Installing: /home/zenyn/Thrust-Control/install/thrust_control/include/gmock/gmock-matchers.h
-- Installing: /home/zenyn/Thrust-Control/install/thrust_control/include/gmock/gmock.h
-- Installing: /home/zenyn/Thrust-Control/install/thrust_control/include/gmock/gmock-nice-strict.h
-- Installing: /home/zenyn/Thrust-Control/install/thrust_control/include/gmock/gmock-more-actions.h
-- Installing: /home/zenyn/Thrust-Control/install/thrust_control/include/gmock/gmock-actions.h
-- Installing: /home/zenyn/Thrust-Control/install/thrust_control/include/gmock/gmock-cardinalities.h
-- Installing: /home/zenyn/Thrust-Control/install/thrust_control/include/gmock/internal
-- Installing: /home/zenyn/Thrust-Control/install/thrust_control/include/gmock/internal/gmock-pp.h
-- Installing: /home/zenyn/Thrust-Control/install/thrust_control/include/gmock/internal/gmock-port.h
-- Installing: /home/zenyn/Thrust-Control/install/thrust_control/include/gmock/internal/gmock-internal-utils.h
-- Installing: /home/zenyn/Thrust-Control/install/thrust_control/include/gmock/internal/custom
-- Installing: /home/zenyn/Thrust-Control/install/thrust_control/include/gmock/internal/custom/gmock-matchers.h
-- Installing: /home/zenyn/Thrust-Control/install/thrust_control/include/gmock/internal/custom/gmock-port.h
-- Installing: /home/zenyn/Thrust-Control/install/thrust_control/include/gmock/internal/custom/README.md
-- Installing: /home/zenyn/Thrust-Control/install/thrust_control/include/gmock/internal/custom/gmock-generated-actions.h
-- Installing: /home/zenyn/Thrust-Control/install/thrust_control/include/gmock/gmock-more-matchers.h
-- Installing: /home/zenyn/Thrust-Control/install/thrust_control/include/gmock/gmock-function-mocker.h
-- Installing: /home/zenyn/Thrust-Control/install/thrust_control/lib/libgmock.a
-- Installing: /home/zenyn/Thrust-Control/install/thrust_control/lib/libgmock_main.a
-- Installing: /home/zenyn/Thrust-Control/install/thrust_control/lib/pkgconfig/gmock.pc
-- Installing: /home/zenyn/Thrust-Control/install/thrust_control/lib/pkgconfig/gmock_main.pc
-- Installing: /home/zenyn/Thrust-Control/install/thrust_control/lib/cmake/GTest/GTestTargets.cmake
-- Installing: /home/zenyn/Thrust-Control/install/thrust_control/lib/cmake/GTest/GTestTargets-noconfig.cmake
-- Installing: /home/zenyn/Thrust-Control/install/thrust_control/lib/cmake/GTest/GTestConfigVersion.cmake
-- Installing: /home/zenyn/Thrust-Control/install/thrust_control/lib/cmake/GTest/GTestConfig.cmake
-- Up-to-date: /home/zenyn/Thrust-Control/install/thrust_control/include
-- Installing: /home/zenyn/Thrust-Control/install/thrust_control/include/gtest
-- Installing: /home/zenyn/Thrust-Control/install/thrust_control/include/gtest/gtest-printers.h
-- Installing: /home/zenyn/Thrust-Control/install/thrust_control/include/gtest/gtest-typed-test.h
-- Installing: /home/zenyn/Thrust-Control/install/thrust_control/include/gtest/gtest.h
-- Installing: /home/zenyn/Thrust-Control/install/thrust_control/include/gtest/gtest-param-test.h
-- Installing: /home/zenyn/Thrust-Control/install/thrust_control/include/gtest/gtest-death-test.h
-- Installing: /home/zenyn/Thrust-Control/install/thrust_control/include/gtest/gtest_prod.h
-- Installing: /home/zenyn/Thrust-Control/install/thrust_control/include/gtest/gtest-test-part.h
-- Installing: /home/zenyn/Thrust-Control/install/thrust_control/include/gtest/gtest_pred_impl.h
-- Installing: /home/zenyn/Thrust-Control/install/thrust_control/include/gtest/gtest-matchers.h
-- Installing: /home/zenyn/Thrust-Control/install/thrust_control/include/gtest/gtest-spi.h
-- Installing: /home/zenyn/Thrust-Control/install/thrust_control/include/gtest/gtest-assertion-result.h
-- Installing: /home/zenyn/Thrust-Control/install/thrust_control/include/gtest/internal
-- Installing: /home/zenyn/Thrust-Control/install/thrust_control/include/gtest/internal/gtest-port-arch.h
-- Installing: /home/zenyn/Thrust-Control/install/thrust_control/include/gtest/internal/gtest-port.h
-- Installing: /home/zenyn/Thrust-Control/install/thrust_control/include/gtest/internal/gtest-filepath.h
-- Installing: /home/zenyn/Thrust-Control/install/thrust_control/include/gtest/internal/gtest-type-util.h
-- Installing: /home/zenyn/Thrust-Control/install/thrust_control/include/gtest/internal/gtest-death-test-internal.h
-- Installing: /home/zenyn/Thrust-Control/install/thrust_control/include/gtest/internal/gtest-string.h
-- Installing: /home/zenyn/Thrust-Control/install/thrust_control/include/gtest/internal/gtest-param-util.h
-- Installing: /home/zenyn/Thrust-Control/install/thrust_control/include/gtest/internal/gtest-internal.h
-- Installing: /home/zenyn/Thrust-Control/install/thrust_control/include/gtest/internal/custom
-- Installing: /home/zenyn/Thrust-Control/install/thrust_control/include/gtest/internal/custom/gtest-printers.h
-- Installing: /home/zenyn/Thrust-Control/install/thrust_control/include/gtest/internal/custom/gtest.h
-- Installing: /home/zenyn/Thrust-Control/install/thrust_control/include/gtest/internal/custom/gtest-port.h
-- Installing: /home/zenyn/Thrust-Control/install/thrust_control/include/gtest/internal/custom/README.md
-- Installing: /home/zenyn/Thrust-Control/install/thrust_control/include/gtest/gtest-message.h
-- Installing: /home/zenyn/Thrust-Control/install/thrust_control/lib/libgtest.a
-- Installing: /home/zenyn/Thrust-Control/install/thrust_control/lib/libgtest_main.a
-- Installing: /home/zenyn/Thrust-Control/install/thrust_control/lib/pkgconfig/gtest.pc
-- Installing: /home/zenyn/Thrust-Control/install/thrust_control/lib/pkgconfig/gtest_main.pc
