[0.010s] Invoking command in '/home/zenyn/Thrust-Control/build/thrust_control': CMAKE_PREFIX_PATH=${CMAKE_PREFIX_PATH}:/opt/ros/jazzy /usr/bin/cmake --build /home/zenyn/Thrust-Control/build/thrust_control -- -j12 -l12
[0.202s] -- Project setup complete
[0.202s] -- Run 'make' to build the project
[0.202s] -- Run 'ctest' to execute the tests
[0.202s] -- Found ament_cmake: 2.5.3 (/opt/ros/jazzy/share/ament_cmake/cmake)
[0.472s] -- Found rclcpp: 28.1.8 (/opt/ros/jazzy/share/rclcpp/cmake)
[0.491s] -- Found rosidl_generator_c: 4.6.5 (/opt/ros/jazzy/share/rosidl_generator_c/cmake)
[0.497s] -- Found rosidl_generator_cpp: 4.6.5 (/opt/ros/jazzy/share/rosidl_generator_cpp/cmake)
[0.505s] -- Using all available rosidl_typesupport_c: rosidl_typesupport_fastrtps_c;rosidl_typesupport_introspection_c
[0.514s] -- Using all available rosidl_typesupport_cpp: rosidl_typesupport_fastrtps_cpp;rosidl_typesupport_introspection_cpp
[0.560s] -- Found rmw_implementation_cmake: 7.3.2 (/opt/ros/jazzy/share/rmw_implementation_cmake/cmake)
[0.561s] -- Found rmw_fastrtps_cpp: 8.4.2 (/opt/ros/jazzy/share/rmw_fastrtps_cpp/cmake)
[0.627s] -- Using RMW implementation 'rmw_fastrtps_cpp' as default
[0.677s] -- Found std_msgs: 5.3.6 (/opt/ros/jazzy/share/std_msgs/cmake)
[0.687s] [31mCMake Error at CMakeLists.txt:40 (target_link_libraries):
[0.688s]   Target "controller_codegenTest" of type EXECUTABLE may not be linked into
[0.688s]   another target.  One may link only to INTERFACE, OBJECT, STATIC or SHARED
[0.688s]   libraries, or to executables with the ENABLE_EXPORTS property set.
[0.688s] 
[0.688s] [0m
[0.688s] -- Found ament_lint_auto: 0.17.2 (/opt/ros/jazzy/share/ament_lint_auto/cmake)
[0.784s] -- Added test 'copyright' to check source files copyright and LICENSE
[0.856s] -- Added test 'cppcheck' to perform static code analysis on C / C++ code
[0.856s] -- Configured cppcheck include dirs: /home/zenyn/Thrust-Control/src;/home/zenyn/Thrust-Control/Command-Interpreter/lib;/home/zenyn/Thrust-Control/include
[0.856s] -- Configured cppcheck exclude dirs and/or files: 
[0.925s] -- Added test 'cpplint' to check C / C++ code against the Google style
[0.925s] -- Configured cpplint exclude dirs and/or files: 
[0.935s] -- Added test 'flake8' to check Python code syntax and style conventions
[0.935s] -- Configured 'flake8' exclude dirs and/or files: 
[0.954s] -- Added test 'lint_cmake' to check CMake code style
[0.963s] -- Added test 'pep257' to check Python code against some of the docstring style conventions in PEP 257
[1.031s] -- Added test 'uncrustify' to check C / C++ code style
[1.031s] -- Configured uncrustify additional arguments: 
[1.041s] -- Added test 'xmllint' to check XML markup files
[1.042s] -- Configuring incomplete, errors occurred!
[1.049s] gmake: *** [Makefile:568: cmake_check_build_system] Error 1
[1.051s] Invoked command in '/home/zenyn/Thrust-Control/build/thrust_control' returned '2': CMAKE_PREFIX_PATH=${CMAKE_PREFIX_PATH}:/opt/ros/jazzy /usr/bin/cmake --build /home/zenyn/Thrust-Control/build/thrust_control -- -j12 -l12
