[0.010s] Invoking command in '/home/zenyn/Thrust-Control/build/thrust_control': CMAKE_PREFIX_PATH=${CMAKE_PREFIX_PATH}:/opt/ros/jazzy /usr/bin/cmake --build /home/zenyn/Thrust-Control/build/thrust_control -- -j12 -l12
[0.186s] -- Project setup complete
[0.187s] -- Run 'make' to build the project
[0.187s] -- Run 'ctest' to execute the tests
[0.187s] -- Found ament_cmake: 2.5.3 (/opt/ros/jazzy/share/ament_cmake/cmake)
[0.443s] -- Found rclcpp: 28.1.8 (/opt/ros/jazzy/share/rclcpp/cmake)
[0.464s] -- Found rosidl_generator_c: 4.6.5 (/opt/ros/jazzy/share/rosidl_generator_c/cmake)
[0.470s] -- Found rosidl_generator_cpp: 4.6.5 (/opt/ros/jazzy/share/rosidl_generator_cpp/cmake)
[0.479s] -- Using all available rosidl_typesupport_c: rosidl_typesupport_fastrtps_c;rosidl_typesupport_introspection_c
[0.488s] -- Using all available rosidl_typesupport_cpp: rosidl_typesupport_fastrtps_cpp;rosidl_typesupport_introspection_cpp
[0.534s] -- Found rmw_implementation_cmake: 7.3.2 (/opt/ros/jazzy/share/rmw_implementation_cmake/cmake)
[0.535s] -- Found rmw_fastrtps_cpp: 8.4.2 (/opt/ros/jazzy/share/rmw_fastrtps_cpp/cmake)
[0.614s] -- Using RMW implementation 'rmw_fastrtps_cpp' as default
[0.663s] -- Found std_msgs: 5.3.6 (/opt/ros/jazzy/share/std_msgs/cmake)
[0.673s] -- Found ament_lint_auto: 0.17.2 (/opt/ros/jazzy/share/ament_lint_auto/cmake)
[0.782s] -- Added test 'copyright' to check source files copyright and LICENSE
[0.859s] -- Added test 'cppcheck' to perform static code analysis on C / C++ code
[0.860s] -- Configured cppcheck include dirs: /home/zenyn/Thrust-Control/src;/home/zenyn/Thrust-Control/include;/home/zenyn/Thrust-Control/include/Command_Interpreter;/home/zenyn/Thrust-Control/include/exported-PID-control;/home/zenyn/Thrust-Control/include/exported-PID-control/src
[0.860s] -- Configured cppcheck exclude dirs and/or files: 
[0.937s] -- Added test 'cpplint' to check C / C++ code against the Google style
[0.937s] -- Configured cpplint exclude dirs and/or files: 
[0.948s] -- Added test 'flake8' to check Python code syntax and style conventions
[0.948s] -- Configured 'flake8' exclude dirs and/or files: 
[0.967s] -- Added test 'lint_cmake' to check CMake code style
[0.977s] -- Added test 'pep257' to check Python code against some of the docstring style conventions in PEP 257
[1.053s] -- Added test 'uncrustify' to check C / C++ code style
[1.054s] -- Configured uncrustify additional arguments: 
[1.064s] -- Added test 'xmllint' to check XML markup files
[1.065s] -- Configuring done (1.0s)
[1.089s] -- Generating done (0.0s)
[1.097s] -- Build files have been written to: /home/zenyn/Thrust-Control/build/thrust_control
[1.161s] [  6%] Built target controller_lib
[1.166s] [ 15%] Built target PropulsionFunctions
[1.167s] [ 22%] Built target controller_test_lib
[1.171s] [ 27%] Built target gtest
[1.217s] [ 31%] Built target gtest_main
[1.226s] [ 36%] Built target gmock
[1.226s] [ 40%] Built target controller_test
[1.231s] [ 43%] [32mBuilding CXX object CMakeFiles/thrust_control.dir/src/command_queue.cpp.o[0m
[1.234s] [ 47%] [32mBuilding CXX object CMakeFiles/thrust_control.dir/src/thrust_control_node.cpp.o[0m
[1.234s] [ 47%] [32mBuilding CXX object CMakeFiles/thrust_control.dir/src/main.cpp.o[0m
[1.274s] [ 52%] Built target gmock_main
[1.281s] [ 54%] [32mBuilding CXX object CMakeFiles/test_thrust_control_supervisor.dir/src/command_queue.cpp.o[0m
[1.282s] [ 65%] Built target propulsion_test
[1.292s] [ 68%] [32mBuilding CXX object CMakeFiles/test_thrust_control_node.dir/src/thrust_control_node.cpp.o[0m
[1.295s] [ 70%] [32mBuilding CXX object CMakeFiles/test_thrust_control_node.dir/tests/test_thrust_control_node.cpp.o[0m
[1.297s] [ 72%] [32mBuilding CXX object CMakeFiles/test_thrust_control_node.dir/src/command_queue.cpp.o[0m
[1.855s] [ 75%] [32m[1mLinking CXX executable test_thrust_control_supervisor[0m
[2.173s] [ 84%] Built target test_thrust_control_supervisor
[7.902s] [ 86%] [32m[1mLinking CXX executable test_thrust_control_node[0m
[8.200s] [ 93%] Built target test_thrust_control_node
[8.569s] [ 95%] [32m[1mLinking CXX executable thrust_control[0m
[8.856s] [100%] Built target thrust_control
[8.886s] Invoked command in '/home/zenyn/Thrust-Control/build/thrust_control' returned '0': CMAKE_PREFIX_PATH=${CMAKE_PREFIX_PATH}:/opt/ros/jazzy /usr/bin/cmake --build /home/zenyn/Thrust-Control/build/thrust_control -- -j12 -l12
[8.909s] Invoking command in '/home/zenyn/Thrust-Control/build/thrust_control': CMAKE_PREFIX_PATH=${CMAKE_PREFIX_PATH}:/opt/ros/jazzy /usr/bin/cmake --install /home/zenyn/Thrust-Control/build/thrust_control
[8.926s] -- Install configuration: ""
[8.926s] -- Installing: /home/zenyn/Thrust-Control/install/thrust_control/lib/thrust_control/thrust_control
[8.931s] -- Set non-toolchain portion of runtime path of "/home/zenyn/Thrust-Control/install/thrust_control/lib/thrust_control/thrust_control" to ""
[8.931s] -- Installing: /home/zenyn/Thrust-Control/install/thrust_control/share/ament_index/resource_index/package_run_dependencies/thrust_control
[8.932s] -- Installing: /home/zenyn/Thrust-Control/install/thrust_control/share/ament_index/resource_index/parent_prefix_path/thrust_control
[8.932s] -- Installing: /home/zenyn/Thrust-Control/install/thrust_control/share/thrust_control/environment/ament_prefix_path.sh
[8.932s] -- Installing: /home/zenyn/Thrust-Control/install/thrust_control/share/thrust_control/environment/ament_prefix_path.dsv
[8.932s] -- Installing: /home/zenyn/Thrust-Control/install/thrust_control/share/thrust_control/environment/path.sh
[8.932s] -- Installing: /home/zenyn/Thrust-Control/install/thrust_control/share/thrust_control/environment/path.dsv
[8.933s] -- Installing: /home/zenyn/Thrust-Control/install/thrust_control/share/thrust_control/local_setup.bash
[8.933s] -- Installing: /home/zenyn/Thrust-Control/install/thrust_control/share/thrust_control/local_setup.sh
[8.933s] -- Installing: /home/zenyn/Thrust-Control/install/thrust_control/share/thrust_control/local_setup.zsh
[8.933s] -- Installing: /home/zenyn/Thrust-Control/install/thrust_control/share/thrust_control/local_setup.dsv
[8.933s] -- Installing: /home/zenyn/Thrust-Control/install/thrust_control/share/thrust_control/package.dsv
[8.934s] -- Installing: /home/zenyn/Thrust-Control/install/thrust_control/share/ament_index/resource_index/packages/thrust_control
[8.934s] -- Installing: /home/zenyn/Thrust-Control/install/thrust_control/share/thrust_control/cmake/ament_cmake_export_include_directories-extras.cmake
[8.934s] -- Installing: /home/zenyn/Thrust-Control/install/thrust_control/share/thrust_control/cmake/ament_cmake_export_dependencies-extras.cmake
[8.934s] -- Installing: /home/zenyn/Thrust-Control/install/thrust_control/share/thrust_control/cmake/thrust_controlConfig.cmake
[8.934s] -- Installing: /home/zenyn/Thrust-Control/install/thrust_control/share/thrust_control/cmake/thrust_controlConfig-version.cmake
[8.934s] -- Installing: /home/zenyn/Thrust-Control/install/thrust_control/share/thrust_control/package.xml
[8.934s] -- Installing: /home/zenyn/Thrust-Control/install/thrust_control/include
[8.934s] -- Installing: /home/zenyn/Thrust-Control/install/thrust_control/include/gmock
[8.935s] -- Installing: /home/zenyn/Thrust-Control/install/thrust_control/include/gmock/gmock-spec-builders.h
[8.935s] -- Installing: /home/zenyn/Thrust-Control/install/thrust_control/include/gmock/gmock-matchers.h
[8.935s] -- Installing: /home/zenyn/Thrust-Control/install/thrust_control/include/gmock/gmock.h
[8.935s] -- Installing: /home/zenyn/Thrust-Control/install/thrust_control/include/gmock/gmock-nice-strict.h
[8.935s] -- Installing: /home/zenyn/Thrust-Control/install/thrust_control/include/gmock/gmock-more-actions.h
[8.935s] -- Installing: /home/zenyn/Thrust-Control/install/thrust_control/include/gmock/gmock-actions.h
[8.935s] -- Installing: /home/zenyn/Thrust-Control/install/thrust_control/include/gmock/gmock-cardinalities.h
[8.935s] -- Installing: /home/zenyn/Thrust-Control/install/thrust_control/include/gmock/internal
[8.936s] -- Installing: /home/zenyn/Thrust-Control/install/thrust_control/include/gmock/internal/gmock-pp.h
[8.936s] -- Installing: /home/zenyn/Thrust-Control/install/thrust_control/include/gmock/internal/gmock-port.h
[8.936s] -- Installing: /home/zenyn/Thrust-Control/install/thrust_control/include/gmock/internal/gmock-internal-utils.h
[8.936s] -- Installing: /home/zenyn/Thrust-Control/install/thrust_control/include/gmock/internal/custom
[8.936s] -- Installing: /home/zenyn/Thrust-Control/install/thrust_control/include/gmock/internal/custom/gmock-matchers.h
[8.936s] -- Installing: /home/zenyn/Thrust-Control/install/thrust_control/include/gmock/internal/custom/gmock-port.h
[8.936s] -- Installing: /home/zenyn/Thrust-Control/install/thrust_control/include/gmock/internal/custom/README.md
[8.937s] -- Installing: /home/zenyn/Thrust-Control/install/thrust_control/include/gmock/internal/custom/gmock-generated-actions.h
[8.937s] -- Installing: /home/zenyn/Thrust-Control/install/thrust_control/include/gmock/gmock-more-matchers.h
[8.937s] -- Installing: /home/zenyn/Thrust-Control/install/thrust_control/include/gmock/gmock-function-mocker.h
[8.937s] -- Installing: /home/zenyn/Thrust-Control/install/thrust_control/lib/libgmock.a
[8.937s] -- Installing: /home/zenyn/Thrust-Control/install/thrust_control/lib/libgmock_main.a
[8.937s] -- Installing: /home/zenyn/Thrust-Control/install/thrust_control/lib/pkgconfig/gmock.pc
[8.937s] -- Installing: /home/zenyn/Thrust-Control/install/thrust_control/lib/pkgconfig/gmock_main.pc
[8.937s] -- Installing: /home/zenyn/Thrust-Control/install/thrust_control/lib/cmake/GTest/GTestTargets.cmake
[8.938s] -- Installing: /home/zenyn/Thrust-Control/install/thrust_control/lib/cmake/GTest/GTestTargets-noconfig.cmake
[8.938s] -- Installing: /home/zenyn/Thrust-Control/install/thrust_control/lib/cmake/GTest/GTestConfigVersion.cmake
[8.938s] -- Installing: /home/zenyn/Thrust-Control/install/thrust_control/lib/cmake/GTest/GTestConfig.cmake
[8.938s] -- Up-to-date: /home/zenyn/Thrust-Control/install/thrust_control/include
[8.938s] -- Installing: /home/zenyn/Thrust-Control/install/thrust_control/include/gtest
[8.938s] -- Installing: /home/zenyn/Thrust-Control/install/thrust_control/include/gtest/gtest-printers.h
[8.938s] -- Installing: /home/zenyn/Thrust-Control/install/thrust_control/include/gtest/gtest-typed-test.h
[8.938s] -- Installing: /home/zenyn/Thrust-Control/install/thrust_control/include/gtest/gtest.h
[8.938s] -- Installing: /home/zenyn/Thrust-Control/install/thrust_control/include/gtest/gtest-param-test.h
[8.938s] -- Installing: /home/zenyn/Thrust-Control/install/thrust_control/include/gtest/gtest-death-test.h
[8.939s] -- Installing: /home/zenyn/Thrust-Control/install/thrust_control/include/gtest/gtest_prod.h
[8.939s] -- Installing: /home/zenyn/Thrust-Control/install/thrust_control/include/gtest/gtest-test-part.h
[8.939s] -- Installing: /home/zenyn/Thrust-Control/install/thrust_control/include/gtest/gtest_pred_impl.h
[8.939s] -- Installing: /home/zenyn/Thrust-Control/install/thrust_control/include/gtest/gtest-matchers.h
[8.939s] -- Installing: /home/zenyn/Thrust-Control/install/thrust_control/include/gtest/gtest-spi.h
[8.939s] -- Installing: /home/zenyn/Thrust-Control/install/thrust_control/include/gtest/gtest-assertion-result.h
[8.939s] -- Installing: /home/zenyn/Thrust-Control/install/thrust_control/include/gtest/internal
[8.939s] -- Installing: /home/zenyn/Thrust-Control/install/thrust_control/include/gtest/internal/gtest-port-arch.h
[8.939s] -- Installing: /home/zenyn/Thrust-Control/install/thrust_control/include/gtest/internal/gtest-port.h
[8.940s] -- Installing: /home/zenyn/Thrust-Control/install/thrust_control/include/gtest/internal/gtest-filepath.h
[8.940s] -- Installing: /home/zenyn/Thrust-Control/install/thrust_control/include/gtest/internal/gtest-type-util.h
[8.940s] -- Installing: /home/zenyn/Thrust-Control/install/thrust_control/include/gtest/internal/gtest-death-test-internal.h
[8.940s] -- Installing: /home/zenyn/Thrust-Control/install/thrust_control/include/gtest/internal/gtest-string.h
[8.940s] -- Installing: /home/zenyn/Thrust-Control/install/thrust_control/include/gtest/internal/gtest-param-util.h
[8.940s] -- Installing: /home/zenyn/Thrust-Control/install/thrust_control/include/gtest/internal/gtest-internal.h
[8.940s] -- Installing: /home/zenyn/Thrust-Control/install/thrust_control/include/gtest/internal/custom
[8.941s] -- Installing: /home/zenyn/Thrust-Control/install/thrust_control/include/gtest/internal/custom/gtest-printers.h
[8.941s] -- Installing: /home/zenyn/Thrust-Control/install/thrust_control/include/gtest/internal/custom/gtest.h
[8.941s] -- Installing: /home/zenyn/Thrust-Control/install/thrust_control/include/gtest/internal/custom/gtest-port.h
[8.941s] -- Installing: /home/zenyn/Thrust-Control/install/thrust_control/include/gtest/internal/custom/README.md
[8.941s] -- Installing: /home/zenyn/Thrust-Control/install/thrust_control/include/gtest/gtest-message.h
[8.941s] -- Installing: /home/zenyn/Thrust-Control/install/thrust_control/lib/libgtest.a
[8.941s] -- Installing: /home/zenyn/Thrust-Control/install/thrust_control/lib/libgtest_main.a
[8.942s] -- Installing: /home/zenyn/Thrust-Control/install/thrust_control/lib/pkgconfig/gtest.pc
[8.942s] -- Installing: /home/zenyn/Thrust-Control/install/thrust_control/lib/pkgconfig/gtest_main.pc
[8.942s] Invoked command in '/home/zenyn/Thrust-Control/build/thrust_control' returned '0': CMAKE_PREFIX_PATH=${CMAKE_PREFIX_PATH}:/opt/ros/jazzy /usr/bin/cmake --install /home/zenyn/Thrust-Control/build/thrust_control
