[0.007s] Invoking command in '/home/zenyn/Thrust-Control/build/thrust_control': CMAKE_PREFIX_PATH=${CMAKE_PREFIX_PATH}:/opt/ros/jazzy /usr/bin/cmake /home/zenyn/Thrust-Control -DCMAKE_INSTALL_PREFIX=/home/zenyn/Thrust-Control/install/thrust_control
[0.080s] -- The C compiler identification is GNU 13.3.0
[0.150s] -- The CXX compiler identification is GNU 13.3.0
[0.170s] -- Detecting C compiler ABI info
[0.288s] -- Detecting C compiler ABI info - done
[0.298s] -- Check for working C compiler: /usr/bin/cc - skipped
[0.298s] -- Detecting C compile features
[0.298s] -- Detecting C compile features - done
[0.313s] -- Detecting CXX compiler ABI info
[0.463s] -- Detecting CXX compiler ABI info - done
[0.470s] -- Check for working CXX compiler: /usr/bin/c++ - skipped
[0.470s] -- Detecting CXX compile features
[0.470s] -- Detecting CXX compile features - done
[0.472s] -- Found ament_cmake: 2.5.3 (/opt/ros/jazzy/share/ament_cmake/cmake)
[0.615s] -- Found Python3: /usr/bin/python3 (found version "3.12.3") found components: Interpreter 
[0.698s] -- Found rclcpp: 28.1.8 (/opt/ros/jazzy/share/rclcpp/cmake)
[0.735s] -- Found rosidl_generator_c: 4.6.5 (/opt/ros/jazzy/share/rosidl_generator_c/cmake)
[0.744s] -- Found rosidl_generator_cpp: 4.6.5 (/opt/ros/jazzy/share/rosidl_generator_cpp/cmake)
[0.754s] -- Using all available rosidl_typesupport_c: rosidl_typesupport_fastrtps_c;rosidl_typesupport_introspection_c
[0.767s] -- Using all available rosidl_typesupport_cpp: rosidl_typesupport_fastrtps_cpp;rosidl_typesupport_introspection_cpp
[0.820s] -- Found rmw_implementation_cmake: 7.3.2 (/opt/ros/jazzy/share/rmw_implementation_cmake/cmake)
[0.821s] -- Found rmw_fastrtps_cpp: 8.4.2 (/opt/ros/jazzy/share/rmw_fastrtps_cpp/cmake)
[0.921s] -- Found OpenSSL: /usr/lib/x86_64-linux-gnu/libcrypto.so (found version "3.0.13")  
[0.952s] -- Found FastRTPS: /opt/ros/jazzy/include (Required is at least version "2.13") 
[0.986s] -- Using RMW implementation 'rmw_fastrtps_cpp' as default
[1.043s] -- Found std_msgs: 5.3.6 (/opt/ros/jazzy/share/std_msgs/cmake)
[1.055s] -- Found ament_lint_auto: 0.17.2 (/opt/ros/jazzy/share/ament_lint_auto/cmake)
[1.138s] -- Added test 'copyright' to check source files copyright and LICENSE
[1.146s] -- Added test 'cppcheck' to perform static code analysis on C / C++ code
[1.146s] -- Configured cppcheck include dirs: /home/zenyn/Thrust-Control/include
[1.146s] -- Configured cppcheck exclude dirs and/or files: 
[1.153s] -- Added test 'cpplint' to check C / C++ code against the Google style
[1.153s] -- Configured cpplint exclude dirs and/or files: 
[1.156s] -- Added test 'lint_cmake' to check CMake code style
[1.165s] -- Added test 'uncrustify' to check C / C++ code style
[1.165s] -- Configured uncrustify additional arguments: 
[1.166s] -- Added test 'xmllint' to check XML markup files
[1.167s] -- Configuring done (1.2s)
[1.174s] -- Generating done (0.0s)
[1.176s] -- Build files have been written to: /home/zenyn/Thrust-Control/build/thrust_control
[1.185s] Invoked command in '/home/zenyn/Thrust-Control/build/thrust_control' returned '0': CMAKE_PREFIX_PATH=${CMAKE_PREFIX_PATH}:/opt/ros/jazzy /usr/bin/cmake /home/zenyn/Thrust-Control -DCMAKE_INSTALL_PREFIX=/home/zenyn/Thrust-Control/install/thrust_control
[1.186s] Invoking command in '/home/zenyn/Thrust-Control/build/thrust_control': CMAKE_PREFIX_PATH=${CMAKE_PREFIX_PATH}:/opt/ros/jazzy /usr/bin/cmake --build /home/zenyn/Thrust-Control/build/thrust_control -- -j12 -l12
[1.251s] [ 50%] [32mBuilding CXX object CMakeFiles/thrust_control.dir/src/thrust_control_node.cpp.o[0m
[6.482s] [100%] [32m[1mLinking CXX executable thrust_control[0m
[6.682s] [100%] Built target thrust_control
[6.692s] Invoked command in '/home/zenyn/Thrust-Control/build/thrust_control' returned '0': CMAKE_PREFIX_PATH=${CMAKE_PREFIX_PATH}:/opt/ros/jazzy /usr/bin/cmake --build /home/zenyn/Thrust-Control/build/thrust_control -- -j12 -l12
[6.701s] Invoking command in '/home/zenyn/Thrust-Control/build/thrust_control': CMAKE_PREFIX_PATH=${CMAKE_PREFIX_PATH}:/opt/ros/jazzy /usr/bin/cmake --install /home/zenyn/Thrust-Control/build/thrust_control
[6.708s] -- Install configuration: ""
[6.708s] -- Installing: /home/zenyn/Thrust-Control/install/thrust_control/lib/thrust_control/thrust_control
[6.711s] -- Set non-toolchain portion of runtime path of "/home/zenyn/Thrust-Control/install/thrust_control/lib/thrust_control/thrust_control" to ""
[6.711s] -- Installing: /home/zenyn/Thrust-Control/install/thrust_control/include
[6.711s] -- Installing: /home/zenyn/Thrust-Control/install/thrust_control/include/thrust_control
[6.711s] -- Installing: /home/zenyn/Thrust-Control/install/thrust_control/include/thrust_control/thrust_control_supervisor.hpp
[6.711s] -- Installing: /home/zenyn/Thrust-Control/install/thrust_control/include/thrust_control/thrust_control_node.hpp
[6.712s] -- Installing: /home/zenyn/Thrust-Control/install/thrust_control/share/ament_index/resource_index/package_run_dependencies/thrust_control
[6.712s] -- Installing: /home/zenyn/Thrust-Control/install/thrust_control/share/ament_index/resource_index/parent_prefix_path/thrust_control
[6.712s] -- Installing: /home/zenyn/Thrust-Control/install/thrust_control/share/thrust_control/environment/ament_prefix_path.sh
[6.712s] -- Installing: /home/zenyn/Thrust-Control/install/thrust_control/share/thrust_control/environment/ament_prefix_path.dsv
[6.712s] -- Installing: /home/zenyn/Thrust-Control/install/thrust_control/share/thrust_control/environment/path.sh
[6.712s] -- Installing: /home/zenyn/Thrust-Control/install/thrust_control/share/thrust_control/environment/path.dsv
[6.712s] -- Installing: /home/zenyn/Thrust-Control/install/thrust_control/share/thrust_control/local_setup.bash
[6.713s] -- Installing: /home/zenyn/Thrust-Control/install/thrust_control/share/thrust_control/local_setup.sh
[6.713s] -- Installing: /home/zenyn/Thrust-Control/install/thrust_control/share/thrust_control/local_setup.zsh
[6.713s] -- Installing: /home/zenyn/Thrust-Control/install/thrust_control/share/thrust_control/local_setup.dsv
[6.713s] -- Installing: /home/zenyn/Thrust-Control/install/thrust_control/share/thrust_control/package.dsv
[6.713s] -- Installing: /home/zenyn/Thrust-Control/install/thrust_control/share/ament_index/resource_index/packages/thrust_control
[6.713s] -- Installing: /home/zenyn/Thrust-Control/install/thrust_control/share/thrust_control/cmake/ament_cmake_export_include_directories-extras.cmake
[6.713s] -- Installing: /home/zenyn/Thrust-Control/install/thrust_control/share/thrust_control/cmake/ament_cmake_export_dependencies-extras.cmake
[6.713s] -- Installing: /home/zenyn/Thrust-Control/install/thrust_control/share/thrust_control/cmake/thrust_controlConfig.cmake
[6.714s] -- Installing: /home/zenyn/Thrust-Control/install/thrust_control/share/thrust_control/cmake/thrust_controlConfig-version.cmake
[6.714s] -- Installing: /home/zenyn/Thrust-Control/install/thrust_control/share/thrust_control/package.xml
[6.714s] Invoked command in '/home/zenyn/Thrust-Control/build/thrust_control' returned '0': CMAKE_PREFIX_PATH=${CMAKE_PREFIX_PATH}:/opt/ros/jazzy /usr/bin/cmake --install /home/zenyn/Thrust-Control/build/thrust_control
