[0.069s] DEBUG:colcon:Command line arguments: ['/usr/bin/colcon', 'build', '--cmake-args', '-DBUILD_TESTING=ON']
[0.069s] DEBUG:colcon:Parsed command line arguments: Namespace(log_base=None, log_level=None, verb_name='build', build_base='build', install_base='install', merge_install=False, symlink_install=False, test_result_base=None, continue_on_error=False, executor='parallel', parallel_workers=12, event_handlers=None, ignore_user_meta=False, metas=['./colcon.meta'], base_paths=['.'], packages_ignore=None, packages_ignore_regex=None, paths=None, packages_up_to=None, packages_up_to_regex=None, packages_above=None, packages_above_and_dependencies=None, packages_above_depth=None, packages_select_by_dep=None, packages_skip_by_dep=None, packages_skip_up_to=None, packages_select_build_failed=False, packages_skip_build_finished=False, packages_select_test_failures=False, packages_skip_test_passed=False, packages_select=None, packages_skip=None, packages_select_regex=None, packages_skip_regex=None, packages_start=None, packages_end=None, allow_overriding=[], cmake_args=['-DBUILD_TESTING=ON'], cmake_target=None, cmake_target_skip_unavailable=False, cmake_clean_cache=False, cmake_clean_first=False, cmake_force_configure=False, ament_cmake_args=None, catkin_cmake_args=None, catkin_skip_building_tests=False, mixin_files=None, mixin=None, verb_parser=<colcon_mixin.mixin.mixin_argument.MixinArgumentDecorator object at 0x709536092840>, verb_extension=<colcon_core.verb.build.BuildVerb object at 0x709536092510>, main=<bound method BuildVerb.main of <colcon_core.verb.build.BuildVerb object at 0x709536092510>>, mixin_verb=('build',))
[0.094s] Level 1:colcon.colcon_core.package_discovery:discover_packages(colcon_meta) check parameters
[0.094s] Level 1:colcon.colcon_core.package_discovery:discover_packages(recursive) check parameters
[0.095s] Level 1:colcon.colcon_core.package_discovery:discover_packages(ignore) check parameters
[0.095s] Level 1:colcon.colcon_core.package_discovery:discover_packages(path) check parameters
[0.095s] Level 1:colcon.colcon_core.package_discovery:discover_packages(colcon_meta) discover
[0.095s] Level 1:colcon.colcon_core.package_discovery:discover_packages(recursive) discover
[0.095s] INFO:colcon.colcon_core.package_discovery:Crawling recursively for packages in '/home/zenyn/Thrust-Control'
[0.095s] Level 1:colcon.colcon_core.package_identification:_identify(.) by extensions ['ignore', 'ignore_ament_install']
[0.095s] Level 1:colcon.colcon_core.package_identification:_identify(.) by extension 'ignore'
[0.095s] Level 1:colcon.colcon_core.package_identification:_identify(.) by extension 'ignore_ament_install'
[0.095s] Level 1:colcon.colcon_core.package_identification:_identify(.) by extensions ['colcon_pkg']
[0.095s] Level 1:colcon.colcon_core.package_identification:_identify(.) by extension 'colcon_pkg'
[0.095s] Level 1:colcon.colcon_core.package_identification:_identify(.) by extensions ['colcon_meta']
[0.095s] Level 1:colcon.colcon_core.package_identification:_identify(.) by extension 'colcon_meta'
[0.095s] Level 1:colcon.colcon_core.package_identification:_identify(.) by extensions ['ros']
[0.095s] Level 1:colcon.colcon_core.package_identification:_identify(.) by extension 'ros'
[0.115s] DEBUG:colcon.colcon_core.package_identification:Package '.' with type 'ros.ament_cmake' and name 'thrust_control'
[0.115s] Level 1:colcon.colcon_core.package_discovery:discover_packages(recursive) using defaults
[0.115s] Level 1:colcon.colcon_core.package_discovery:discover_packages(ignore) discover
[0.115s] Level 1:colcon.colcon_core.package_discovery:discover_packages(ignore) using defaults
[0.115s] Level 1:colcon.colcon_core.package_discovery:discover_packages(path) discover
[0.115s] Level 1:colcon.colcon_core.package_discovery:discover_packages(path) using defaults
[0.127s] Level 1:colcon.colcon_core.package_discovery:discover_packages(prefix_path) check parameters
[0.127s] Level 1:colcon.colcon_core.package_discovery:discover_packages(prefix_path) discover
[0.128s] DEBUG:colcon.colcon_installed_package_information.package_discovery:Found 285 installed packages in /opt/ros/jazzy
[0.129s] Level 1:colcon.colcon_core.package_discovery:discover_packages(prefix_path) using defaults
[0.153s] Level 5:colcon.colcon_core.verb:set package 'thrust_control' build argument 'cmake_args' from command line to '['-DBUILD_TESTING=ON']'
[0.153s] Level 5:colcon.colcon_core.verb:set package 'thrust_control' build argument 'cmake_target' from command line to 'None'
[0.153s] Level 5:colcon.colcon_core.verb:set package 'thrust_control' build argument 'cmake_target_skip_unavailable' from command line to 'False'
[0.153s] Level 5:colcon.colcon_core.verb:set package 'thrust_control' build argument 'cmake_clean_cache' from command line to 'False'
[0.153s] Level 5:colcon.colcon_core.verb:set package 'thrust_control' build argument 'cmake_clean_first' from command line to 'False'
[0.153s] Level 5:colcon.colcon_core.verb:set package 'thrust_control' build argument 'cmake_force_configure' from command line to 'False'
[0.153s] Level 5:colcon.colcon_core.verb:set package 'thrust_control' build argument 'ament_cmake_args' from command line to 'None'
[0.153s] Level 5:colcon.colcon_core.verb:set package 'thrust_control' build argument 'catkin_cmake_args' from command line to 'None'
[0.153s] Level 5:colcon.colcon_core.verb:set package 'thrust_control' build argument 'catkin_skip_building_tests' from command line to 'False'
[0.153s] DEBUG:colcon.colcon_core.verb:Building package 'thrust_control' with the following arguments: {'ament_cmake_args': None, 'build_base': '/home/zenyn/Thrust-Control/build/thrust_control', 'catkin_cmake_args': None, 'catkin_skip_building_tests': False, 'cmake_args': ['-DBUILD_TESTING=ON'], 'cmake_clean_cache': False, 'cmake_clean_first': False, 'cmake_force_configure': False, 'cmake_target': None, 'cmake_target_skip_unavailable': False, 'install_base': '/home/zenyn/Thrust-Control/install/thrust_control', 'merge_install': False, 'path': '/home/zenyn/Thrust-Control', 'symlink_install': False, 'test_result_base': None}
[0.153s] INFO:colcon.colcon_core.executor:Executing jobs using 'parallel' executor
[0.154s] DEBUG:colcon.colcon_parallel_executor.executor.parallel:run_until_complete
[0.154s] INFO:colcon.colcon_ros.task.ament_cmake.build:Building ROS package in '/home/zenyn/Thrust-Control' with build type 'ament_cmake'
[0.154s] INFO:colcon.colcon_cmake.task.cmake.build:Building CMake package in '/home/zenyn/Thrust-Control'
[0.155s] INFO:colcon.colcon_core.plugin_system:Skipping extension 'colcon_core.shell.bat': Not used on non-Windows systems
[0.155s] INFO:colcon.colcon_core.shell:Skip shell extension 'powershell' for command environment: Not usable outside of PowerShell
[0.155s] DEBUG:colcon.colcon_core.shell:Skip shell extension 'dsv' for command environment
[0.162s] DEBUG:colcon.colcon_core.event_handler.log_command:Invoking command in '/home/zenyn/Thrust-Control/build/thrust_control': CMAKE_PREFIX_PATH=${CMAKE_PREFIX_PATH}:/opt/ros/jazzy /usr/bin/cmake --build /home/zenyn/Thrust-Control/build/thrust_control -- -j12 -l12
[9.720s] DEBUG:colcon.colcon_core.event_handler.log_command:Invoked command in '/home/zenyn/Thrust-Control/build/thrust_control' returned '0': CMAKE_PREFIX_PATH=${CMAKE_PREFIX_PATH}:/opt/ros/jazzy /usr/bin/cmake --build /home/zenyn/Thrust-Control/build/thrust_control -- -j12 -l12
[9.734s] DEBUG:colcon.colcon_core.event_handler.log_command:Invoking command in '/home/zenyn/Thrust-Control/build/thrust_control': CMAKE_PREFIX_PATH=${CMAKE_PREFIX_PATH}:/opt/ros/jazzy /usr/bin/cmake --install /home/zenyn/Thrust-Control/build/thrust_control
[9.759s] Level 1:colcon.colcon_core.environment:create_environment_scripts_only(thrust_control)
[9.759s] DEBUG:colcon.colcon_core.event_handler.log_command:Invoked command in '/home/zenyn/Thrust-Control/build/thrust_control' returned '0': CMAKE_PREFIX_PATH=${CMAKE_PREFIX_PATH}:/opt/ros/jazzy /usr/bin/cmake --install /home/zenyn/Thrust-Control/build/thrust_control
[9.760s] Level 1:colcon.colcon_core.environment:checking '/home/zenyn/Thrust-Control/install/thrust_control' for CMake module files
[9.761s] Level 1:colcon.colcon_core.environment:checking '/home/zenyn/Thrust-Control/install/thrust_control' for CMake config files
[9.761s] Level 1:colcon.colcon_core.shell:create_environment_hook('thrust_control', 'cmake_prefix_path')
[9.761s] INFO:colcon.colcon_core.shell:Creating environment hook '/home/zenyn/Thrust-Control/install/thrust_control/share/thrust_control/hook/cmake_prefix_path.ps1'
[9.761s] INFO:colcon.colcon_core.shell:Creating environment descriptor '/home/zenyn/Thrust-Control/install/thrust_control/share/thrust_control/hook/cmake_prefix_path.dsv'
[9.761s] INFO:colcon.colcon_core.shell:Creating environment hook '/home/zenyn/Thrust-Control/install/thrust_control/share/thrust_control/hook/cmake_prefix_path.sh'
[9.762s] Level 1:colcon.colcon_core.environment:checking '/home/zenyn/Thrust-Control/install/thrust_control/lib'
[9.762s] Level 1:colcon.colcon_core.environment:checking '/home/zenyn/Thrust-Control/install/thrust_control/bin'
[9.762s] Level 1:colcon.colcon_core.environment:checking '/home/zenyn/Thrust-Control/install/thrust_control/lib/pkgconfig/thrust_control.pc'
[9.762s] Level 1:colcon.colcon_core.environment:checking '/home/zenyn/Thrust-Control/install/thrust_control/lib/python3.12/site-packages'
[9.762s] Level 1:colcon.colcon_core.environment:checking '/home/zenyn/Thrust-Control/install/thrust_control/bin'
[9.763s] INFO:colcon.colcon_core.shell:Creating package script '/home/zenyn/Thrust-Control/install/thrust_control/share/thrust_control/package.ps1'
[9.763s] INFO:colcon.colcon_core.shell:Creating package descriptor '/home/zenyn/Thrust-Control/install/thrust_control/share/thrust_control/package.dsv'
[9.763s] INFO:colcon.colcon_core.shell:Creating package script '/home/zenyn/Thrust-Control/install/thrust_control/share/thrust_control/package.sh'
[9.764s] INFO:colcon.colcon_core.shell:Creating package script '/home/zenyn/Thrust-Control/install/thrust_control/share/thrust_control/package.bash'
[9.764s] INFO:colcon.colcon_core.shell:Creating package script '/home/zenyn/Thrust-Control/install/thrust_control/share/thrust_control/package.zsh'
[9.764s] Level 1:colcon.colcon_core.environment:create_file_with_runtime_dependencies(/home/zenyn/Thrust-Control/install/thrust_control/share/colcon-core/packages/thrust_control)
[9.765s] Level 1:colcon.colcon_core.environment:create_environment_scripts_only(thrust_control)
[9.765s] Level 1:colcon.colcon_core.environment:checking '/home/zenyn/Thrust-Control/install/thrust_control' for CMake module files
[9.765s] Level 1:colcon.colcon_core.environment:checking '/home/zenyn/Thrust-Control/install/thrust_control' for CMake config files
[9.765s] Level 1:colcon.colcon_core.shell:create_environment_hook('thrust_control', 'cmake_prefix_path')
[9.765s] INFO:colcon.colcon_core.shell:Creating environment hook '/home/zenyn/Thrust-Control/install/thrust_control/share/thrust_control/hook/cmake_prefix_path.ps1'
[9.765s] INFO:colcon.colcon_core.shell:Creating environment descriptor '/home/zenyn/Thrust-Control/install/thrust_control/share/thrust_control/hook/cmake_prefix_path.dsv'
[9.766s] INFO:colcon.colcon_core.shell:Creating environment hook '/home/zenyn/Thrust-Control/install/thrust_control/share/thrust_control/hook/cmake_prefix_path.sh'
[9.766s] Level 1:colcon.colcon_core.environment:checking '/home/zenyn/Thrust-Control/install/thrust_control/lib'
[9.766s] Level 1:colcon.colcon_core.environment:checking '/home/zenyn/Thrust-Control/install/thrust_control/bin'
[9.766s] Level 1:colcon.colcon_core.environment:checking '/home/zenyn/Thrust-Control/install/thrust_control/lib/pkgconfig/thrust_control.pc'
[9.766s] Level 1:colcon.colcon_core.environment:checking '/home/zenyn/Thrust-Control/install/thrust_control/lib/python3.12/site-packages'
[9.766s] Level 1:colcon.colcon_core.environment:checking '/home/zenyn/Thrust-Control/install/thrust_control/bin'
[9.766s] INFO:colcon.colcon_core.shell:Creating package script '/home/zenyn/Thrust-Control/install/thrust_control/share/thrust_control/package.ps1'
[9.767s] INFO:colcon.colcon_core.shell:Creating package descriptor '/home/zenyn/Thrust-Control/install/thrust_control/share/thrust_control/package.dsv'
[9.767s] INFO:colcon.colcon_core.shell:Creating package script '/home/zenyn/Thrust-Control/install/thrust_control/share/thrust_control/package.sh'
[9.767s] INFO:colcon.colcon_core.shell:Creating package script '/home/zenyn/Thrust-Control/install/thrust_control/share/thrust_control/package.bash'
[9.768s] INFO:colcon.colcon_core.shell:Creating package script '/home/zenyn/Thrust-Control/install/thrust_control/share/thrust_control/package.zsh'
[9.768s] Level 1:colcon.colcon_core.environment:create_file_with_runtime_dependencies(/home/zenyn/Thrust-Control/install/thrust_control/share/colcon-core/packages/thrust_control)
[9.768s] DEBUG:colcon.colcon_parallel_executor.executor.parallel:closing loop
[9.768s] DEBUG:colcon.colcon_parallel_executor.executor.parallel:loop closed
[9.768s] DEBUG:colcon.colcon_parallel_executor.executor.parallel:run_until_complete finished with '0'
[9.768s] DEBUG:colcon.colcon_core.event_reactor:joining thread
[9.773s] INFO:colcon.colcon_core.plugin_system:Skipping extension 'colcon_notification.desktop_notification.terminal_notifier': Not used on non-Darwin systems
[9.773s] INFO:colcon.colcon_core.plugin_system:Skipping extension 'colcon_notification.desktop_notification.win32': Not used on non-Windows systems
[9.773s] INFO:colcon.colcon_notification.desktop_notification:Sending desktop notification using 'notify2'
[9.778s] DEBUG:colcon.colcon_core.event_reactor:joined thread
[9.778s] INFO:colcon.colcon_core.shell:Creating prefix script '/home/zenyn/Thrust-Control/install/local_setup.ps1'
[9.779s] INFO:colcon.colcon_core.shell:Creating prefix util module '/home/zenyn/Thrust-Control/install/_local_setup_util_ps1.py'
[9.780s] INFO:colcon.colcon_core.shell:Creating prefix chain script '/home/zenyn/Thrust-Control/install/setup.ps1'
[9.780s] INFO:colcon.colcon_core.shell:Creating prefix script '/home/zenyn/Thrust-Control/install/local_setup.sh'
[9.781s] INFO:colcon.colcon_core.shell:Creating prefix util module '/home/zenyn/Thrust-Control/install/_local_setup_util_sh.py'
[9.781s] INFO:colcon.colcon_core.shell:Creating prefix chain script '/home/zenyn/Thrust-Control/install/setup.sh'
[9.781s] INFO:colcon.colcon_core.shell:Creating prefix script '/home/zenyn/Thrust-Control/install/local_setup.bash'
[9.782s] INFO:colcon.colcon_core.shell:Creating prefix chain script '/home/zenyn/Thrust-Control/install/setup.bash'
[9.782s] INFO:colcon.colcon_core.shell:Creating prefix script '/home/zenyn/Thrust-Control/install/local_setup.zsh'
[9.782s] INFO:colcon.colcon_core.shell:Creating prefix chain script '/home/zenyn/Thrust-Control/install/setup.zsh'
