[0.008s] Invoking command in '/home/zenyn/Thrust-Control/build/thrust_control': /usr/bin/cmake /home/zenyn/Thrust-Control -DCMAKE_INSTALL_PREFIX=/home/zenyn/Thrust-Control/install/thrust_control
[0.070s] -- The C compiler identification is GNU 13.3.0
[0.132s] -- The CXX compiler identification is GNU 13.3.0
[0.157s] -- Detecting C compiler ABI info
[0.297s] -- Detecting C compiler ABI info - done
[0.312s] -- Check for working C compiler: /usr/bin/cc - skipped
[0.312s] -- Detecting C compile features
[0.312s] -- Detecting C compile features - done
[0.329s] -- Detecting CXX compiler ABI info
[0.466s] -- Detecting CXX compiler ABI info - done
[0.477s] -- Check for working CXX compiler: /usr/bin/c++ - skipped
[0.477s] -- Detecting CXX compile features
[0.478s] -- Detecting CXX compile features - done
[0.485s] [31mCMake Error at CMakeLists.txt:14 (find_package):
[0.485s]   By not providing "Findament_cmake.cmake" in CMAKE_MODULE_PATH this project
[0.485s]   has asked CMake to find a package configuration file provided by
[0.485s]   "ament_cmake", but CMake did not find one.
[0.485s] 
[0.485s]   Could not find a package configuration file provided by "ament_cmake" with
[0.485s]   any of the following names:
[0.485s] 
[0.485s]     ament_cmakeConfig.cmake
[0.486s]     ament_cmake-config.cmake
[0.486s] 
[0.486s]   Add the installation prefix of "ament_cmake" to CMAKE_PREFIX_PATH or set
[0.486s]   "ament_cmake_DIR" to a directory containing one of the above files.  If
[0.486s]   "ament_cmake" provides a separate development package or SDK, be sure it
[0.486s]   has been installed.
[0.486s] 
[0.486s] [0m
[0.486s] -- Configuring incomplete, errors occurred!
[0.488s] Invoked command in '/home/zenyn/Thrust-Control/build/thrust_control' returned '1': /usr/bin/cmake /home/zenyn/Thrust-Control -DCMAKE_INSTALL_PREFIX=/home/zenyn/Thrust-Control/install/thrust_control
