-- Project setup complete
-- Run 'make' to build the project
-- Run 'ctest' to execute the tests
-- Found ament_cmake: 2.5.3 (/opt/ros/jazzy/share/ament_cmake/cmake)
-- Found rclcpp: 28.1.8 (/opt/ros/jazzy/share/rclcpp/cmake)
-- Found rosidl_generator_c: 4.6.5 (/opt/ros/jazzy/share/rosidl_generator_c/cmake)
-- Found rosidl_generator_cpp: 4.6.5 (/opt/ros/jazzy/share/rosidl_generator_cpp/cmake)
-- Using all available rosidl_typesupport_c: rosidl_typesupport_fastrtps_c;rosidl_typesupport_introspection_c
-- Using all available rosidl_typesupport_cpp: rosidl_typesupport_fastrtps_cpp;rosidl_typesupport_introspection_cpp
-- Found rmw_implementation_cmake: 7.3.2 (/opt/ros/jazzy/share/rmw_implementation_cmake/cmake)
-- Found rmw_fastrtps_cpp: 8.4.2 (/opt/ros/jazzy/share/rmw_fastrtps_cpp/cmake)
-- Using RMW implementation 'rmw_fastrtps_cpp' as default
-- Found std_msgs: 5.3.6 (/opt/ros/jazzy/share/std_msgs/cmake)
-- Found ament_lint_auto: 0.17.2 (/opt/ros/jazzy/share/ament_lint_auto/cmake)
-- Added test 'copyright' to check source files copyright and LICENSE
-- Added test 'cppcheck' to perform static code analysis on C / C++ code
-- Configured cppcheck include dirs: /home/zenyn/Thrust-Control/src;/home/zenyn/Thrust-Control/Command-Interpreter/lib;/home/zenyn/Thrust-Control/include
-- Configured cppcheck exclude dirs and/or files: 
-- Added test 'cpplint' to check C / C++ code against the Google style
-- Configured cpplint exclude dirs and/or files: 
-- Added test 'flake8' to check Python code syntax and style conventions
-- Configured 'flake8' exclude dirs and/or files: 
-- Added test 'lint_cmake' to check CMake code style
-- Added test 'pep257' to check Python code against some of the docstring style conventions in PEP 257
-- Added test 'uncrustify' to check C / C++ code style
-- Configured uncrustify additional arguments: 
-- Added test 'xmllint' to check XML markup files
-- Configuring done (0.8s)
-- Generating done (0.0s)
-- Build files have been written to: /home/zenyn/Thrust-Control/build/thrust_control
[  7%] Built target controller_lib
[ 20%] Built target PropulsionFunctions
[ 28%] Built target controller_codegenTest
[ 33%] Built target gtest
[ 38%] Built target gmock
[ 43%] Built target gtest_main
[ 48%] Built target controller_test
[ 51%] [32mBuilding CXX object CMakeFiles/thrust_control.dir/src/thrust_control_supervisor.cpp.o[0m
[ 53%] [32mBuilding CXX object CMakeFiles/test_thrust_control_supervisor.dir/tests/test_thrust_control_supervisor.cpp.o[0m
[ 58%] Built target gmock_main
[ 61%] [32mBuilding CXX object CMakeFiles/test_thrust_control_node.dir/tests/test_thrust_control_node.cpp.o[0m
[ 66%] [32mBuilding CXX object CMakeFiles/test_thrust_control_node.dir/src/thrust_control_supervisor.cpp.o[0m
[ 66%] [32mBuilding CXX object CMakeFiles/test_thrust_control_node.dir/src/thrust_control_node.cpp.o[0m
[ 69%] [32mBuilding CXX object CMakeFiles/test_thrust_control_supervisor.dir/src/thrust_control_supervisor.cpp.o[0m
[ 82%] Built target propulsion_test
