[0.007s] Invoking command in '/home/zenyn/Thrust-Control/build/thrust_control': CMAKE_PREFIX_PATH=${CMAKE_PREFIX_PATH}:/opt/ros/jazzy /usr/bin/cmake /home/zenyn/Thrust-Control -DBUILD_TESTING=ON -DCMAKE_INSTALL_PREFIX=/home/zenyn/Thrust-Control/install/thrust_control
[0.080s] -- The C compiler identification is GNU 13.3.0
[0.144s] -- The CXX compiler identification is GNU 13.3.0
[0.163s] -- Detecting C compiler ABI info
[0.277s] -- Detecting C compiler ABI info - done
[0.289s] -- Check for working C compiler: /usr/bin/cc - skipped
[0.289s] -- Detecting C compile features
[0.289s] -- Detecting C compile features - done
[0.299s] -- Detecting CXX compiler ABI info
[0.417s] -- Detecting CXX compiler ABI info - done
[0.424s] -- Check for working CXX compiler: /usr/bin/c++ - skipped
[0.425s] -- Detecting CXX compile features
[0.425s] -- Detecting CXX compile features - done
[1.618s] -- Performing Test CMAKE_HAVE_LIBC_PTHREAD
[1.732s] -- Performing Test CMAKE_HAVE_LIBC_PTHREAD - Success
[1.733s] -- Found Threads: TRUE  
[1.746s] -- Found GTest: /usr/lib/x86_64-linux-gnu/cmake/GTest/GTestConfig.cmake (found version "1.14.0")  
[1.746s] -- Project setup complete
[1.746s] -- Run 'make' to build the project
[1.747s] -- Run 'ctest' to execute the tests
[1.753s] -- Found ament_cmake: 2.5.3 (/opt/ros/jazzy/share/ament_cmake/cmake)
[1.877s] -- Found Python3: /usr/bin/python3 (found version "3.12.3") found components: Interpreter 
[1.961s] -- Found rclcpp: 28.1.8 (/opt/ros/jazzy/share/rclcpp/cmake)
[1.990s] -- Found rosidl_generator_c: 4.6.5 (/opt/ros/jazzy/share/rosidl_generator_c/cmake)
[1.999s] -- Found rosidl_generator_cpp: 4.6.5 (/opt/ros/jazzy/share/rosidl_generator_cpp/cmake)
[2.011s] -- Using all available rosidl_typesupport_c: rosidl_typesupport_fastrtps_c;rosidl_typesupport_introspection_c
[2.024s] -- Using all available rosidl_typesupport_cpp: rosidl_typesupport_fastrtps_cpp;rosidl_typesupport_introspection_cpp
[2.078s] -- Found rmw_implementation_cmake: 7.3.2 (/opt/ros/jazzy/share/rmw_implementation_cmake/cmake)
[2.079s] -- Found rmw_fastrtps_cpp: 8.4.2 (/opt/ros/jazzy/share/rmw_fastrtps_cpp/cmake)
[2.165s] -- Found OpenSSL: /usr/lib/x86_64-linux-gnu/libcrypto.so (found version "3.0.13")  
[2.194s] -- Found FastRTPS: /opt/ros/jazzy/include (Required is at least version "2.13") 
[2.229s] -- Using RMW implementation 'rmw_fastrtps_cpp' as default
[2.286s] -- Found std_msgs: 5.3.6 (/opt/ros/jazzy/share/std_msgs/cmake)
[2.297s] -- Found ament_lint_auto: 0.17.2 (/opt/ros/jazzy/share/ament_lint_auto/cmake)
[2.392s] -- Added test 'copyright' to check source files copyright and LICENSE
[2.458s] -- Added test 'cppcheck' to perform static code analysis on C / C++ code
[2.459s] -- Configured cppcheck include dirs: /home/zenyn/Thrust-Control/src
[2.459s] -- Configured cppcheck exclude dirs and/or files: 
[2.514s] -- Added test 'cpplint' to check C / C++ code against the Google style
[2.514s] -- Configured cpplint exclude dirs and/or files: 
[2.522s] -- Added test 'flake8' to check Python code syntax and style conventions
[2.522s] -- Configured 'flake8' exclude dirs and/or files: 
[2.537s] -- Added test 'lint_cmake' to check CMake code style
[2.544s] -- Added test 'pep257' to check Python code against some of the docstring style conventions in PEP 257
[2.598s] -- Added test 'uncrustify' to check C / C++ code style
[2.598s] -- Configured uncrustify additional arguments: 
[2.605s] -- Added test 'xmllint' to check XML markup files
[2.609s] -- Configuring done (2.6s)
[2.613s] [31mCMake Error at include/exported-PID-control/test/CMakeLists.txt:8 (add_library):
[2.613s]   Cannot find source file:
[2.613s] 
[2.613s]     /home/zenyn/Thrust-Control/include/exported-PID-control/test/src/controller_codegenTest.cpp
[2.613s] 
[2.613s]   Tried extensions .c .C .c++ .cc .cpp .cxx .cu .mpp .m .M .mm .ixx .cppm
[2.613s]   .ccm .cxxm .c++m .h .hh .h++ .hm .hpp .hxx .in .txx .f .F .for .f77 .f90
[2.613s]   .f95 .f03 .hip .ispc
[2.613s] 
[2.613s] [0m
[2.614s] [31mCMake Error at include/exported-PID-control/test/CMakeLists.txt:8 (add_library):
[2.614s]   No SOURCES given to target: controller_lib
[2.614s] 
[2.614s] [0m
[2.615s] [0mCMake Generate step failed.  Build files cannot be regenerated correctly.[0m
[2.624s] Invoked command in '/home/zenyn/Thrust-Control/build/thrust_control' returned '1': CMAKE_PREFIX_PATH=${CMAKE_PREFIX_PATH}:/opt/ros/jazzy /usr/bin/cmake /home/zenyn/Thrust-Control -DBUILD_TESTING=ON -DCMAKE_INSTALL_PREFIX=/home/zenyn/Thrust-Control/install/thrust_control
