[  7%] Built target controller_test_lib
[ 18%] Built target PropulsionFunctions
[ 31%] Built target gtest
[ 31%] Built target controller_lib
[ 36%] Built target gmock
[ 42%] Built target gtest_main
[ 47%] Built target controller_test
[ 63%] Built target thrust_control
[ 63%] Built target gmock_main
[ 76%] Built target propulsion_test
[100%] Built target test_thrust_control_supervisor
[100%] Built target test_thrust_control_node
-- Install configuration: ""
-- Up-to-date: /home/zenyn/Thrust-Control/install/thrust_control/lib/thrust_control/thrust_control
-- Up-to-date: /home/zenyn/Thrust-Control/install/thrust_control/share/ament_index/resource_index/package_run_dependencies/thrust_control
-- Up-to-date: /home/zenyn/Thrust-Control/install/thrust_control/share/ament_index/resource_index/parent_prefix_path/thrust_control
-- Up-to-date: /home/zenyn/Thrust-Control/install/thrust_control/share/thrust_control/environment/ament_prefix_path.sh
-- Up-to-date: /home/zenyn/Thrust-Control/install/thrust_control/share/thrust_control/environment/ament_prefix_path.dsv
-- Up-to-date: /home/zenyn/Thrust-Control/install/thrust_control/share/thrust_control/environment/path.sh
-- Up-to-date: /home/zenyn/Thrust-Control/install/thrust_control/share/thrust_control/environment/path.dsv
-- Up-to-date: /home/zenyn/Thrust-Control/install/thrust_control/share/thrust_control/local_setup.bash
-- Up-to-date: /home/zenyn/Thrust-Control/install/thrust_control/share/thrust_control/local_setup.sh
-- Up-to-date: /home/zenyn/Thrust-Control/install/thrust_control/share/thrust_control/local_setup.zsh
-- Up-to-date: /home/zenyn/Thrust-Control/install/thrust_control/share/thrust_control/local_setup.dsv
-- Installing: /home/zenyn/Thrust-Control/install/thrust_control/share/thrust_control/package.dsv
-- Up-to-date: /home/zenyn/Thrust-Control/install/thrust_control/share/ament_index/resource_index/packages/thrust_control
-- Up-to-date: /home/zenyn/Thrust-Control/install/thrust_control/share/thrust_control/cmake/ament_cmake_export_include_directories-extras.cmake
-- Up-to-date: /home/zenyn/Thrust-Control/install/thrust_control/share/thrust_control/cmake/ament_cmake_export_dependencies-extras.cmake
-- Up-to-date: /home/zenyn/Thrust-Control/install/thrust_control/share/thrust_control/cmake/thrust_controlConfig.cmake
-- Up-to-date: /home/zenyn/Thrust-Control/install/thrust_control/share/thrust_control/cmake/thrust_controlConfig-version.cmake
-- Up-to-date: /home/zenyn/Thrust-Control/install/thrust_control/share/thrust_control/package.xml
-- Up-to-date: /home/zenyn/Thrust-Control/install/thrust_control/include
-- Up-to-date: /home/zenyn/Thrust-Control/install/thrust_control/include/gmock
-- Up-to-date: /home/zenyn/Thrust-Control/install/thrust_control/include/gmock/gmock-spec-builders.h
-- Up-to-date: /home/zenyn/Thrust-Control/install/thrust_control/include/gmock/gmock-matchers.h
-- Up-to-date: /home/zenyn/Thrust-Control/install/thrust_control/include/gmock/gmock.h
-- Up-to-date: /home/zenyn/Thrust-Control/install/thrust_control/include/gmock/gmock-nice-strict.h
-- Up-to-date: /home/zenyn/Thrust-Control/install/thrust_control/include/gmock/gmock-more-actions.h
-- Up-to-date: /home/zenyn/Thrust-Control/install/thrust_control/include/gmock/gmock-actions.h
-- Up-to-date: /home/zenyn/Thrust-Control/install/thrust_control/include/gmock/gmock-cardinalities.h
-- Up-to-date: /home/zenyn/Thrust-Control/install/thrust_control/include/gmock/internal
-- Up-to-date: /home/zenyn/Thrust-Control/install/thrust_control/include/gmock/internal/gmock-pp.h
-- Up-to-date: /home/zenyn/Thrust-Control/install/thrust_control/include/gmock/internal/gmock-port.h
-- Up-to-date: /home/zenyn/Thrust-Control/install/thrust_control/include/gmock/internal/gmock-internal-utils.h
-- Up-to-date: /home/zenyn/Thrust-Control/install/thrust_control/include/gmock/internal/custom
-- Up-to-date: /home/zenyn/Thrust-Control/install/thrust_control/include/gmock/internal/custom/gmock-matchers.h
-- Up-to-date: /home/zenyn/Thrust-Control/install/thrust_control/include/gmock/internal/custom/gmock-port.h
-- Up-to-date: /home/zenyn/Thrust-Control/install/thrust_control/include/gmock/internal/custom/README.md
-- Up-to-date: /home/zenyn/Thrust-Control/install/thrust_control/include/gmock/internal/custom/gmock-generated-actions.h
-- Up-to-date: /home/zenyn/Thrust-Control/install/thrust_control/include/gmock/gmock-more-matchers.h
-- Up-to-date: /home/zenyn/Thrust-Control/install/thrust_control/include/gmock/gmock-function-mocker.h
-- Up-to-date: /home/zenyn/Thrust-Control/install/thrust_control/lib/libgmock.a
-- Up-to-date: /home/zenyn/Thrust-Control/install/thrust_control/lib/libgmock_main.a
-- Up-to-date: /home/zenyn/Thrust-Control/install/thrust_control/lib/pkgconfig/gmock.pc
-- Up-to-date: /home/zenyn/Thrust-Control/install/thrust_control/lib/pkgconfig/gmock_main.pc
-- Up-to-date: /home/zenyn/Thrust-Control/install/thrust_control/lib/cmake/GTest/GTestTargets.cmake
-- Up-to-date: /home/zenyn/Thrust-Control/install/thrust_control/lib/cmake/GTest/GTestTargets-noconfig.cmake
-- Up-to-date: /home/zenyn/Thrust-Control/install/thrust_control/lib/cmake/GTest/GTestConfigVersion.cmake
-- Up-to-date: /home/zenyn/Thrust-Control/install/thrust_control/lib/cmake/GTest/GTestConfig.cmake
-- Up-to-date: /home/zenyn/Thrust-Control/install/thrust_control/include
-- Up-to-date: /home/zenyn/Thrust-Control/install/thrust_control/include/gtest
-- Up-to-date: /home/zenyn/Thrust-Control/install/thrust_control/include/gtest/gtest-printers.h
-- Up-to-date: /home/zenyn/Thrust-Control/install/thrust_control/include/gtest/gtest-typed-test.h
-- Up-to-date: /home/zenyn/Thrust-Control/install/thrust_control/include/gtest/gtest.h
-- Up-to-date: /home/zenyn/Thrust-Control/install/thrust_control/include/gtest/gtest-param-test.h
-- Up-to-date: /home/zenyn/Thrust-Control/install/thrust_control/include/gtest/gtest-death-test.h
-- Up-to-date: /home/zenyn/Thrust-Control/install/thrust_control/include/gtest/gtest_prod.h
-- Up-to-date: /home/zenyn/Thrust-Control/install/thrust_control/include/gtest/gtest-test-part.h
-- Up-to-date: /home/zenyn/Thrust-Control/install/thrust_control/include/gtest/gtest_pred_impl.h
-- Up-to-date: /home/zenyn/Thrust-Control/install/thrust_control/include/gtest/gtest-matchers.h
-- Up-to-date: /home/zenyn/Thrust-Control/install/thrust_control/include/gtest/gtest-spi.h
-- Up-to-date: /home/zenyn/Thrust-Control/install/thrust_control/include/gtest/gtest-assertion-result.h
-- Up-to-date: /home/zenyn/Thrust-Control/install/thrust_control/include/gtest/internal
-- Up-to-date: /home/zenyn/Thrust-Control/install/thrust_control/include/gtest/internal/gtest-port-arch.h
-- Up-to-date: /home/zenyn/Thrust-Control/install/thrust_control/include/gtest/internal/gtest-port.h
-- Up-to-date: /home/zenyn/Thrust-Control/install/thrust_control/include/gtest/internal/gtest-filepath.h
-- Up-to-date: /home/zenyn/Thrust-Control/install/thrust_control/include/gtest/internal/gtest-type-util.h
-- Up-to-date: /home/zenyn/Thrust-Control/install/thrust_control/include/gtest/internal/gtest-death-test-internal.h
-- Up-to-date: /home/zenyn/Thrust-Control/install/thrust_control/include/gtest/internal/gtest-string.h
-- Up-to-date: /home/zenyn/Thrust-Control/install/thrust_control/include/gtest/internal/gtest-param-util.h
-- Up-to-date: /home/zenyn/Thrust-Control/install/thrust_control/include/gtest/internal/gtest-internal.h
-- Up-to-date: /home/zenyn/Thrust-Control/install/thrust_control/include/gtest/internal/custom
-- Up-to-date: /home/zenyn/Thrust-Control/install/thrust_control/include/gtest/internal/custom/gtest-printers.h
-- Up-to-date: /home/zenyn/Thrust-Control/install/thrust_control/include/gtest/internal/custom/gtest.h
-- Up-to-date: /home/zenyn/Thrust-Control/install/thrust_control/include/gtest/internal/custom/gtest-port.h
-- Up-to-date: /home/zenyn/Thrust-Control/install/thrust_control/include/gtest/internal/custom/README.md
-- Up-to-date: /home/zenyn/Thrust-Control/install/thrust_control/include/gtest/gtest-message.h
-- Up-to-date: /home/zenyn/Thrust-Control/install/thrust_control/lib/libgtest.a
-- Up-to-date: /home/zenyn/Thrust-Control/install/thrust_control/lib/libgtest_main.a
-- Up-to-date: /home/zenyn/Thrust-Control/install/thrust_control/lib/pkgconfig/gtest.pc
-- Up-to-date: /home/zenyn/Thrust-Control/install/thrust_control/lib/pkgconfig/gtest_main.pc
