[0.007s] Invoking command in '/home/zenyn/Thrust-Control/build/thrust_control': CMAKE_PREFIX_PATH=${CMAKE_PREFIX_PATH}:/opt/ros/jazzy /usr/bin/cmake --build /home/zenyn/Thrust-Control/build/thrust_control -- -j12 -l12
[0.079s] [100%] Built target thrust_control
[0.095s] Invoked command in '/home/zenyn/Thrust-Control/build/thrust_control' returned '0': CMAKE_PREFIX_PATH=${CMAKE_PREFIX_PATH}:/opt/ros/jazzy /usr/bin/cmake --build /home/zenyn/Thrust-Control/build/thrust_control -- -j12 -l12
[0.109s] Invoking command in '/home/zenyn/Thrust-Control/build/thrust_control': CMAKE_PREFIX_PATH=${CMAKE_PREFIX_PATH}:/opt/ros/jazzy /usr/bin/cmake --install /home/zenyn/Thrust-Control/build/thrust_control
[0.123s] -- Install configuration: ""
[0.123s] -- Up-to-date: /home/zenyn/Thrust-Control/install/thrust_control/lib/thrust_control/thrust_control
[0.124s] -- Up-to-date: /home/zenyn/Thrust-Control/install/thrust_control/share/ament_index/resource_index/package_run_dependencies/thrust_control
[0.124s] -- Up-to-date: /home/zenyn/Thrust-Control/install/thrust_control/share/ament_index/resource_index/parent_prefix_path/thrust_control
[0.124s] -- Up-to-date: /home/zenyn/Thrust-Control/install/thrust_control/share/thrust_control/environment/ament_prefix_path.sh
[0.124s] -- Up-to-date: /home/zenyn/Thrust-Control/install/thrust_control/share/thrust_control/environment/ament_prefix_path.dsv
[0.124s] -- Up-to-date: /home/zenyn/Thrust-Control/install/thrust_control/share/thrust_control/environment/path.sh
[0.125s] -- Up-to-date: /home/zenyn/Thrust-Control/install/thrust_control/share/thrust_control/environment/path.dsv
[0.125s] -- Up-to-date: /home/zenyn/Thrust-Control/install/thrust_control/share/thrust_control/local_setup.bash
[0.125s] -- Up-to-date: /home/zenyn/Thrust-Control/install/thrust_control/share/thrust_control/local_setup.sh
[0.125s] -- Up-to-date: /home/zenyn/Thrust-Control/install/thrust_control/share/thrust_control/local_setup.zsh
[0.125s] -- Up-to-date: /home/zenyn/Thrust-Control/install/thrust_control/share/thrust_control/local_setup.dsv
[0.125s] -- Installing: /home/zenyn/Thrust-Control/install/thrust_control/share/thrust_control/package.dsv
[0.125s] -- Up-to-date: /home/zenyn/Thrust-Control/install/thrust_control/share/ament_index/resource_index/packages/thrust_control
[0.125s] -- Up-to-date: /home/zenyn/Thrust-Control/install/thrust_control/share/thrust_control/cmake/ament_cmake_export_include_directories-extras.cmake
[0.126s] -- Up-to-date: /home/zenyn/Thrust-Control/install/thrust_control/share/thrust_control/cmake/ament_cmake_export_dependencies-extras.cmake
[0.126s] -- Up-to-date: /home/zenyn/Thrust-Control/install/thrust_control/share/thrust_control/cmake/thrust_controlConfig.cmake
[0.126s] -- Up-to-date: /home/zenyn/Thrust-Control/install/thrust_control/share/thrust_control/cmake/thrust_controlConfig-version.cmake
[0.126s] -- Up-to-date: /home/zenyn/Thrust-Control/install/thrust_control/share/thrust_control/package.xml
[0.127s] Invoked command in '/home/zenyn/Thrust-Control/build/thrust_control' returned '0': CMAKE_PREFIX_PATH=${CMAKE_PREFIX_PATH}:/opt/ros/jazzy /usr/bin/cmake --install /home/zenyn/Thrust-Control/build/thrust_control
