[0.006s] Invoking command in '/home/zenyn/Thrust-Control/build/thrust_control': PS1=(ros2_venv) \[\e]0;\u@\h: \w\a\]${debian_chroot:+($debian_chroot)}\[\033[01;32m\]\u@\h\[\033[00m\]:\[\033[01;34m\]\w\[\033[00m\]\$ VIRTUAL_ENV_PROMPT=(ros2_venv) /usr/bin/cmake /home/zenyn/Thrust-Control -DCMAKE_INSTALL_PREFIX=/home/zenyn/Thrust-Control/install/thrust_control
[0.026s] -- Configuring incomplete, errors occurred!
[0.026s] [31mCMake Error at CMakeLists.txt:14 (find_package):
[0.026s]   By not providing "Findament_cmake.cmake" in CMAKE_MODULE_PATH this project
[0.026s]   has asked CMake to find a package configuration file provided by
[0.026s]   "ament_cmake", but CMake did not find one.
[0.027s] 
[0.027s]   Could not find a package configuration file provided by "ament_cmake" with
[0.027s]   any of the following names:
[0.028s] 
[0.028s]     ament_cmakeConfig.cmake
[0.028s]     ament_cmake-config.cmake
[0.028s] 
[0.028s]   Add the installation prefix of "ament_cmake" to CMAKE_PREFIX_PATH or set
[0.028s]   "ament_cmake_DIR" to a directory containing one of the above files.  If
[0.028s]   "ament_cmake" provides a separate development package or SDK, be sure it
[0.028s]   has been installed.
[0.028s] 
[0.028s] [0m
[0.029s] Invoked command in '/home/zenyn/Thrust-Control/build/thrust_control' returned '1': PS1=(ros2_venv) \[\e]0;\u@\h: \w\a\]${debian_chroot:+($debian_chroot)}\[\033[01;32m\]\u@\h\[\033[00m\]:\[\033[01;34m\]\w\[\033[00m\]\$ VIRTUAL_ENV_PROMPT=(ros2_venv) /usr/bin/cmake /home/zenyn/Thrust-Control -DCMAKE_INSTALL_PREFIX=/home/zenyn/Thrust-Control/install/thrust_control
