[0.012s] Invoking command in '/home/zenyn/Thrust-Control/build/thrust_control': CMAKE_PREFIX_PATH=${CMAKE_PREFIX_PATH}:/opt/ros/jazzy /usr/bin/cmake --build /home/zenyn/Thrust-Control/build/thrust_control -- -j12 -l12
[0.035s] -- Found ament_cmake: 2.5.3 (/opt/ros/jazzy/share/ament_cmake/cmake)
[0.228s] -- Found rclcpp: 28.1.8 (/opt/ros/jazzy/share/rclcpp/cmake)
[0.247s] -- Found rosidl_generator_c: 4.6.5 (/opt/ros/jazzy/share/rosidl_generator_c/cmake)
[0.253s] -- Found rosidl_generator_cpp: 4.6.5 (/opt/ros/jazzy/share/rosidl_generator_cpp/cmake)
[0.260s] -- Using all available rosidl_typesupport_c: rosidl_typesupport_fastrtps_c;rosidl_typesupport_introspection_c
[0.269s] -- Using all available rosidl_typesupport_cpp: rosidl_typesupport_fastrtps_cpp;rosidl_typesupport_introspection_cpp
[0.313s] -- Found rmw_implementation_cmake: 7.3.2 (/opt/ros/jazzy/share/rmw_implementation_cmake/cmake)
[0.314s] -- Found rmw_fastrtps_cpp: 8.4.2 (/opt/ros/jazzy/share/rmw_fastrtps_cpp/cmake)
[0.383s] -- Using RMW implementation 'rmw_fastrtps_cpp' as default
[0.431s] -- Found std_msgs: 5.3.6 (/opt/ros/jazzy/share/std_msgs/cmake)
[0.441s] -- Found ament_lint_auto: 0.17.2 (/opt/ros/jazzy/share/ament_lint_auto/cmake)
[0.513s] -- Added test 'copyright' to check source files copyright and LICENSE
[0.537s] -- Added test 'cppcheck' to perform static code analysis on C / C++ code
[0.537s] -- Configured cppcheck include dirs: 
[0.537s] -- Configured cppcheck exclude dirs and/or files: 
[0.559s] -- Added test 'cpplint' to check C / C++ code against the Google style
[0.559s] -- Configured cpplint exclude dirs and/or files: 
[0.562s] -- Added test 'flake8' to check Python code syntax and style conventions
[0.562s] -- Configured 'flake8' exclude dirs and/or files: 
[0.568s] -- Added test 'lint_cmake' to check CMake code style
[0.571s] -- Added test 'pep257' to check Python code against some of the docstring style conventions in PEP 257
[0.594s] -- Added test 'uncrustify' to check C / C++ code style
[0.594s] -- Configured uncrustify additional arguments: 
[0.597s] -- Added test 'xmllint' to check XML markup files
[0.598s] -- Configuring done (0.6s)
[0.605s] -- Generating done (0.0s)
[0.607s] -- Build files have been written to: /home/zenyn/Thrust-Control/build/thrust_control
[0.657s] [ 25%] [32m[1mLinking CXX executable thrust_control[0m
[0.870s] [100%] Built target thrust_control
[0.880s] Invoked command in '/home/zenyn/Thrust-Control/build/thrust_control' returned '0': CMAKE_PREFIX_PATH=${CMAKE_PREFIX_PATH}:/opt/ros/jazzy /usr/bin/cmake --build /home/zenyn/Thrust-Control/build/thrust_control -- -j12 -l12
[0.889s] Invoking command in '/home/zenyn/Thrust-Control/build/thrust_control': CMAKE_PREFIX_PATH=${CMAKE_PREFIX_PATH}:/opt/ros/jazzy /usr/bin/cmake --install /home/zenyn/Thrust-Control/build/thrust_control
[0.896s] -- Install configuration: ""
[0.896s] -- Installing: /home/zenyn/Thrust-Control/install/thrust_control/lib/thrust_control/thrust_control
[0.900s] -- Set non-toolchain portion of runtime path of "/home/zenyn/Thrust-Control/install/thrust_control/lib/thrust_control/thrust_control" to ""
[0.900s] -- Installing: /home/zenyn/Thrust-Control/install/thrust_control/share/ament_index/resource_index/package_run_dependencies/thrust_control
[0.900s] -- Installing: /home/zenyn/Thrust-Control/install/thrust_control/share/ament_index/resource_index/parent_prefix_path/thrust_control
[0.901s] -- Installing: /home/zenyn/Thrust-Control/install/thrust_control/share/thrust_control/environment/ament_prefix_path.sh
[0.901s] -- Installing: /home/zenyn/Thrust-Control/install/thrust_control/share/thrust_control/environment/ament_prefix_path.dsv
[0.901s] -- Installing: /home/zenyn/Thrust-Control/install/thrust_control/share/thrust_control/environment/path.sh
[0.901s] -- Installing: /home/zenyn/Thrust-Control/install/thrust_control/share/thrust_control/environment/path.dsv
[0.901s] -- Installing: /home/zenyn/Thrust-Control/install/thrust_control/share/thrust_control/local_setup.bash
[0.901s] -- Installing: /home/zenyn/Thrust-Control/install/thrust_control/share/thrust_control/local_setup.sh
[0.902s] -- Installing: /home/zenyn/Thrust-Control/install/thrust_control/share/thrust_control/local_setup.zsh
[0.902s] -- Installing: /home/zenyn/Thrust-Control/install/thrust_control/share/thrust_control/local_setup.dsv
[0.902s] -- Installing: /home/zenyn/Thrust-Control/install/thrust_control/share/thrust_control/package.dsv
[0.902s] -- Installing: /home/zenyn/Thrust-Control/install/thrust_control/share/ament_index/resource_index/packages/thrust_control
[0.902s] -- Installing: /home/zenyn/Thrust-Control/install/thrust_control/share/thrust_control/cmake/ament_cmake_export_include_directories-extras.cmake
[0.902s] -- Installing: /home/zenyn/Thrust-Control/install/thrust_control/share/thrust_control/cmake/ament_cmake_export_dependencies-extras.cmake
[0.903s] -- Installing: /home/zenyn/Thrust-Control/install/thrust_control/share/thrust_control/cmake/thrust_controlConfig.cmake
[0.903s] -- Installing: /home/zenyn/Thrust-Control/install/thrust_control/share/thrust_control/cmake/thrust_controlConfig-version.cmake
[0.903s] -- Installing: /home/zenyn/Thrust-Control/install/thrust_control/share/thrust_control/package.xml
[0.904s] Invoked command in '/home/zenyn/Thrust-Control/build/thrust_control' returned '0': CMAKE_PREFIX_PATH=${CMAKE_PREFIX_PATH}:/opt/ros/jazzy /usr/bin/cmake --install /home/zenyn/Thrust-Control/build/thrust_control
