[0.075s] DEBUG:colcon:Command line arguments: ['/usr/bin/colcon', 'build']
[0.075s] DEBUG:colcon:Parsed command line arguments: Namespace(log_base=None, log_level=None, verb_name='build', build_base='build', install_base='install', merge_install=False, symlink_install=False, test_result_base=None, continue_on_error=False, executor='parallel', parallel_workers=12, event_handlers=None, ignore_user_meta=False, metas=['./colcon.meta'], base_paths=['.'], packages_ignore=None, packages_ignore_regex=None, paths=None, packages_up_to=None, packages_up_to_regex=None, packages_above=None, packages_above_and_dependencies=None, packages_above_depth=None, packages_select_by_dep=None, packages_skip_by_dep=None, packages_skip_up_to=None, packages_select_build_failed=False, packages_skip_build_finished=False, packages_select_test_failures=False, packages_skip_test_passed=False, packages_select=None, packages_skip=None, packages_select_regex=None, packages_skip_regex=None, packages_start=None, packages_end=None, allow_overriding=[], cmake_args=None, cmake_target=None, cmake_target_skip_unavailable=False, cmake_clean_cache=False, cmake_clean_first=False, cmake_force_configure=False, ament_cmake_args=None, catkin_cmake_args=None, catkin_skip_building_tests=False, mixin_files=None, mixin=None, verb_parser=<colcon_mixin.mixin.mixin_argument.MixinArgumentDecorator object at 0x71d18a982840>, verb_extension=<colcon_core.verb.build.BuildVerb object at 0x71d18a982510>, main=<bound method BuildVerb.main of <colcon_core.verb.build.BuildVerb object at 0x71d18a982510>>, mixin_verb=('build',))
[0.101s] Level 1:colcon.colcon_core.package_discovery:discover_packages(colcon_meta) check parameters
[0.101s] Level 1:colcon.colcon_core.package_discovery:discover_packages(recursive) check parameters
[0.101s] Level 1:colcon.colcon_core.package_discovery:discover_packages(ignore) check parameters
[0.101s] Level 1:colcon.colcon_core.package_discovery:discover_packages(path) check parameters
[0.101s] Level 1:colcon.colcon_core.package_discovery:discover_packages(colcon_meta) discover
[0.101s] Level 1:colcon.colcon_core.package_discovery:discover_packages(recursive) discover
[0.101s] INFO:colcon.colcon_core.package_discovery:Crawling recursively for packages in '/home/zenyn/Thrust-Control'
[0.101s] Level 1:colcon.colcon_core.package_identification:_identify(.) by extensions ['ignore', 'ignore_ament_install']
[0.101s] Level 1:colcon.colcon_core.package_identification:_identify(.) by extension 'ignore'
[0.101s] Level 1:colcon.colcon_core.package_identification:_identify(.) by extension 'ignore_ament_install'
[0.101s] Level 1:colcon.colcon_core.package_identification:_identify(.) by extensions ['colcon_pkg']
[0.102s] Level 1:colcon.colcon_core.package_identification:_identify(.) by extension 'colcon_pkg'
[0.102s] Level 1:colcon.colcon_core.package_identification:_identify(.) by extensions ['colcon_meta']
[0.102s] Level 1:colcon.colcon_core.package_identification:_identify(.) by extension 'colcon_meta'
[0.102s] Level 1:colcon.colcon_core.package_identification:_identify(.) by extensions ['ros']
[0.102s] Level 1:colcon.colcon_core.package_identification:_identify(.) by extension 'ros'
[0.121s] DEBUG:colcon.colcon_core.package_identification:Package '.' with type 'ros.ament_cmake' and name 'thrust_control'
[0.121s] Level 1:colcon.colcon_core.package_discovery:discover_packages(recursive) using defaults
[0.121s] Level 1:colcon.colcon_core.package_discovery:discover_packages(ignore) discover
[0.121s] Level 1:colcon.colcon_core.package_discovery:discover_packages(ignore) using defaults
[0.121s] Level 1:colcon.colcon_core.package_discovery:discover_packages(path) discover
[0.121s] Level 1:colcon.colcon_core.package_discovery:discover_packages(path) using defaults
[0.134s] Level 1:colcon.colcon_core.package_discovery:discover_packages(prefix_path) check parameters
[0.134s] Level 1:colcon.colcon_core.package_discovery:discover_packages(prefix_path) discover
[0.135s] DEBUG:colcon.colcon_installed_package_information.package_discovery:Found 285 installed packages in /opt/ros/jazzy
[0.136s] Level 1:colcon.colcon_core.package_discovery:discover_packages(prefix_path) using defaults
[0.160s] Level 5:colcon.colcon_core.verb:set package 'thrust_control' build argument 'cmake_args' from command line to 'None'
[0.160s] Level 5:colcon.colcon_core.verb:set package 'thrust_control' build argument 'cmake_target' from command line to 'None'
[0.160s] Level 5:colcon.colcon_core.verb:set package 'thrust_control' build argument 'cmake_target_skip_unavailable' from command line to 'False'
[0.160s] Level 5:colcon.colcon_core.verb:set package 'thrust_control' build argument 'cmake_clean_cache' from command line to 'False'
[0.160s] Level 5:colcon.colcon_core.verb:set package 'thrust_control' build argument 'cmake_clean_first' from command line to 'False'
[0.160s] Level 5:colcon.colcon_core.verb:set package 'thrust_control' build argument 'cmake_force_configure' from command line to 'False'
[0.160s] Level 5:colcon.colcon_core.verb:set package 'thrust_control' build argument 'ament_cmake_args' from command line to 'None'
[0.160s] Level 5:colcon.colcon_core.verb:set package 'thrust_control' build argument 'catkin_cmake_args' from command line to 'None'
[0.160s] Level 5:colcon.colcon_core.verb:set package 'thrust_control' build argument 'catkin_skip_building_tests' from command line to 'False'
[0.160s] DEBUG:colcon.colcon_core.verb:Building package 'thrust_control' with the following arguments: {'ament_cmake_args': None, 'build_base': '/home/zenyn/Thrust-Control/build/thrust_control', 'catkin_cmake_args': None, 'catkin_skip_building_tests': False, 'cmake_args': None, 'cmake_clean_cache': False, 'cmake_clean_first': False, 'cmake_force_configure': False, 'cmake_target': None, 'cmake_target_skip_unavailable': False, 'install_base': '/home/zenyn/Thrust-Control/install/thrust_control', 'merge_install': False, 'path': '/home/zenyn/Thrust-Control', 'symlink_install': False, 'test_result_base': None}
[0.160s] INFO:colcon.colcon_core.executor:Executing jobs using 'parallel' executor
[0.161s] DEBUG:colcon.colcon_parallel_executor.executor.parallel:run_until_complete
[0.161s] INFO:colcon.colcon_ros.task.ament_cmake.build:Building ROS package in '/home/zenyn/Thrust-Control' with build type 'ament_cmake'
[0.161s] INFO:colcon.colcon_cmake.task.cmake.build:Building CMake package in '/home/zenyn/Thrust-Control'
[0.163s] INFO:colcon.colcon_core.plugin_system:Skipping extension 'colcon_core.shell.bat': Not used on non-Windows systems
[0.163s] INFO:colcon.colcon_core.shell:Skip shell extension 'powershell' for command environment: Not usable outside of PowerShell
[0.163s] DEBUG:colcon.colcon_core.shell:Skip shell extension 'dsv' for command environment
[0.172s] DEBUG:colcon.colcon_core.event_handler.log_command:Invoking command in '/home/zenyn/Thrust-Control/build/thrust_control': CMAKE_PREFIX_PATH=${CMAKE_PREFIX_PATH}:/opt/ros/jazzy /usr/bin/cmake /home/zenyn/Thrust-Control -DCMAKE_INSTALL_PREFIX=/home/zenyn/Thrust-Control/install/thrust_control
[0.889s] DEBUG:colcon.colcon_core.event_handler.log_command:Invoked command in '/home/zenyn/Thrust-Control/build/thrust_control' returned '0': CMAKE_PREFIX_PATH=${CMAKE_PREFIX_PATH}:/opt/ros/jazzy /usr/bin/cmake /home/zenyn/Thrust-Control -DCMAKE_INSTALL_PREFIX=/home/zenyn/Thrust-Control/install/thrust_control
[0.891s] DEBUG:colcon.colcon_core.event_handler.log_command:Invoking command in '/home/zenyn/Thrust-Control/build/thrust_control': CMAKE_PREFIX_PATH=${CMAKE_PREFIX_PATH}:/opt/ros/jazzy /usr/bin/cmake --build /home/zenyn/Thrust-Control/build/thrust_control -- -j12 -l12
[6.336s] DEBUG:colcon.colcon_core.event_handler.log_command:Invoked command in '/home/zenyn/Thrust-Control/build/thrust_control' returned '0': CMAKE_PREFIX_PATH=${CMAKE_PREFIX_PATH}:/opt/ros/jazzy /usr/bin/cmake --build /home/zenyn/Thrust-Control/build/thrust_control -- -j12 -l12
[6.351s] DEBUG:colcon.colcon_core.event_handler.log_command:Invoking command in '/home/zenyn/Thrust-Control/build/thrust_control': CMAKE_PREFIX_PATH=${CMAKE_PREFIX_PATH}:/opt/ros/jazzy /usr/bin/cmake --install /home/zenyn/Thrust-Control/build/thrust_control
[6.370s] Level 1:colcon.colcon_core.environment:create_environment_scripts_only(thrust_control)
[6.370s] DEBUG:colcon.colcon_core.event_handler.log_command:Invoked command in '/home/zenyn/Thrust-Control/build/thrust_control' returned '0': CMAKE_PREFIX_PATH=${CMAKE_PREFIX_PATH}:/opt/ros/jazzy /usr/bin/cmake --install /home/zenyn/Thrust-Control/build/thrust_control
[6.373s] Level 1:colcon.colcon_core.environment:checking '/home/zenyn/Thrust-Control/install/thrust_control' for CMake module files
[6.374s] Level 1:colcon.colcon_core.environment:checking '/home/zenyn/Thrust-Control/install/thrust_control' for CMake config files
[6.374s] Level 1:colcon.colcon_core.shell:create_environment_hook('thrust_control', 'cmake_prefix_path')
[6.375s] INFO:colcon.colcon_core.shell:Creating environment hook '/home/zenyn/Thrust-Control/install/thrust_control/share/thrust_control/hook/cmake_prefix_path.ps1'
[6.376s] INFO:colcon.colcon_core.shell:Creating environment descriptor '/home/zenyn/Thrust-Control/install/thrust_control/share/thrust_control/hook/cmake_prefix_path.dsv'
[6.376s] INFO:colcon.colcon_core.shell:Creating environment hook '/home/zenyn/Thrust-Control/install/thrust_control/share/thrust_control/hook/cmake_prefix_path.sh'
[6.378s] Level 1:colcon.colcon_core.environment:checking '/home/zenyn/Thrust-Control/install/thrust_control/lib'
[6.378s] Level 1:colcon.colcon_core.environment:checking '/home/zenyn/Thrust-Control/install/thrust_control/bin'
[6.378s] Level 1:colcon.colcon_core.environment:checking '/home/zenyn/Thrust-Control/install/thrust_control/lib/pkgconfig/thrust_control.pc'
[6.378s] Level 1:colcon.colcon_core.environment:checking '/home/zenyn/Thrust-Control/install/thrust_control/lib/python3.12/site-packages'
[6.379s] Level 1:colcon.colcon_core.environment:checking '/home/zenyn/Thrust-Control/install/thrust_control/bin'
[6.379s] INFO:colcon.colcon_core.shell:Creating package script '/home/zenyn/Thrust-Control/install/thrust_control/share/thrust_control/package.ps1'
[6.380s] INFO:colcon.colcon_core.shell:Creating package descriptor '/home/zenyn/Thrust-Control/install/thrust_control/share/thrust_control/package.dsv'
[6.381s] INFO:colcon.colcon_core.shell:Creating package script '/home/zenyn/Thrust-Control/install/thrust_control/share/thrust_control/package.sh'
[6.381s] INFO:colcon.colcon_core.shell:Creating package script '/home/zenyn/Thrust-Control/install/thrust_control/share/thrust_control/package.bash'
[6.382s] INFO:colcon.colcon_core.shell:Creating package script '/home/zenyn/Thrust-Control/install/thrust_control/share/thrust_control/package.zsh'
[6.382s] Level 1:colcon.colcon_core.environment:create_file_with_runtime_dependencies(/home/zenyn/Thrust-Control/install/thrust_control/share/colcon-core/packages/thrust_control)
[6.383s] Level 1:colcon.colcon_core.environment:create_environment_scripts_only(thrust_control)
[6.383s] Level 1:colcon.colcon_core.environment:checking '/home/zenyn/Thrust-Control/install/thrust_control' for CMake module files
[6.384s] Level 1:colcon.colcon_core.environment:checking '/home/zenyn/Thrust-Control/install/thrust_control' for CMake config files
[6.384s] Level 1:colcon.colcon_core.shell:create_environment_hook('thrust_control', 'cmake_prefix_path')
[6.384s] INFO:colcon.colcon_core.shell:Creating environment hook '/home/zenyn/Thrust-Control/install/thrust_control/share/thrust_control/hook/cmake_prefix_path.ps1'
[6.385s] INFO:colcon.colcon_core.shell:Creating environment descriptor '/home/zenyn/Thrust-Control/install/thrust_control/share/thrust_control/hook/cmake_prefix_path.dsv'
[6.385s] INFO:colcon.colcon_core.shell:Creating environment hook '/home/zenyn/Thrust-Control/install/thrust_control/share/thrust_control/hook/cmake_prefix_path.sh'
[6.386s] Level 1:colcon.colcon_core.environment:checking '/home/zenyn/Thrust-Control/install/thrust_control/lib'
[6.386s] Level 1:colcon.colcon_core.environment:checking '/home/zenyn/Thrust-Control/install/thrust_control/bin'
[6.386s] Level 1:colcon.colcon_core.environment:checking '/home/zenyn/Thrust-Control/install/thrust_control/lib/pkgconfig/thrust_control.pc'
[6.386s] Level 1:colcon.colcon_core.environment:checking '/home/zenyn/Thrust-Control/install/thrust_control/lib/python3.12/site-packages'
[6.386s] Level 1:colcon.colcon_core.environment:checking '/home/zenyn/Thrust-Control/install/thrust_control/bin'
[6.386s] INFO:colcon.colcon_core.shell:Creating package script '/home/zenyn/Thrust-Control/install/thrust_control/share/thrust_control/package.ps1'
[6.387s] INFO:colcon.colcon_core.shell:Creating package descriptor '/home/zenyn/Thrust-Control/install/thrust_control/share/thrust_control/package.dsv'
[6.387s] INFO:colcon.colcon_core.shell:Creating package script '/home/zenyn/Thrust-Control/install/thrust_control/share/thrust_control/package.sh'
[6.387s] INFO:colcon.colcon_core.shell:Creating package script '/home/zenyn/Thrust-Control/install/thrust_control/share/thrust_control/package.bash'
[6.388s] INFO:colcon.colcon_core.shell:Creating package script '/home/zenyn/Thrust-Control/install/thrust_control/share/thrust_control/package.zsh'
[6.388s] Level 1:colcon.colcon_core.environment:create_file_with_runtime_dependencies(/home/zenyn/Thrust-Control/install/thrust_control/share/colcon-core/packages/thrust_control)
[6.388s] DEBUG:colcon.colcon_parallel_executor.executor.parallel:closing loop
[6.389s] DEBUG:colcon.colcon_parallel_executor.executor.parallel:loop closed
[6.389s] DEBUG:colcon.colcon_parallel_executor.executor.parallel:run_until_complete finished with '0'
[6.389s] DEBUG:colcon.colcon_core.event_reactor:joining thread
[6.393s] INFO:colcon.colcon_core.plugin_system:Skipping extension 'colcon_notification.desktop_notification.terminal_notifier': Not used on non-Darwin systems
[6.394s] INFO:colcon.colcon_core.plugin_system:Skipping extension 'colcon_notification.desktop_notification.win32': Not used on non-Windows systems
[6.394s] INFO:colcon.colcon_notification.desktop_notification:Sending desktop notification using 'notify2'
[6.401s] DEBUG:colcon.colcon_core.event_reactor:joined thread
[6.401s] INFO:colcon.colcon_core.shell:Creating prefix script '/home/zenyn/Thrust-Control/install/local_setup.ps1'
[6.402s] INFO:colcon.colcon_core.shell:Creating prefix util module '/home/zenyn/Thrust-Control/install/_local_setup_util_ps1.py'
[6.404s] INFO:colcon.colcon_core.shell:Creating prefix chain script '/home/zenyn/Thrust-Control/install/setup.ps1'
[6.405s] INFO:colcon.colcon_core.shell:Creating prefix script '/home/zenyn/Thrust-Control/install/local_setup.sh'
[6.405s] INFO:colcon.colcon_core.shell:Creating prefix util module '/home/zenyn/Thrust-Control/install/_local_setup_util_sh.py'
[6.406s] INFO:colcon.colcon_core.shell:Creating prefix chain script '/home/zenyn/Thrust-Control/install/setup.sh'
[6.407s] INFO:colcon.colcon_core.shell:Creating prefix script '/home/zenyn/Thrust-Control/install/local_setup.bash'
[6.407s] INFO:colcon.colcon_core.shell:Creating prefix chain script '/home/zenyn/Thrust-Control/install/setup.bash'
[6.408s] INFO:colcon.colcon_core.shell:Creating prefix script '/home/zenyn/Thrust-Control/install/local_setup.zsh'
[6.408s] INFO:colcon.colcon_core.shell:Creating prefix chain script '/home/zenyn/Thrust-Control/install/setup.zsh'
